# Server version 0.08 running on nosferatu:8123
# Game ID: 90
# Board class: Saboteur.SaboteurBoard
# Timeout: 20000
# First Move Timeout: 30000
# Date: Sun Apr 26 16:40:41 EDT 2020
# Player 1: Player-0, 'RandomPlayer', running on nosferatu
# Player 2: Player-1, 'Filippo', running on nosferatu
START Player-0 RandomPlayer
START Player-1 Filippo
BoardInit:Tile:5,Tile:14,Map,Tile:10,Tile:3,Tile:11,Tile:6,Tile:8,Tile:0,Tile:9,Tile:0,Tile:0,Tile:10,Tile:7,Bonus,Tile:9,Destroy,Tile:10,Bonus,Tile:7,Bonus,Tile:9,Tile:9,Tile:6,Tile:8,Map,Tile:7,Tile:7,Destroy,Tile:9,Tile:0,Tile:15,Tile:7,Map,Tile:6,Tile:5,Tile:8,Tile:13,Tile:1,Map,Tile:6-Tile:5,Map,Bonus,Malus,Tile:4,Tile:12,Tile:8-Tile:8,Map,Tile:5,Tile:2,Malus,Tile:6,Destroy-Tile:nugget,Tile:hidden2,Tile:hidden1
Map 12 3 1
Tile:6 4 5 0
Malus 0 0 1
Drop 1 0 0
Drop 2 0 1
Drop 0 0 0
Drop 2 0 1
Drop 5 0 0
Drop 4 0 1
Drop 0 0 0
Drop 4 0 1
Drop 4 0 0
Tile:5 5 4 1
Drop 4 0 0
Tile:8 6 4 1
Destroy 5 4 0
Tile:5 5 4 1
Drop 1 0 0
Tile:6 7 4 1
Drop 3 0 0
Tile:0 8 4 1
Drop 2 0 0
Tile:0 9 4 1
Drop 0 0 0
Destroy 4 5 1
Drop 2 0 0
Tile:9_flip 10 4 1
Drop 3 0 0
Tile:8 10 3 1
Drop 4 0 0
Tile:7 11 3 1
Map 12 3 0
Destroy 11 3 1
Drop 6 0 0
Tile:0 11 3 1
GAMEOVER WINNER 1
# Game ended: Sun Apr 26 16:40:41 EDT 2020
