# Server version 0.08 running on nosferatu:8123
# Game ID: 55
# Board class: Saboteur.SaboteurBoard
# Timeout: 20000
# First Move Timeout: 30000
# Date: Sun Apr 26 16:35:04 EDT 2020
# Player 1: Player-0, 'Filippo', running on nosferatu
# Player 2: Player-1, 'RandomPlayer', running on nosferatu
START Player-0 Filippo
START Player-1 RandomPlayer
BoardInit:Tile:9,Malus,Bonus,Tile:6,Map,Tile:12,Map,Tile:8,Map,Destroy,Tile:9,Tile:9,Tile:11,Destroy,Tile:0,Tile:7,Tile:5,Tile:5,Tile:6,Map,Tile:0,Tile:8,Tile:5,Tile:7,Tile:4,Tile:10,Malus,Tile:9,Tile:7,Tile:8,Bonus,Tile:14,Tile:10,Tile:10,Tile:1,Tile:2,Tile:6,Tile:7,Tile:7,Tile:13,Tile:0-Bonus,Tile:8,Tile:15,Tile:3,Tile:5,Map,Tile:6-Tile:9,Destroy,Bonus,Tile:8,Map,Tile:0,Tile:6-Tile:hidden2,Tile:nugget,Tile:hidden1
Tile:5 5 4 1
Map 12 3 0
Tile:6_flip 6 5 1
Malus 0 0 0
Drop 6 0 1
Destroy 5 4 0
Map 12 5 1
Drop 6 0 0
Map 12 3 1
Tile:8 7 5 0
Map 12 3 1
Tile:0 8 5 0
Drop 6 0 1
Tile:6 9 5 0
Map 12 5 1
Tile:6 10 5 0
Drop 1 0 1
Tile:8 11 5 0
GAMEOVER WINNER 0
# Game ended: Sun Apr 26 16:35:05 EDT 2020
