# Server version 0.08 running on nosferatu:8123
# Game ID: 78
# Board class: Saboteur.SaboteurBoard
# Timeout: 20000
# First Move Timeout: 30000
# Date: Sun Apr 26 16:39:55 EDT 2020
# Player 1: Player-0, 'RandomPlayer', running on nosferatu
# Player 2: Player-1, 'Filippo', running on nosferatu
START Player-0 RandomPlayer
START Player-1 Filippo
BoardInit:Tile:5,Bonus,Tile:10,Tile:8,Tile:5,Tile:5,Tile:15,Tile:0,Tile:9,Tile:6,Malus,Tile:7,Map,Tile:11,Tile:9,Malus,Tile:9,Tile:13,Tile:7,Tile:10,Tile:8,Tile:8,Tile:7,Tile:1,Tile:6,Tile:4,Tile:3,Bonus,Tile:0,Tile:6,Map,Tile:8,Tile:8,Tile:10,Bonus,Tile:12,Destroy,Map,Map,Tile:5,Map-Tile:6,Tile:14,Tile:9,Destroy,Destroy,Tile:2,Map-Bonus,Tile:0,Tile:6,Tile:7,Tile:0,Tile:9,Tile:7-Tile:nugget,Tile:hidden2,Tile:hidden1
Map 12 3 1
Tile:7 5 4 0
Drop 1 0 1
Tile:0 6 5 0
Drop 4 0 1
Tile:6_flip 4 5 0
Tile:6 7 5 1
Tile:5 7 4 0
Drop 6 0 1
Tile:9_flip 8 5 0
Tile:9_flip 8 4 1
Drop 1 0 0
Malus 0 0 1
Drop 3 0 0
Drop 6 0 1
Drop 2 0 0
Tile:5 8 3 1
Drop 6 0 0
Destroy 4 5 1
Drop 3 0 0
Destroy 5 4 1
Drop 2 0 0
Tile:8 9 3 1
Drop 3 0 0
Tile:5_flip 10 3 1
Drop 5 0 0
Tile:9 10 2 1
Drop 0 0 0
Drop 6 0 1
Drop 6 0 0
Tile:9_flip 11 2 1
Drop 0 0 0
Tile:9 11 3 1
GAMEOVER WINNER 1
# Game ended: Sun Apr 26 16:39:57 EDT 2020
