# Server version 0.08 running on nosferatu:8123
# Game ID: 49
# Board class: Saboteur.SaboteurBoard
# Timeout: 20000
# First Move Timeout: 30000
# Date: Sun Apr 26 16:34:37 EDT 2020
# Player 1: Player-0, 'Filippo', running on nosferatu
# Player 2: Player-1, 'RandomPlayer', running on nosferatu
START Player-0 Filippo
START Player-1 RandomPlayer
BoardInit:Map,Bonus,Destroy,Tile:10,Malus,Tile:7,Tile:5,Tile:9,Tile:9,Map,Tile:4,Tile:0,Tile:0,Tile:7,Tile:8,Destroy,Tile:9,Map,Tile:2,Tile:6,Tile:6,Map,Tile:9,Tile:8,Tile:6,Tile:7,Destroy,Tile:8,Tile:5,Tile:11,Tile:5,Tile:15,Malus,Tile:6,Tile:7,Map,Tile:8,Tile:12,Bonus,Map,Tile:13-Tile:3,Bonus,Tile:14,Tile:0,Tile:9,Tile:5,Tile:6-Tile:7,Tile:1,Bonus,Tile:10,Tile:0,Tile:10,Tile:8-Tile:hidden1,Tile:hidden2,Tile:nugget
Tile:5_flip 6 5 1
Drop 1 0 0
Tile:6 4 5 1
Tile:10 6 4 0
Tile:3 6 3 1
Tile:7_flip 5 6 0
Destroy 4 5 1
Tile:0 6 6 0
Tile:9 4 5 1
Tile:8 7 6 0
Drop 0 0 1
Map 12 3 0
Tile:4 5 4 1
Tile:7 8 6 0
Tile:9_flip 4 4 1
Tile:9 8 7 0
Tile:14 4 6 1
Destroy 6 3 0
Tile:0 3 4 1
Drop 6 0 0
Tile:2_flip 3 6 1
Tile:0 9 7 0
Drop 1 0 1
Drop 6 0 0
Tile:9 8 8 1
Tile:6 10 7 0
Tile:0 2 6 1
Tile:8 11 7 0
GAMEOVER WINNER 0
# Game ended: Sun Apr 26 16:34:38 EDT 2020
