# Server version 0.08 running on nosferatu:8123
# Game ID: 85
# Board class: Saboteur.SaboteurBoard
# Timeout: 20000
# First Move Timeout: 30000
# Date: Sun Apr 26 16:40:25 EDT 2020
# Player 1: Player-0, 'Filippo', running on nosferatu
# Player 2: Player-1, 'RandomPlayer', running on nosferatu
START Player-0 Filippo
START Player-1 RandomPlayer
BoardInit:Tile:9,Bonus,Tile:13,Destroy,Tile:8,Map,Tile:6,Tile:3,Tile:10,Tile:0,Tile:7,Tile:6,Tile:7,Tile:12,Tile:6,Tile:5,Map,Tile:10,Destroy,Tile:5,Tile:7,Tile:9,Tile:8,Tile:7,Tile:0,Tile:6,Tile:11,Map,Map,Map,Tile:5,Tile:7,Malus,Tile:1,Tile:8,Bonus,Tile:10,Bonus,Tile:0,Destroy,Tile:9-Tile:15,Tile:5,Tile:2,Tile:8,Tile:14,Tile:8,Tile:9-Malus,Tile:4,Tile:0,Tile:9,Tile:6,Map,Bonus-Tile:nugget,Tile:hidden1,Tile:hidden2
Tile:2_flip 5 6 1
Malus 0 0 0
Drop 1 0 1
Map 12 3 0
Drop 4 0 1
Drop 0 0 0
Drop 5 0 1
Drop 6 0 0
Drop 1 0 1
Drop 6 0 0
Drop 4 0 1
Destroy 5 6 0
Drop 0 0 1
Tile:0 4 5 0
Drop 0 0 1
Drop 6 0 0
Drop 5 0 1
Tile:9 5 4 0
Drop 3 0 1
Tile:6 6 4 0
Destroy 4 5 1
Tile:0 7 4 0
Map 12 7 1
Tile:6 8 4 0
Drop 2 0 1
Tile:5 8 3 0
Drop 0 0 1
Tile:6 9 3 0
Drop 5 0 1
Drop 6 0 0
Map 12 3 1
Drop 6 0 0
Drop 6 0 1
Tile:5_flip 10 3 0
Drop 0 0 1
Drop 6 0 0
Drop 4 0 1
Tile:9 10 2 0
Drop 0 0 1
Tile:7 11 2 0
Drop 4 0 1
Tile:7_flip 11 3 0
GAMEOVER WINNER 0
# Game ended: Sun Apr 26 16:40:26 EDT 2020
