# Server version 0.08 running on nosferatu:8123
# Game ID: 128
# Board class: Saboteur.SaboteurBoard
# Timeout: 20000
# First Move Timeout: 30000
# Date: Sun Apr 26 17:22:46 EDT 2020
# Player 1: Player-0, 'SaboteurAI', running on nosferatu
# Player 2: Player-1, 'RandomPlayer', running on nosferatu
START Player-0 SaboteurAI
START Player-1 RandomPlayer
BoardInit:Tile:9,Map,Malus,Tile:6,Tile:0,Tile:0,Tile:15,Tile:4,Tile:8,Tile:6,Tile:14,Map,Map,Malus,Tile:9,Tile:7,Tile:7,Tile:8,Tile:9,Tile:9,Tile:5,Tile:6,Bonus,Destroy,Map,Tile:7,Tile:10,Tile:8,Tile:12,Map,Tile:10,Tile:1,Map,Destroy,Bonus,Tile:7,Bonus,Tile:11,Tile:8,Tile:13,Destroy-Tile:5,Tile:6,Tile:3,Tile:10,Tile:0,Tile:6,Tile:2-Tile:9,Bonus,Tile:8,Tile:5,Tile:7,Tile:5,Tile:0-Tile:hidden1,Tile:hidden2,Tile:nugget
Tile:6_flip 4 5 1
Tile:8 6 5 0
Tile:2 3 5 1
Map 12 3 0
Tile:3_flip 3 6 1
Tile:0 7 5 0
Drop 6 0 1
Tile:6 8 5 0
Drop 0 0 1
Drop 6 0 0
Tile:9_flip 4 6 1
Tile:0 9 5 0
Tile:14_flip 2 5 1
Drop 6 0 0
Tile:8 8 4 1
Malus 0 0 0
Drop 0 0 1
Tile:6 10 5 0
Map 12 7 1
Tile:8 11 5 0
Drop 2 0 1
Tile:5_flip 12 6 0
Drop 0 0 1
Tile:9_flip 8 3 0
Drop 5 0 1
Tile:5_flip 9 4 0
Drop 3 0 1
Tile:6_flip 12 4 0
Drop 4 0 1
Tile:7_flip 7 4 0
Drop 4 0 1
Tile:9 6 6 0
Drop 6 0 1
Tile:7 5 4 0
Drop 4 0 1
Tile:8 13 4 0
Drop 2 0 1
Tile:7_flip 4 4 0
Bonus 0 0 1
Destroy 11 5 0
Map 12 7 1
Drop 1 0 0
Destroy 5 4 1
Drop 1 0 0
Tile:9_flip 5 4 1
Drop 3 0 0
Tile:6_flip 7 6 1
Drop 3 0 0
Tile:15 2 6 1
Destroy 4 5 0
Tile:8 4 7 1
Tile:7 8 6 0
Drop 1 0 1
Drop 0 0 0
Tile:12_flip 3 7 1
GAMEOVER DRAW
# Game ended: Sun Apr 26 17:22:50 EDT 2020
