# Server version 0.08 running on nosferatu:8123
# Game ID: 125
# Board class: Saboteur.SaboteurBoard
# Timeout: 20000
# First Move Timeout: 30000
# Date: Sun Apr 26 17:22:28 EDT 2020
# Player 1: Player-0, 'RandomPlayer', running on nosferatu
# Player 2: Player-1, 'SaboteurAI', running on nosferatu
START Player-0 RandomPlayer
START Player-1 SaboteurAI
BoardInit:Tile:4,Bonus,Tile:7,Tile:0,Malus,Tile:8,Map,Tile:6,Tile:11,Map,Tile:9,Tile:7,Tile:9,Map,Tile:10,Bonus,Map,Tile:10,Tile:7,Bonus,Tile:13,Tile:0,Destroy,Destroy,Tile:8,Tile:9,Tile:6,Bonus,Tile:15,Map,Tile:6,Tile:12,Tile:5,Tile:9,Tile:2,Tile:5,Tile:7,Tile:5,Tile:0,Destroy,Tile:1-Tile:10,Tile:8,Tile:6,Tile:6,Tile:8,Tile:5,Tile:8-Tile:9,Map,Malus,Tile:0,Tile:14,Tile:7,Tile:3-Tile:hidden1,Tile:hidden2,Tile:nugget
Tile:6_flip 5 4 1
Tile:14 6 5 0
Drop 6 0 1
Tile:9 5 6 0
Tile:8 6 4 1
Tile:0 6 6 0
Malus 0 0 1
Map 12 5 0
Map 12 3 1
Drop 0 0 0
Drop 6 0 1
Drop 1 0 0
Tile:6 7 4 1
Drop 6 0 0
Tile:8 8 4 1
Bonus 0 0 0
Tile:8 8 5 1
Map 12 7 0
Drop 6 0 1
Tile:6_flip 7 3 0
Tile:5_flip 9 4 1
Tile:7 7 6 0
Drop 6 0 1
Tile:10 5 7 0
Destroy 6 5 1
Tile:8 5 8 0
Tile:7 9 5 1
Tile:9_flip 9 3 0
Tile:10 9 6 1
Drop 5 0 0
Drop 6 0 1
Tile:0 7 5 0
Tile:9 9 7 1
Tile:0 4 4 0
Tile:8 10 7 1
Drop 4 0 0
Tile:6 11 7 1
GAMEOVER WINNER 1
# Game ended: Sun Apr 26 17:22:36 EDT 2020
