# Server version 0.08 running on nosferatu:8123
# Game ID: 158
# Board class: Saboteur.SaboteurBoard
# Timeout: 20000
# First Move Timeout: 30000
# Date: Sun Apr 26 23:27:07 EDT 2020
# Player 1: Player-0, 'SaboteurAI', running on nosferatu
# Player 2: Player-1, 'RandomPlayer', running on nosferatu
START Player-0 SaboteurAI
START Player-1 RandomPlayer
BoardInit:Bonus,Tile:10,Tile:3,Tile:0,Destroy,Tile:9,Tile:5,Tile:7,Tile:8,Malus,Tile:4,Tile:10,Tile:0,Tile:9,Tile:5,Tile:1,Map,Destroy,Bonus,Tile:0,Tile:7,Destroy,Tile:2,Tile:7,Tile:7,Tile:8,Map,Map,Tile:7,Tile:9,Tile:8,Tile:5,Tile:15,Tile:10,Tile:6,Malus,Tile:0,Tile:9,Bonus,Tile:6,Map-Tile:6,Tile:8,Tile:13,Bonus,Tile:11,Tile:5,Tile:14-Map,Tile:6,Tile:12,Tile:9,Tile:6,Map,Tile:8-Tile:nugget,Tile:hidden1,Tile:hidden2
Tile:13 5 4 1
Map 12 3 0
Tile:6 4 4 1
Drop 1 0 0
Tile:3_flip 3 4 1
Drop 3 0 0
Tile:5 5 3 1
Tile:10 5 6 0
Tile:11_flip 6 4 1
Tile:6 6 5 0
Drop 1 0 1
Malus 0 0 0
Destroy 4 4 1
Tile:9_flip 3 3 0
Drop 5 0 1
Tile:6 4 4 0
Drop 1 0 1
Drop 6 0 0
Map 12 7 1
Destroy 5 4 0
Drop 4 0 1
Tile:8 7 5 0
Drop 5 0 1
Destroy 6 4 0
Drop 5 0 1
Tile:0 8 5 0
Drop 0 0 1
Tile:9_flip 9 5 0
Drop 6 0 1
Drop 6 0 0
Drop 1 0 1
Tile:10 9 4 0
Drop 4 0 1
Tile:9 9 3 0
Drop 0 0 1
Tile:0 10 3 0
Drop 3 0 1
Tile:8 11 3 0
GAMEOVER WINNER 0
# Game ended: Sun Apr 26 23:27:11 EDT 2020
