# Server version 0.08 running on nosferatu:8123
# Game ID: 34
# Board class: Saboteur.SaboteurBoard
# Timeout: 20000
# First Move Timeout: 30000
# Date: Sun Apr 26 16:32:53 EDT 2020
# Player 1: Player-0, 'Filippo', running on nosferatu
# Player 2: Player-1, 'RandomPlayer', running on nosferatu
START Player-0 Filippo
START Player-1 RandomPlayer
BoardInit:Tile:7,Tile:10,Tile:7,Tile:3,Tile:9,Tile:6,Tile:8,Tile:10,Tile:13,Tile:0,Tile:1,Tile:9,Bonus,Tile:12,Tile:6,Tile:7,Tile:2,Map,Tile:6,Tile:6,Tile:0,Tile:9,Tile:5,Tile:11,Tile:5,Map,Map,Tile:9,Tile:9,Tile:10,Tile:0,Map,Tile:6,Bonus,Tile:0,Destroy,Tile:8,Tile:14,Destroy,Map,Tile:7-Tile:5,Tile:8,Destroy,Tile:5,Bonus,Tile:8,Bonus-Malus,Map,Tile:8,Tile:7,Tile:4,Malus,Tile:15-Tile:hidden2,Tile:nugget,Tile:hidden1
Tile:5_flip 6 5 1
Malus 0 0 0
Destroy 6 5 1
Map 12 3 0
Drop 0 0 1
Malus 0 0 0
Drop 5 0 1
Drop 2 0 0
Drop 0 0 1
Drop 2 0 0
Drop 4 0 1
Drop 3 0 0
Drop 3 0 1
Tile:0 4 5 0
Bonus 0 0 1
Drop 6 0 0
Drop 6 0 1
Tile:8 6 5 0
Drop 2 0 1
Drop 6 0 0
Drop 4 0 1
Tile:6 7 5 0
Drop 3 0 1
Tile:6 8 5 0
Drop 5 0 1
Drop 6 0 0
Drop 0 0 1
Drop 6 0 0
Drop 6 0 1
Tile:7 9 5 0
Drop 1 0 1
Tile:10 9 6 0
Drop 4 0 1
Drop 6 0 0
Drop 0 0 1
Tile:9 9 7 0
Drop 3 0 1
Destroy 4 5 0
Drop 6 0 1
Drop 6 0 0
Drop 0 0 1
Drop 6 0 0
Drop 6 0 1
Tile:7 10 7 0
Destroy 6 5 1
Tile:10 5 6 0
Drop 2 0 1
Tile:9 5 7 0
Drop 0 0 1
Tile:9 7 4 0
Drop 0 0 1
Tile:10 10 8 0
Drop 1 0 1
Drop 0 0 0
Drop 0 0 1
GAMEOVER DRAW
# Game ended: Sun Apr 26 16:32:55 EDT 2020
