# Server version 0.08 running on nosferatu:8123
# Game ID: 122
# Board class: Saboteur.SaboteurBoard
# Timeout: 20000
# First Move Timeout: 30000
# Date: Sun Apr 26 17:22:14 EDT 2020
# Player 1: Player-0, 'SaboteurAI', running on nosferatu
# Player 2: Player-1, 'RandomPlayer', running on nosferatu
START Player-0 SaboteurAI
START Player-1 RandomPlayer
BoardInit:Malus,Destroy,Tile:10,Map,Tile:15,Tile:9,Tile:7,Tile:12,Tile:5,Tile:9,Tile:6,Bonus,Map,Tile:8,Tile:0,Tile:5,Map,Tile:4,Tile:8,Tile:11,Tile:6,Tile:1,Map,Tile:8,Tile:6,Bonus,Tile:0,Tile:6,Tile:14,Tile:10,Bonus,Tile:5,Map,Destroy,Tile:7,Tile:7,Tile:9,Tile:6,Tile:0,Tile:9,Map-Malus,Tile:3,Tile:7,Tile:2,Tile:13,Tile:7,Destroy-Tile:5,Tile:10,Bonus,Tile:8,Tile:8,Tile:9,Tile:0-Tile:hidden2,Tile:hidden1,Tile:nugget
Tile:2 6 5 1
Tile:8 4 5 0
Tile:13 7 5 1
Destroy 6 5 0
Drop 1 0 1
Map 12 3 0
Tile:7_flip 5 6 1
Tile:8 6 6 0
Drop 2 0 1
Drop 6 0 0
Tile:15 4 4 1
Tile:9 6 7 0
Tile:7_flip 3 5 1
Tile:0 7 7 0
Tile:6 7 6 1
Tile:8 8 7 0
Tile:10 5 4 1
Tile:5_flip 9 7 0
Map 12 3 1
Drop 6 0 0
Drop 4 0 1
Drop 6 0 0
Tile:7 9 6 1
Drop 6 0 0
Tile:5_flip 4 6 1
Tile:9_flip 8 5 0
Tile:8 8 8 1
Tile:10 8 4 0
Tile:6 6 8 1
Tile:8 8 6 0
Tile:0 7 8 1
Tile:6_flip 9 8 0
Tile:6_flip 8 3 1
Tile:9_flip 10 8 0
Map 12 5 1
Destroy 7 5 0
Tile:14_flip 3 6 1
Tile:5 10 7 0
Tile:9_flip 9 3 1
Tile:6 11 7 0
GAMEOVER WINNER 0
# Game ended: Sun Apr 26 17:22:18 EDT 2020
