# Server version 0.08 running on nosferatu:8123
# Game ID: 110
# Board class: Saboteur.SaboteurBoard
# Timeout: 20000
# First Move Timeout: 30000
# Date: Sun Apr 26 17:20:43 EDT 2020
# Player 1: Player-0, 'RandomPlayer', running on nosferatu
# Player 2: Player-1, 'SaboteurAI', running on nosferatu
START Player-0 RandomPlayer
START Player-1 SaboteurAI
BoardInit:Tile:10,Tile:7,Map,Map,Tile:6,Tile:8,Tile:9,Tile:6,Tile:5,Tile:13,Bonus,Tile:12,Tile:0,Tile:8,Tile:15,Destroy,Tile:10,Map,Tile:6,Malus,Tile:6,Map,Tile:3,Tile:9,Tile:4,Tile:7,Tile:10,Bonus,Tile:6,Destroy,Tile:5,Tile:8,Tile:8,Tile:9,Tile:0,Tile:1,Tile:7,Tile:5,Tile:0,Map,Tile:9-Tile:2,Bonus,Bonus,Tile:0,Tile:14,Malus,Tile:7-Tile:9,Tile:7,Destroy,Tile:5,Tile:8,Map,Tile:11-Tile:hidden2,Tile:hidden1,Tile:nugget
Malus 0 0 1
Map 12 3 0
Drop 0 0 1
Drop 1 0 0
Map 12 3 1
Drop 2 0 0
Drop 3 0 1
Map 12 5 0
Tile:10 5 6 1
Drop 5 0 0
Tile:0 6 5 1
Drop 4 0 0
Tile:6 7 5 1
Drop 4 0 0
Tile:0 8 5 1
Destroy 7 5 0
Drop 6 0 1
Destroy 8 5 0
Tile:7 7 5 1
Drop 3 0 0
Tile:9 7 6 1
Drop 6 0 0
Tile:5_flip 8 6 1
Drop 1 0 0
Drop 6 0 1
Map 12 7 0
Drop 6 0 1
Drop 3 0 0
Tile:10 8 5 1
Drop 6 0 0
Tile:6 7 7 1
Destroy 7 7 0
Tile:6 7 7 1
Map 12 3 0
Tile:6_flip 8 7 1
Drop 3 0 0
Tile:8 9 7 1
Drop 3 0 0
Tile:0 10 7 1
Drop 6 0 0
Tile:0 11 7 1
GAMEOVER WINNER 1
# Game ended: Sun Apr 26 17:20:44 EDT 2020
