# Server version 0.08 running on nosferatu:8123
# Game ID: 74
# Board class: Saboteur.SaboteurBoard
# Timeout: 20000
# First Move Timeout: 30000
# Date: Sun Apr 26 16:38:32 EDT 2020
# Player 1: Player-0, 'Filippo', running on nosferatu
# Player 2: Player-1, 'RandomPlayer', running on nosferatu
START Player-0 Filippo
START Player-1 RandomPlayer
BoardInit:Tile:7,Tile:0,Destroy,Tile:7,Map,Map,Tile:0,Tile:6,Map,Tile:6,Tile:7,Tile:6,Map,Tile:13,Bonus,Tile:14,Map,Tile:5,Tile:7,Tile:4,Bonus,Map,Tile:9,Tile:8,Tile:11,Tile:10,Destroy,Tile:10,Tile:1,Tile:8,Tile:12,Tile:3,Tile:8,Malus,Tile:0,Destroy,Tile:7,Tile:6,Bonus,Tile:8,Tile:9-Tile:2,Tile:6,Tile:5,Tile:0,Tile:15,Tile:5,Bonus-Tile:9,Tile:9,Tile:10,Tile:5,Tile:8,Malus,Tile:9-Tile:hidden1,Tile:hidden2,Tile:nugget
Tile:5 5 4 1
Malus 0 0 0
Drop 1 0 1
Tile:8 6 5 0
Drop 2 0 1
Tile:0 7 5 0
Map 12 5 1
Map 12 3 0
Destroy 6 5 1
Tile:9_flip 8 5 0
Drop 1 0 1
Tile:9 8 4 0
Drop 6 0 1
Tile:5_flip 9 4 0
Bonus 0 0 1
Drop 6 0 0
Tile:5_flip 8 6 1
Drop 6 0 0
Tile:2 7 6 1
Tile:6 6 4 0
Tile:7 9 3 1
Drop 6 0 0
Drop 1 0 1
Drop 6 0 0
Tile:9 6 6 1
Tile:10 6 7 0
Tile:11 7 7 1
Tile:9 6 8 0
Map 12 7 1
Tile:7 8 7 0
Tile:0 4 5 1
Tile:5_flip 7 4 0
Destroy 7 4 1
Drop 6 0 0
Tile:8 7 8 1
Malus 0 0 0
Drop 0 0 1
Destroy 8 4 0
Map 12 7 1
Tile:6 7 4 0
Drop 4 0 1
Tile:6 8 3 0
Bonus 0 0 1
Tile:8 6 9 0
Tile:9_flip 6 3 1
Tile:6_flip 8 4 0
Tile:12_flip 5 3 1
Tile:10 5 6 0
Tile:7 6 2 1
Tile:10 5 7 0
Tile:1 3 5 1
Tile:8 8 2 0
Tile:7_flip 6 10 1
Tile:8 8 1 0
Drop 0 0 1
GAMEOVER DRAW
# Game ended: Sun Apr 26 16:38:36 EDT 2020
