# Server version 0.08 running on nosferatu:8123
# Game ID: 144
# Board class: Saboteur.SaboteurBoard
# Timeout: 20000
# First Move Timeout: 30000
# Date: Sun Apr 26 22:03:23 EDT 2020
# Player 1: Player-0, 'RandomPlayer', running on nosferatu
# Player 2: Player-1, 'SaboteurAI', running on nosferatu
START Player-0 RandomPlayer
START Player-1 SaboteurAI
BoardInit:Tile:0,Tile:7,Tile:5,Map,Tile:7,Bonus,Tile:10,Destroy,Tile:5,Tile:6,Tile:9,Tile:9,Tile:2,Bonus,Tile:14,Tile:6,Tile:12,Destroy,Tile:7,Tile:9,Bonus,Tile:8,Tile:8,Tile:0,Tile:7,Tile:3,Malus,Tile:11,Tile:15,Tile:5,Tile:6,Map,Malus,Tile:6,Map,Map,Tile:13,Tile:10,Tile:6,Tile:4,Tile:0-Tile:7,Tile:8,Bonus,Map,Tile:8,Tile:9,Tile:8-Tile:1,Map,Destroy,Tile:0,Tile:5,Tile:10,Tile:9-Tile:hidden2,Tile:hidden1,Tile:nugget
Map 12 3 1
Map 12 3 0
Tile:8 6 5 1
Tile:9 6 4 0
Tile:8 7 5 1
Tile:7 6 3 0
Tile:8 8 5 1
Tile:10 8 6 0
Tile:0 9 5 1
Tile:5_flip 7 6 0
Tile:7 10 5 1
Destroy 6 3 0
Tile:9 10 6 1
Map 12 5 0
Drop 6 0 1
Tile:6 5 6 0
Drop 6 0 1
Tile:6_flip 11 6 0
Tile:9_flip 10 7 1
Tile:9 11 7 0
GAMEOVER WINNER 0
# Game ended: Sun Apr 26 22:03:26 EDT 2020
