# Server version 0.08 running on nosferatu:8123
# Game ID: 121
# Board class: Saboteur.SaboteurBoard
# Timeout: 20000
# First Move Timeout: 30000
# Date: Sun Apr 26 17:22:12 EDT 2020
# Player 1: Player-0, 'RandomPlayer', running on nosferatu
# Player 2: Player-1, 'SaboteurAI', running on nosferatu
START Player-0 RandomPlayer
START Player-1 SaboteurAI
BoardInit:Tile:1,Tile:13,Tile:8,Tile:5,Destroy,Tile:8,Bonus,Map,Tile:6,Tile:0,Tile:8,Malus,Tile:3,Tile:0,Tile:15,Tile:5,Tile:4,Bonus,Map,Tile:10,Destroy,Tile:9,Tile:9,Tile:6,Tile:8,Tile:9,Tile:6,Tile:12,Map,Tile:8,Tile:2,Bonus,Tile:5,Tile:7,Tile:9,Tile:0,Tile:10,Destroy,Tile:9,Tile:7,Map-Tile:7,Tile:7,Malus,Tile:0,Map,Tile:14,Tile:11-Tile:5,Tile:7,Tile:10,Tile:6,Map,Bonus,Tile:6-Tile:hidden2,Tile:hidden1,Tile:nugget
Malus 0 0 1
Drop 4 0 0
Map 12 3 1
Drop 1 0 0
Drop 3 0 1
Drop 4 0 0
Drop 3 0 1
Drop 3 0 0
Drop 3 0 1
Map 12 5 0
Tile:7_flip 4 5 1
Drop 4 0 0
Tile:0 6 5 1
Malus 0 0 0
Bonus 0 0 1
Drop 0 0 0
Drop 5 0 1
Drop 5 0 0
Drop 5 0 1
Drop 3 0 0
Drop 5 0 1
Drop 2 0 0
Drop 5 0 1
Drop 3 0 0
Tile:8 7 5 1
Drop 5 0 0
Destroy 4 5 1
Drop 0 0 0
Tile:6 8 5 1
Drop 6 0 0
Drop 6 0 1
Drop 1 0 0
Drop 6 0 1
Drop 6 0 0
Tile:8 9 5 1
Drop 0 0 0
Tile:8 10 5 1
Drop 4 0 0
Tile:6 11 5 1
Drop 6 0 0
Tile:9_flip 8 4 1
Drop 4 0 0
Tile:7 12 4 1
Bonus 0 0 0
Tile:5 7 4 1
Tile:9 5 4 0
Tile:9 10 6 1
Drop 2 0 0
Tile:9_flip 13 5 1
Tile:10 10 7 0
Drop 2 0 1
Drop 0 0 0
Tile:10 10 8 1
Tile:7 11 6 0
Destroy 8 4 1
GAMEOVER DRAW
# Game ended: Sun Apr 26 17:22:13 EDT 2020
