# Server version 0.08 running on nosferatu:8123
# Game ID: 94
# Board class: Saboteur.SaboteurBoard
# Timeout: 20000
# First Move Timeout: 30000
# Date: Sun Apr 26 16:45:19 EDT 2020
# Player 1: Player-0, 'SaboteurAI', running on nosferatu
# Player 2: Player-1, 'RandomPlayer', running on nosferatu
START Player-0 SaboteurAI
START Player-1 RandomPlayer
BoardInit:Tile:4,Tile:10,Tile:10,Bonus,Tile:15,Malus,Bonus,Tile:7,Tile:5,Bonus,Tile:1,Destroy,Tile:0,Tile:6,Tile:9,Map,Map,Tile:8,Tile:7,Tile:5,Tile:2,Tile:7,Tile:0,Tile:14,Tile:8,Map,Tile:6,Tile:9,Tile:8,Map,Tile:13,Tile:9,Tile:0,Destroy,Tile:5,Map,Tile:11,Tile:8,Tile:6,Tile:7,Tile:8-Malus,Destroy,Tile:12,Tile:9,Bonus,Tile:6,Tile:0-Tile:6,Tile:3,Tile:7,Map,Tile:9,Tile:5,Tile:10-Tile:hidden1,Tile:hidden2,Tile:nugget
Tile:9 5 6 1
Map 12 3 0
Tile:6 6 5 1
Drop 1 0 0
Tile:4 5 4 1
Tile:6 7 5 0
Tile:12 6 6 1
Malus 0 0 0
Drop 3 0 1
Tile:7 8 5 0
Destroy 5 4 1
Tile:9 8 6 0
Drop 4 0 1
Destroy 5 6 0
Drop 2 0 1
Tile:5_flip 9 6 0
Drop 6 0 1
Drop 6 0 0
Drop 5 0 1
Tile:10 9 5 0
Drop 1 0 1
Tile:7_flip 8 7 0
Map 12 3 1
Tile:6_flip 9 7 0
Drop 5 0 1
Drop 6 0 0
Drop 0 0 1
Drop 6 0 0
Drop 5 0 1
Tile:8 10 7 0
Drop 0 0 1
Drop 6 0 0
Drop 6 0 1
Tile:5_flip 11 7 0
Drop 3 0 1
Tile:9 11 6 0
Drop 3 0 1
Tile:9 11 5 0
Drop 6 0 1
Destroy 11 6 0
Drop 2 0 1
Tile:10 9 4 0
Drop 0 0 1
Tile:7 12 4 0
Drop 4 0 1
Map 12 7 0
Drop 2 0 1
Tile:8 6 4 0
Drop 0 0 1
Tile:7_flip 10 8 0
Drop 0 0 1
Drop 0 0 0
Drop 1 0 1
Drop 0 0 0
Drop 0 0 1
GAMEOVER DRAW
# Game ended: Sun Apr 26 16:45:22 EDT 2020
