# Server version 0.08 running on nosferatu:8123
# Game ID: 155
# Board class: Saboteur.SaboteurBoard
# Timeout: 20000
# First Move Timeout: 30000
# Date: Sun Apr 26 23:26:57 EDT 2020
# Player 1: Player-0, 'RandomPlayer', running on nosferatu
# Player 2: Player-1, 'SaboteurAI', running on nosferatu
START Player-0 RandomPlayer
START Player-1 SaboteurAI
BoardInit:Map,Tile:6,Tile:0,Malus,Tile:0,Tile:5,Tile:5,Bonus,Tile:4,Bonus,Tile:9,Tile:5,Tile:1,Tile:10,Tile:10,Tile:7,Tile:15,Tile:9,Tile:12,Tile:7,Tile:13,Map,Map,Tile:10,Bonus,Destroy,Destroy,Tile:14,Map,Malus,Tile:2,Tile:6,Map,Tile:9,Tile:8,Tile:7,Tile:3,Bonus,Tile:8,Tile:9,Tile:11-Tile:0,Tile:8,Tile:7,Tile:6,Tile:6,Tile:8,Tile:0-Tile:6,Map,Tile:8,Tile:5,Tile:9,Destroy,Tile:7-Tile:hidden2,Tile:hidden1,Tile:nugget
Tile:6 5 6 1
Tile:6_flip 5 4 0
Map 12 3 1
Tile:9_flip 6 4 0
Tile:8 6 5 1
Destroy 6 5 0
Tile:6 6 5 1
Tile:7_flip 4 4 0
Tile:0 7 5 1
Drop 2 0 0
Drop 6 0 1
Drop 2 0 0
Tile:8 8 5 1
Drop 6 0 0
Drop 6 0 1
Tile:5 4 6 0
Tile:0 9 5 1
Map 12 7 0
Drop 6 0 1
Tile:9 4 3 0
Drop 6 0 1
Tile:8 6 3 0
Drop 6 0 1
Tile:7 6 6 0
Drop 6 0 1
Tile:7 7 3 0
Tile:0 10 5 1
Destroy 4 3 0
Tile:0 11 5 1
Tile:14 12 6 0
Tile:7_flip 6 7 1
Malus 0 0 0
Bonus 0 0 1
Tile:10 6 2 0
Destroy 8 5 1
Tile:6 4 7 0
Tile:5 3 7 1
Tile:9_flip 12 4 0
Tile:10 3 8 1
Drop 6 0 0
Map 12 7 1
Tile:7_flip 5 3 0
Tile:3_flip 11 4 1
Tile:9 3 9 0
Tile:8 11 3 1
Drop 3 0 0
Tile:8 3 10 1
Drop 3 0 0
Drop 1 0 1
Drop 1 0 0
Drop 1 0 1
Map 12 7 0
Drop 1 0 1
Drop 0 0 0
Tile:9_flip 7 7 1
GAMEOVER DRAW
# Game ended: Sun Apr 26 23:27:00 EDT 2020
