# Server version 0.08 running on nosferatu:8123
# Game ID: 17
# Board class: Saboteur.SaboteurBoard
# Timeout: 20000
# First Move Timeout: 30000
# Date: Sun Apr 26 16:31:11 EDT 2020
# Player 1: Player-0, 'Filippo', running on nosferatu
# Player 2: Player-1, 'RandomPlayer', running on nosferatu
START Player-0 Filippo
START Player-1 RandomPlayer
BoardInit:Map,Tile:6,Tile:9,Malus,Map,Tile:14,Tile:8,Tile:7,Tile:8,Tile:5,Tile:12,Tile:9,Bonus,Tile:6,Tile:8,Tile:9,Tile:0,Tile:1,Map,Tile:10,Tile:6,Tile:11,Bonus,Tile:9,Tile:8,Destroy,Tile:7,Tile:9,Tile:0,Tile:3,Bonus,Tile:15,Tile:0,Tile:6,Malus,Tile:4,Tile:7,Map,Tile:13,Tile:8,Tile:5-Destroy,Tile:7,Map,Tile:7,Tile:5,Tile:0,Bonus-Destroy,Tile:10,Map,Tile:2,Tile:6,Tile:10,Tile:5-Tile:hidden1,Tile:hidden2,Tile:nugget
Map 12 3 1
Map 12 3 0
Drop 1 0 1
Drop 2 0 0
Tile:5_flip 6 5 1
Malus 0 0 0
Bonus 0 0 1
Drop 6 0 0
Tile:9 4 5 1
Destroy 4 5 0
Drop 4 0 1
Tile:10 6 4 0
Tile:7 5 4 1
Tile:7_flip 4 5 0
Destroy 6 4 1
Tile:5 6 4 0
Tile:8 4 4 1
Tile:6 7 4 0
Drop 1 0 1
Drop 6 0 0
Map 12 3 1
Tile:6 8 4 0
Tile:0 9 4 1
Drop 6 0 0
Tile:8 3 4 1
Tile:9_flip 10 4 0
Tile:8 5 6 1
Tile:6 10 5 0
Tile:8 7 3 1
Destroy 4 4 0
Tile:0 4 6 1
Drop 6 0 0
Tile:7_flip 5 7 1
Drop 6 0 0
Tile:6 3 6 1
Tile:6 11 5 0
Drop 6 0 1
Tile:9_flip 12 4 0
Tile:0 9 5 1
Tile:9 12 6 0
GAMEOVER WINNER 0
# Game ended: Sun Apr 26 16:31:15 EDT 2020
