# Server version 0.08 running on nosferatu:8123
# Game ID: 41
# Board class: Saboteur.SaboteurBoard
# Timeout: 20000
# First Move Timeout: 30000
# Date: Sun Apr 26 16:33:17 EDT 2020
# Player 1: Player-0, 'RandomPlayer', running on nosferatu
# Player 2: Player-1, 'Filippo', running on nosferatu
START Player-0 RandomPlayer
START Player-1 Filippo
BoardInit:Tile:0,Tile:3,Tile:0,Tile:8,Tile:9,Bonus,Tile:8,Map,Tile:9,Tile:14,Tile:2,Tile:8,Bonus,Malus,Tile:13,Tile:1,Tile:5,Tile:8,Map,Tile:5,Tile:7,Map,Tile:10,Tile:10,Destroy,Tile:6,Bonus,Tile:5,Bonus,Tile:7,Tile:12,Tile:6,Tile:7,Tile:9,Tile:7,Tile:9,Malus,Tile:7,Map,Destroy,Tile:0-Tile:11,Destroy,Tile:8,Map,Tile:10,Tile:6,Tile:4-Map,Tile:5,Tile:6,Tile:9,Tile:6,Tile:0,Tile:15-Tile:hidden2,Tile:hidden1,Tile:nugget
Map 12 3 1
Tile:9_flip 5 4 0
Drop 0 0 1
Tile:3 5 3 0
Drop 4 0 1
Tile:6 6 5 0
Destroy 5 4 1
Tile:8 7 5 0
Tile:8 8 5 1
Tile:5_flip 9 5 0
Tile:6_flip 9 4 1
Tile:14_flip 8 4 0
Drop 6 0 1
Tile:15 5 6 0
Tile:0 10 4 1
Tile:6 4 5 0
Drop 6 0 1
Map 12 7 0
Tile:0 11 4 1
Tile:8 5 7 0
Tile:9_flip 12 4 1
Tile:0 11 3 0
Tile:8 13 3 1
Tile:1 11 5 0
Tile:9_flip 6 4 1
Tile:5 10 5 0
Tile:10 7 4 1
Tile:8 4 7 0
Destroy 5 7 1
Drop 0 0 0
Tile:5 13 2 1
Tile:7_flip 10 3 0
Tile:10 10 6 1
Map 12 7 0
Tile:7_flip 4 3 1
Tile:6 10 7 0
Tile:7_flip 13 4 1
Tile:9_flip 5 7 0
Drop 0 0 1
Tile:5_flip 12 6 0
Drop 1 0 1
Drop 6 0 0
Tile:7_flip 8 6 1
Tile:9_flip 7 6 0
Tile:12_flip 11 6 1
Drop 3 0 0
Drop 1 0 1
Tile:7 9 6 0
Map 12 7 1
Tile:10 7 7 0
Tile:0 11 7 1
Map 12 7 0
Map 12 7 1
Drop 0 0 0
Drop 0 0 1
GAMEOVER DRAW
# Game ended: Sun Apr 26 16:33:21 EDT 2020
