# Server version 0.08 running on nosferatu:8123
# Game ID: 63
# Board class: Saboteur.SaboteurBoard
# Timeout: 20000
# First Move Timeout: 30000
# Date: Sun Apr 26 16:37:47 EDT 2020
# Player 1: Player-0, 'RandomPlayer', running on nosferatu
# Player 2: Player-1, 'Filippo', running on nosferatu
START Player-0 RandomPlayer
START Player-1 Filippo
BoardInit:Tile:7,Tile:7,Tile:9,Map,Tile:8,Destroy,Tile:15,Map,Tile:9,Tile:6,Tile:0,Tile:5,Bonus,Tile:0,Tile:8,Tile:13,Tile:6,Destroy,Tile:7,Tile:5,Tile:12,Tile:3,Tile:8,Bonus,Tile:5,Tile:6,Tile:14,Tile:1,Tile:11,Malus,Bonus,Map,Destroy,Tile:10,Map,Tile:10,Tile:8,Map,Tile:5,Tile:7,Malus-Tile:4,Map,Tile:7,Tile:9,Tile:0,Tile:8,Tile:6-Tile:2,Tile:9,Tile:0,Bonus,Tile:9,Tile:10,Tile:6-Tile:hidden1,Tile:nugget,Tile:hidden2
Map 12 3 1
Tile:9_flip 5 6 0
Drop 0 0 1
Tile:0 4 6 0
Tile:0 6 5 1
Drop 2 0 0
Tile:8 7 5 1
Drop 6 0 0
Drop 6 0 1
Tile:10 5 7 0
Tile:6 8 5 1
Drop 1 0 0
Tile:8 9 5 1
Tile:2 10 5 0
Tile:7_flip 9 6 1
Tile:6 11 5 0
Tile:9_flip 10 6 1
Tile:5 8 4 0
Tile:7_flip 10 7 1
Drop 0 0 0
Tile:0 11 7 1
Tile:13 9 4 0
Tile:12 13 7 1
Tile:5 11 4 0
Tile:8 12 6 1
GAMEOVER WINNER 1
# Game ended: Sun Apr 26 16:37:50 EDT 2020
