# Server version 0.08 running on nosferatu:8123
# Game ID: 12
# Board class: Saboteur.SaboteurBoard
# Timeout: 20000
# First Move Timeout: 30000
# Date: Sun Apr 26 16:30:41 EDT 2020
# Player 1: Player-0, 'Filippo', running on nosferatu
# Player 2: Player-1, 'RandomPlayer', running on nosferatu
START Player-0 Filippo
START Player-1 RandomPlayer
BoardInit:Tile:6,Tile:10,Tile:7,Destroy,Tile:12,Tile:8,Tile:8,Tile:9,Tile:0,Tile:8,Tile:5,Map,Tile:1,Tile:5,Tile:2,Tile:10,Tile:6,Tile:8,Map,Tile:9,Malus,Tile:6,Tile:14,Tile:11,Tile:10,Bonus,Tile:3,Destroy,Tile:13,Tile:0,Tile:7,Tile:0,Tile:6,Malus,Tile:6,Tile:4,Map,Tile:9,Tile:5,Tile:15,Tile:7-Destroy,Map,Tile:9,Tile:9,Tile:7,Bonus,Map-Map,Tile:8,Bonus,Tile:0,Tile:5,Bonus,Tile:7-Tile:hidden2,Tile:nugget,Tile:hidden1
Map 12 5 1
Map 12 3 0
Tile:9_flip 5 6 1
Tile:8 6 5 0
Tile:7 7 5 1
Destroy 5 6 0
Tile:12_flip 4 5 1
Tile:7_flip 7 6 0
Tile:9_flip 8 6 1
Tile:5 8 5 0
Drop 1 0 1
Tile:0 9 5 0
Drop 2 0 1
Drop 6 0 0
Destroy 8 5 1
Tile:8 10 5 0
Tile:2_flip 11 5 1
Tile:9 8 7 0
Tile:5 11 4 1
Tile:8 9 7 0
Map 12 3 1
Tile:8 10 7 0
Tile:7 12 4 1
Tile:6 11 7 0
Malus 0 0 1
Bonus 0 0 0
Tile:14_flip 11 6 1
Tile:9_flip 10 8 0
Tile:10 10 6 1
Tile:5_flip 8 8 0
Tile:8 5 4 1
Tile:10 6 6 0
Tile:7_flip 10 9 1
Tile:11_flip 5 6 0
Tile:6_flip 6 4 1
Tile:0 13 7 0
Map 12 5 1
Tile:0 4 4 0
Tile:3_flip 6 7 1
Destroy 4 5 0
Tile:6_flip 11 9 1
Tile:10 5 3 0
Tile:5_flip 12 8 1
Malus 0 0 0
Drop 3 0 1
Tile:15 11 10 0
Drop 4 0 1
Tile:9 9 8 0
Drop 0 0 1
Tile:4_flip 5 7 0
Drop 0 0 1
Drop 1 0 0
Drop 0 0 1
Drop 0 0 0
Drop 0 0 1
GAMEOVER DRAW
# Game ended: Sun Apr 26 16:30:44 EDT 2020
