# Server version 0.08 running on nosferatu:8123
# Game ID: 132
# Board class: Saboteur.SaboteurBoard
# Timeout: 20000
# First Move Timeout: 30000
# Date: Sun Apr 26 17:23:05 EDT 2020
# Player 1: Player-0, 'SaboteurAI', running on nosferatu
# Player 2: Player-1, 'RandomPlayer', running on nosferatu
START Player-0 SaboteurAI
START Player-1 RandomPlayer
BoardInit:Map,Tile:8,Tile:6,Malus,Tile:14,Tile:10,Destroy,Bonus,Tile:7,Tile:7,Tile:5,Tile:9,Tile:3,Tile:8,Tile:7,Tile:8,Tile:11,Tile:5,Tile:9,Map,Tile:5,Tile:5,Tile:9,Bonus,Tile:6,Tile:10,Tile:0,Malus,Tile:2,Tile:12,Bonus,Map,Tile:6,Tile:8,Bonus,Destroy,Tile:0,Tile:0,Tile:8,Tile:1,Tile:9-Tile:13,Tile:9,Tile:0,Map,Tile:15,Map,Tile:6-Tile:4,Tile:10,Map,Tile:6,Tile:7,Destroy,Tile:7-Tile:hidden1,Tile:hidden2,Tile:nugget
Map 12 7 1
Map 12 3 0
Tile:9_flip 6 5 1
Drop 0 0 0
Tile:6_flip 5 4 1
Malus 0 0 0
Drop 1 0 1
Destroy 5 4 0
Map 12 5 1
Tile:7 6 4 0
Map 12 3 1
Tile:10 6 6 0
Drop 4 0 1
Tile:6 6 7 0
Drop 0 0 1
Tile:8 7 7 0
Drop 5 0 1
Tile:8 8 7 0
Drop 3 0 1
Tile:8 9 7 0
Drop 2 0 1
Drop 6 0 0
Drop 0 0 1
Tile:7 10 7 0
Drop 2 0 1
Tile:7_flip 10 8 0
Drop 0 0 1
Tile:9_flip 11 8 0
Drop 5 0 1
Tile:5 11 7 0
GAMEOVER WINNER 0
# Game ended: Sun Apr 26 17:23:07 EDT 2020
