# Server version 0.08 running on nosferatu:8123
# Game ID: 83
# Board class: Saboteur.SaboteurBoard
# Timeout: 20000
# First Move Timeout: 30000
# Date: Sun Apr 26 16:40:18 EDT 2020
# Player 1: Player-0, 'Filippo', running on nosferatu
# Player 2: Player-1, 'RandomPlayer', running on nosferatu
START Player-0 Filippo
START Player-1 RandomPlayer
BoardInit:Tile:8,Map,Tile:10,Map,Tile:8,Bonus,Malus,Tile:6,Tile:6,Tile:0,Destroy,Tile:4,Tile:5,Tile:5,Bonus,Tile:9,Tile:7,Tile:7,Bonus,Tile:6,Map,Bonus,Map,Tile:13,Tile:8,Map,Tile:8,Tile:8,Tile:3,Destroy,Tile:7,Tile:10,Tile:12,Tile:6,Tile:0,Map,Tile:9,Tile:9,Tile:9,Destroy,Tile:0-Malus,Tile:7,Tile:15,Tile:2,Tile:11,Tile:5,Tile:10-Tile:0,Tile:1,Tile:9,Tile:6,Tile:7,Tile:5,Tile:14-Tile:hidden1,Tile:hidden2,Tile:nugget
Tile:5 5 4 1
Drop 1 0 0
Malus 0 0 1
Map 12 3 0
Tile:2 6 4 1
Drop 5 0 0
Tile:10 5 6 1
Bonus 0 0 0
Malus 0 0 1
Drop 5 0 0
Tile:11 4 5 1
Drop 3 0 0
Tile:10 4 4 1
Drop 6 0 0
Tile:5 4 3 1
Drop 1 0 0
Drop 0 0 1
Drop 4 0 0
Tile:7_flip 5 7 1
Drop 5 0 0
Tile:6 6 5 1
Drop 1 0 0
Drop 1 0 1
Bonus 0 0 0
Map 12 7 1
Drop 6 0 0
Destroy 4 4 1
Drop 6 0 0
Tile:8 7 5 1
Tile:0 8 5 0
Drop 2 0 1
Destroy 6 4 0
Tile:15 4 4 1
Tile:6 9 5 0
Tile:7 6 4 1
Tile:6 10 5 0
Drop 6 0 1
Tile:8 11 5 0
Tile:9 7 6 1
Drop 1 0 0
Tile:8 13 5 1
Tile:6 12 6 0
Tile:3_flip 11 6 1
Destroy 6 5 0
Tile:9 12 4 1
Drop 3 0 0
Tile:8 7 7 1
Tile:9 7 4 0
Map 12 3 1
Tile:10 11 4 0
Tile:0 5 3 1
Tile:5 11 3 0
Tile:12 8 6 1
Tile:7 8 7 0
Drop 0 0 1
GAMEOVER DRAW
# Game ended: Sun Apr 26 16:40:20 EDT 2020
