# Server version 0.08 running on nosferatu:8123
# Game ID: 130
# Board class: Saboteur.SaboteurBoard
# Timeout: 20000
# First Move Timeout: 30000
# Date: Sun Apr 26 17:22:57 EDT 2020
# Player 1: Player-0, 'SaboteurAI', running on nosferatu
# Player 2: Player-1, 'RandomPlayer', running on nosferatu
START Player-0 SaboteurAI
START Player-1 RandomPlayer
BoardInit:Destroy,Tile:13,Tile:0,Destroy,Tile:9,Tile:6,Tile:9,Map,Tile:7,Tile:8,Bonus,Tile:6,Tile:0,Tile:7,Map,Tile:7,Tile:2,Bonus,Tile:4,Tile:6,Malus,Bonus,Tile:1,Tile:0,Tile:6,Tile:9,Tile:15,Map,Tile:10,Tile:5,Bonus,Tile:11,Tile:9,Destroy,Malus,Tile:3,Tile:7,Tile:8,Tile:0,Tile:10,Tile:8-Tile:8,Tile:5,Tile:10,Map,Tile:14,Map,Tile:5-Tile:12,Tile:5,Tile:9,Tile:7,Tile:6,Map,Tile:8-Tile:hidden1,Tile:nugget,Tile:hidden2
Tile:5 5 4 1
Map 12 3 0
Tile:5_flip 6 5 1
Drop 0 0 0
Map 12 7 1
Drop 5 0 0
Drop 3 0 1
Destroy 5 4 0
Destroy 6 5 1
Drop 6 0 0
Tile:10 5 4 1
Tile:6 6 5 0
Tile:0 7 5 1
Tile:8 8 5 0
Tile:9_flip 5 6 1
Tile:6 9 5 0
Tile:9 9 4 1
Tile:8 10 5 0
Tile:7_flip 4 6 1
Tile:6 11 5 0
GAMEOVER WINNER 0
# Game ended: Sun Apr 26 17:22:58 EDT 2020
