# Server version 0.08 running on nosferatu:8123
# Game ID: 7
# Board class: Saboteur.SaboteurBoard
# Timeout: 20000
# First Move Timeout: 30000
# Date: Sun Apr 26 16:30:30 EDT 2020
# Player 1: Player-0, 'RandomPlayer', running on nosferatu
# Player 2: Player-1, 'Filippo', running on nosferatu
START Player-0 RandomPlayer
START Player-1 Filippo
BoardInit:Tile:5,Tile:5,Tile:7,Tile:6,Bonus,Bonus,Tile:4,Destroy,Map,Tile:10,Tile:5,Tile:11,Tile:8,Bonus,Tile:5,Tile:0,Tile:10,Tile:15,Tile:6,Tile:9,Tile:6,Tile:7,Map,Destroy,Tile:8,Tile:6,Tile:9,Bonus,Tile:8,Tile:8,Tile:1,Tile:7,Tile:7,Tile:0,Tile:9,Tile:0,Tile:3,Tile:0,Map,Tile:9,Map-Tile:9,Tile:12,Tile:7,Malus,Tile:14,Destroy,Malus-Tile:2,Map,Tile:10,Map,Tile:6,Tile:13,Tile:8-Tile:hidden2,Tile:nugget,Tile:hidden1
Malus 0 0 1
Map 12 7 0
Malus 0 0 1
Map 12 3 0
Drop 1 0 1
Drop 4 0 0
Drop 2 0 1
Drop 3 0 0
Drop 6 0 1
Drop 5 0 0
Map 12 3 1
Drop 4 0 0
Tile:9 5 6 1
Destroy 5 6 0
Tile:8 6 5 1
Drop 5 0 0
Tile:7 7 5 1
Drop 1 0 0
Tile:7_flip 7 6 1
Drop 3 0 0
Tile:5_flip 8 6 1
Drop 2 0 0
Tile:5 8 5 1
Drop 3 0 0
Drop 6 0 1
Destroy 7 5 0
Destroy 8 5 1
Drop 0 0 0
Tile:5 8 5 1
Drop 2 0 0
Tile:6 9 5 1
Drop 4 0 0
Drop 6 0 1
Drop 6 0 0
Tile:6 10 5 1
Drop 4 0 0
Tile:8 11 5 1
Drop 4 0 0
Drop 6 0 1
Drop 0 0 0
Drop 6 0 1
Drop 4 0 0
Drop 6 0 1
Bonus 0 0 0
Tile:9_flip 7 5 1
GAMEOVER WINNER 1
# Game ended: Sun Apr 26 16:30:31 EDT 2020
