# Server version 0.08 running on nosferatu:8123
# Game ID: 46
# Board class: Saboteur.SaboteurBoard
# Timeout: 20000
# First Move Timeout: 30000
# Date: Sun Apr 26 16:34:25 EDT 2020
# Player 1: Player-0, 'RandomPlayer', running on nosferatu
# Player 2: Player-1, 'Filippo', running on nosferatu
START Player-0 RandomPlayer
START Player-1 Filippo
BoardInit:Map,Tile:0,Tile:15,Tile:9,Tile:8,Tile:6,Tile:9,Tile:7,Tile:11,Tile:12,Map,Malus,Tile:0,Map,Tile:6,Tile:7,Destroy,Tile:7,Tile:9,Destroy,Tile:0,Tile:6,Tile:7,Tile:8,Tile:9,Tile:5,Tile:5,Tile:8,Tile:7,Map,Destroy,Tile:13,Malus,Tile:1,Bonus,Tile:10,Tile:8,Tile:8,Tile:2,Bonus,Tile:10-Tile:14,Bonus,Tile:6,Tile:3,Tile:5,Tile:6,Map-Tile:9,Map,Tile:10,Tile:4,Tile:5,Bonus,Tile:0-Tile:hidden1,Tile:hidden2,Tile:nugget
Map 12 3 1
Tile:9 4 5 0
Drop 0 0 1
Tile:10 5 4 0
Drop 2 0 1
Tile:4 4 4 0
Drop 4 0 1
Tile:5_flip 5 6 0
Drop 4 0 1
Tile:9 4 6 0
Drop 6 0 1
Tile:0 6 5 0
Drop 6 0 1
Drop 4 0 0
Tile:6 7 5 1
Tile:6_flip 7 4 0
Tile:6 8 5 1
Drop 6 0 0
Destroy 4 5 1
Tile:7 8 4 0
Tile:8 9 5 1
Destroy 4 6 0
Tile:0 10 5 1
Map 12 5 0
Tile:6 11 5 1
Malus 0 0 0
Bonus 0 0 1
Tile:8 4 5 0
Tile:5_flip 12 6 1
Tile:8 4 6 0
Tile:9_flip 11 4 1
Tile:6 9 6 0
Tile:7_flip 3 6 1
Tile:5 5 3 0
Tile:9 11 3 1
Drop 5 0 0
Drop 0 0 1
Tile:1 10 4 0
Destroy 10 5 1
Tile:8 6 3 0
Malus 0 0 1
Drop 2 0 0
Drop 5 0 1
Drop 3 0 0
Tile:9_flip 10 6 1
Drop 2 0 0
Tile:7_flip 10 7 1
Drop 2 0 0
Tile:10 12 4 1
Drop 1 0 0
Tile:5_flip 4 7 1
Bonus 0 0 0
Tile:8 11 7 1
GAMEOVER WINNER 1
# Game ended: Sun Apr 26 16:34:27 EDT 2020
