# Server version 0.08 running on nosferatu:8123
# Game ID: 146
# Board class: Saboteur.SaboteurBoard
# Timeout: 20000
# First Move Timeout: 30000
# Date: Sun Apr 26 22:03:30 EDT 2020
# Player 1: Player-0, 'RandomPlayer', running on nosferatu
# Player 2: Player-1, 'SaboteurAI', running on nosferatu
START Player-0 RandomPlayer
START Player-1 SaboteurAI
BoardInit:Tile:0,Destroy,Tile:5,Tile:13,Bonus,Map,Tile:9,Tile:9,Tile:8,Tile:8,Tile:14,Tile:9,Map,Malus,Tile:0,Tile:9,Tile:8,Tile:5,Tile:5,Tile:2,Tile:9,Map,Tile:10,Tile:6,Tile:12,Tile:6,Tile:3,Tile:8,Tile:15,Tile:6,Tile:7,Tile:5,Bonus,Tile:10,Map,Tile:8,Map,Destroy,Tile:1,Tile:4,Tile:7-Tile:6,Tile:11,Tile:6,Tile:0,Malus,Tile:7,Bonus-Tile:10,Tile:7,Tile:0,Bonus,Map,Tile:7,Destroy-Tile:hidden1,Tile:hidden2,Tile:nugget
Malus 0 0 1
Drop 4 0 0
Drop 1 0 1
Drop 1 0 0
Tile:5 5 4 1
Drop 2 0 0
Tile:6 6 5 1
Map 12 5 0
Tile:6 7 5 1
Drop 1 0 0
Tile:0 8 5 1
Drop 1 0 0
Drop 6 0 1
Destroy 7 5 0
Map 12 3 1
Destroy 8 5 0
Tile:0 7 5 1
Drop 1 0 0
Tile:8 8 5 1
Drop 3 0 0
Tile:0 9 5 1
Drop 2 0 0
Tile:8 10 5 1
Map 12 3 0
Tile:7 11 5 1
Drop 5 0 0
Drop 6 0 1
Drop 0 0 0
Drop 6 0 1
Drop 6 0 0
Drop 6 0 1
Drop 1 0 0
Tile:9 11 6 1
Drop 6 0 0
Tile:9_flip 8 4 1
Drop 3 0 0
Map 12 5 1
Drop 3 0 0
Tile:10 11 7 1
Destroy 11 7 0
Tile:1 4 5 1
Drop 2 0 0
Tile:7 12 6 1
GAMEOVER WINNER 1
# Game ended: Sun Apr 26 22:03:32 EDT 2020
