# Server version 0.08 running on nosferatu:8123
# Game ID: 102
# Board class: Saboteur.SaboteurBoard
# Timeout: 20000
# First Move Timeout: 30000
# Date: Sun Apr 26 16:45:53 EDT 2020
# Player 1: Player-0, 'SaboteurAI', running on nosferatu
# Player 2: Player-1, 'RandomPlayer', running on nosferatu
START Player-0 SaboteurAI
START Player-1 RandomPlayer
BoardInit:Tile:4,Tile:6,Bonus,Tile:7,Tile:14,Tile:9,Tile:10,Tile:5,Malus,Bonus,Tile:11,Tile:10,Tile:7,Tile:8,Tile:9,Tile:0,Tile:7,Destroy,Destroy,Tile:7,Map,Tile:9,Bonus,Tile:7,Tile:6,Map,Tile:8,Tile:5,Tile:8,Tile:12,Tile:6,Tile:8,Map,Tile:8,Tile:0,Tile:13,Tile:6,Tile:3,Tile:9,Tile:5,Tile:15-Destroy,Tile:5,Tile:10,Map,Map,Tile:0,Tile:6-Bonus,Tile:0,Tile:2,Tile:9,Malus,Tile:1,Map-Tile:hidden2,Tile:nugget,Tile:hidden1
Map 12 5 1
Malus 0 0 0
Map 12 3 1
Map 12 3 0
Drop 4 0 1
Drop 2 0 0
Drop 3 0 1
Drop 3 0 0
Drop 5 0 1
Tile:6 4 5 0
Drop 1 0 1
Tile:0 6 5 0
Drop 6 0 1
Tile:9_flip 7 5 0
Malus 0 0 1
Bonus 0 0 0
Drop 0 0 1
Tile:7_flip 7 6 0
Drop 3 0 1
Destroy 4 5 0
Drop 6 0 1
Tile:9_flip 8 6 0
Map 12 3 1
Tile:5 8 5 0
Drop 0 0 1
Tile:8 9 5 0
Drop 5 0 1
Drop 6 0 0
Drop 6 0 1
Tile:0 10 5 0
Drop 1 0 1
Drop 6 0 0
Drop 6 0 1
Tile:8 11 5 0
GAMEOVER WINNER 0
# Game ended: Sun Apr 26 16:45:54 EDT 2020
