# Server version 0.08 running on nosferatu:8123
# Game ID: 117
# Board class: Saboteur.SaboteurBoard
# Timeout: 20000
# First Move Timeout: 30000
# Date: Sun Apr 26 17:21:12 EDT 2020
# Player 1: Player-0, 'SaboteurAI', running on nosferatu
# Player 2: Player-1, 'RandomPlayer', running on nosferatu
START Player-0 SaboteurAI
START Player-1 RandomPlayer
BoardInit:Tile:10,Tile:5,Tile:0,Tile:4,Tile:7,Malus,Tile:5,Tile:9,Tile:5,Bonus,Map,Tile:10,Tile:6,Tile:8,Bonus,Tile:10,Tile:6,Tile:8,Tile:7,Tile:8,Tile:8,Tile:6,Map,Map,Tile:0,Tile:1,Tile:12,Tile:15,Malus,Map,Tile:0,Tile:3,Destroy,Tile:0,Destroy,Tile:6,Map,Tile:8,Tile:6,Tile:14,Tile:9-Bonus,Tile:11,Tile:7,Tile:7,Tile:7,Map,Tile:13-Tile:9,Tile:2,Tile:9,Destroy,Tile:5,Tile:9,Bonus-Tile:nugget,Tile:hidden1,Tile:hidden2
Map 12 5 1
Drop 1 0 0
Tile:7_flip 4 5 1
Destroy 4 5 0
Tile:7_flip 5 6 1
Drop 6 0 0
Tile:7 5 4 1
Malus 0 0 0
Drop 5 0 1
Tile:9_flip 6 5 0
Bonus 0 0 1
Tile:9 6 4 0
Tile:13 7 4 1
Tile:5 6 3 0
Map 12 3 1
Tile:8 7 3 0
Drop 5 0 1
Tile:9_flip 8 3 0
Tile:5 4 5 1
Tile:5 8 2 0
Tile:5_flip 6 6 1
Tile:9_flip 9 2 0
Tile:7_flip 7 5 1
Tile:8 8 4 0
Tile:6 8 5 1
Map 12 3 0
Tile:10 4 6 1
Drop 6 0 0
Drop 2 0 1
Drop 6 0 0
Tile:11 9 3 1
Drop 6 0 0
Tile:0 4 4 1
Drop 6 0 0
Tile:8 10 3 1
Tile:8 9 4 0
Tile:0 11 3 1
Tile:6 10 4 0
GAMEOVER WINNER 0
# Game ended: Sun Apr 26 17:21:14 EDT 2020
