# Server version 0.08 running on nosferatu:8123
# Game ID: 106
# Board class: Saboteur.SaboteurBoard
# Timeout: 20000
# First Move Timeout: 30000
# Date: Sun Apr 26 17:20:32 EDT 2020
# Player 1: Player-0, 'RandomPlayer', running on nosferatu
# Player 2: Player-1, 'SaboteurAI', running on nosferatu
START Player-0 RandomPlayer
START Player-1 SaboteurAI
BoardInit:Bonus,Destroy,Tile:4,Tile:9,Map,Tile:5,Map,Tile:11,Tile:5,Tile:6,Map,Tile:7,Malus,Tile:8,Tile:3,Tile:13,Bonus,Map,Tile:9,Tile:14,Tile:6,Map,Tile:0,Bonus,Tile:6,Tile:6,Tile:7,Tile:2,Tile:8,Tile:6,Tile:8,Tile:0,Tile:9,Map,Tile:9,Tile:0,Tile:8,Tile:1,Bonus,Tile:9,Malus-Tile:5,Tile:5,Destroy,Tile:7,Tile:0,Tile:10,Tile:15-Tile:7,Tile:10,Destroy,Tile:8,Tile:10,Tile:12,Tile:7-Tile:hidden2,Tile:nugget,Tile:hidden1
Drop 6 0 1
Drop 2 0 0
Tile:7_flip 4 5 1
Tile:7_flip 5 6 0
Drop 6 0 1
Tile:12 6 5 0
Map 12 3 1
Tile:7 5 4 0
Drop 6 0 1
Tile:8 4 4 0
Destroy 6 5 1
Drop 1 0 0
Drop 6 0 1
Tile:9_flip 6 6 0
Malus 0 0 1
Destroy 6 6 0
Drop 6 0 1
Drop 5 0 0
Tile:0 6 5 1
Drop 3 0 0
Tile:5_flip 7 5 1
Map 12 7 0
Tile:5 7 4 1
Map 12 7 0
Tile:9_flip 8 4 1
Drop 5 0 0
Tile:10 8 5 1
Drop 0 0 0
Tile:6 8 6 1
Drop 6 0 0
Tile:5_flip 9 6 1
Drop 1 0 0
Tile:6_flip 7 6 1
Drop 4 0 0
Tile:9 9 5 1
Drop 4 0 0
Tile:0 10 5 1
Map 12 7 0
Tile:8 11 5 1
GAMEOVER WINNER 1
# Game ended: Sun Apr 26 17:20:33 EDT 2020
