# Server version 0.08 running on DESKTOP-066M5S6:8123
# Game ID: 168
# Board class: Saboteur.SaboteurBoard
# Timeout: 20000
# First Move Timeout: 30000
# Date: Mon Apr 27 13:53:15 EDT 2020
# Player 1: Player-0, 'Human', running on DESKTOP-066M5S6
# Player 2: Player-1, 'SaboteurAI', running on DESKTOP-066M5S6
START Player-0 Human
START Player-1 SaboteurAI
BoardInit:Bonus,Map,Destroy,Tile:5,Tile:12,Tile:0,Tile:14,Bonus,Tile:15,Tile:0,Tile:10,Bonus,Tile:7,Tile:1,Tile:5,Tile:13,Tile:7,Tile:8,Tile:7,Tile:10,Tile:4,Map,Malus,Tile:7,Tile:6,Tile:10,Tile:0,Tile:9,Tile:9,Tile:6,Tile:11,Destroy,Map,Tile:5,Destroy,Tile:6,Tile:2,Map,Tile:6,Tile:9,Tile:0-Map,Tile:9,Tile:3,Tile:9,Tile:8,Tile:8,Tile:7-Tile:6,Malus,Tile:8,Tile:8,Map,Bonus,Tile:5-Tile:hidden2,Tile:hidden1,Tile:nugget
Drop 0 0 1
Tile:8 6 5 0
Drop 1 0 1
Tile:8 7 5 0
Tile:8 8 5 1
Tile:6 9 5 0
Drop 6 0 1
Tile:0 10 5 0
Tile:8 11 5 1
Tile:5 11 4 0
Destroy 11 4 1
Map 12 7 0
Tile:9 12 4 1
Tile:5 11 3 0
Tile:7 7 4 1
Tile:0 4 5 0
Tile:5 9 4 1
GAMEOVER ILLEGAL MOVE: Player 0, CardUsed: (Map), PosOfUse: (12, 5) WINNER 1
# Game ended: Mon Apr 27 13:54:20 EDT 2020
