# Server version 0.08 running on nosferatu:8123
# Game ID: 9
# Board class: Saboteur.SaboteurBoard
# Timeout: 20000
# First Move Timeout: 30000
# Date: Sun Apr 26 16:30:35 EDT 2020
# Player 1: Player-0, 'RandomPlayer', running on nosferatu
# Player 2: Player-1, 'Filippo', running on nosferatu
START Player-0 RandomPlayer
START Player-1 Filippo
BoardInit:Map,Tile:7,Tile:12,Tile:9,Map,Tile:3,Tile:1,Tile:9,Tile:10,Tile:11,Tile:0,Tile:8,Tile:15,Tile:5,Bonus,Tile:9,Tile:7,Tile:10,Tile:6,Tile:6,Tile:8,Malus,Tile:5,Tile:6,Destroy,Map,Destroy,Destroy,Tile:14,Tile:5,Tile:2,Tile:0,Tile:7,Tile:8,Tile:13,Malus,Tile:10,Map,Map,Tile:6,Tile:9-Tile:9,Tile:4,Tile:7,Tile:0,Bonus,Map,Tile:0-Bonus,Tile:6,Tile:8,Tile:8,Bonus,Tile:5,Tile:7-Tile:hidden2,Tile:nugget,Tile:hidden1
Map 12 3 1
Tile:6 6 5 0
Drop 1 0 1
Tile:5 5 4 0
Drop 5 0 1
Tile:8 4 5 0
Drop 5 0 1
Tile:3 6 4 0
Drop 5 0 1
Tile:9_flip 4 6 0
Drop 5 0 1
Tile:9 5 6 0
Tile:0 7 5 1
Tile:7_flip 3 6 0
Drop 6 0 1
Drop 3 0 0
Tile:0 8 5 1
Tile:9_flip 9 5 0
Tile:9 9 4 1
Tile:10 4 4 0
Tile:7 10 4 1
Tile:11_flip 5 7 0
Tile:7_flip 10 5 1
Tile:6 11 5 0
GAMEOVER WINNER 0
# Game ended: Sun Apr 26 16:30:36 EDT 2020
