# Server version 0.08 running on nosferatu:8123
# Game ID: 123
# Board class: Saboteur.SaboteurBoard
# Timeout: 20000
# First Move Timeout: 30000
# Date: Sun Apr 26 17:22:20 EDT 2020
# Player 1: Player-0, 'RandomPlayer', running on nosferatu
# Player 2: Player-1, 'SaboteurAI', running on nosferatu
START Player-0 RandomPlayer
START Player-1 SaboteurAI
BoardInit:Tile:8,Tile:7,Tile:10,Map,Tile:0,Tile:10,Tile:0,Tile:5,Tile:5,Tile:7,Tile:6,Tile:8,Tile:6,Tile:3,Destroy,Tile:6,Tile:6,Tile:0,Tile:0,Destroy,Tile:7,Tile:15,Destroy,Map,Tile:5,Tile:10,Tile:7,Malus,Bonus,Bonus,Malus,Tile:9,Tile:1,Tile:9,Tile:12,Tile:2,Tile:8,Tile:13,Tile:9,Tile:4,Tile:6-Tile:7,Map,Tile:9,Tile:5,Tile:9,Bonus,Map-Bonus,Map,Tile:8,Tile:14,Tile:8,Tile:11,Map-Tile:hidden1,Tile:nugget,Tile:hidden2
Map 12 3 1
Tile:11_flip 6 5 0
Drop 5 0 1
Tile:14 6 6 0
Tile:9 5 6 1
Map 12 3 0
Tile:7 5 4 1
Drop 3 0 0
Tile:8 4 4 1
Tile:7_flip 4 5 0
Tile:9 5 7 1
Drop 1 0 0
Tile:0 6 7 1
Tile:8 3 4 0
Tile:0 7 7 1
Tile:5 6 4 0
Destroy 6 5 1
Tile:8 6 5 0
Tile:6 8 7 1
Drop 5 0 0
Tile:6 9 7 1
Destroy 7 7 0
Tile:5_flip 10 7 1
Tile:3_flip 5 8 0
Destroy 6 6 1
Tile:10 10 6 0
Tile:10 10 5 1
Tile:7 7 4 0
Tile:5 10 4 1
Tile:0 6 8 0
Tile:6 7 7 1
Map 12 3 0
Malus 0 0 1
Map 12 5 0
Drop 6 0 1
Drop 3 0 0
Drop 6 0 1
Drop 3 0 0
Tile:0 11 4 1
Drop 0 0 0
Tile:7 12 4 1
GAMEOVER WINNER 1
# Game ended: Sun Apr 26 17:22:22 EDT 2020
