# Server version 0.08 running on nosferatu:8123
# Game ID: 33
# Board class: Saboteur.SaboteurBoard
# Timeout: 20000
# First Move Timeout: 30000
# Date: Sun Apr 26 16:32:50 EDT 2020
# Player 1: Player-0, 'RandomPlayer', running on nosferatu
# Player 2: Player-1, 'Filippo', running on nosferatu
START Player-0 RandomPlayer
START Player-1 Filippo
BoardInit:Malus,Tile:5,Tile:12,Tile:7,Tile:15,Tile:7,Tile:9,Map,Tile:11,Tile:14,Tile:10,Tile:10,Tile:13,Bonus,Map,Tile:1,Tile:9,Tile:6,Tile:9,Tile:5,Bonus,Tile:8,Tile:9,Tile:10,Tile:7,Tile:4,Tile:6,Bonus,Tile:0,Tile:3,Tile:0,Tile:8,Tile:5,Bonus,Tile:6,Malus,Destroy,Tile:9,Tile:2,Map,Destroy-Destroy,Tile:8,Map,Tile:5,Tile:7,Tile:6,Tile:8-Tile:8,Map,Tile:7,Tile:0,Tile:0,Map,Tile:6-Tile:hidden2,Tile:hidden1,Tile:nugget
Map 12 3 1
Tile:6 4 5 0
Malus 0 0 1
Drop 2 0 0
Drop 6 0 1
Drop 1 0 0
Drop 6 0 1
Map 12 5 0
Destroy 4 5 1
Map 12 5 0
Drop 6 0 1
Drop 4 0 0
Tile:7 6 5 1
Drop 0 0 0
Drop 6 0 1
Drop 5 0 0
Drop 6 0 1
Drop 1 0 0
Tile:9 4 5 1
Drop 3 0 0
Tile:8 6 6 1
Drop 2 0 0
Tile:5_flip 7 6 1
Drop 3 0 0
Tile:9 7 5 1
Drop 5 0 0
Tile:6 8 5 1
Drop 0 0 0
Tile:8 9 5 1
Drop 2 0 0
Tile:6 10 5 1
Drop 4 0 0
Tile:0 11 5 1
Drop 6 0 0
Tile:10 6 7 1
Drop 3 0 0
Tile:5_flip 13 5 1
Malus 0 0 0
Bonus 0 0 1
Bonus 0 0 0
Tile:7 4 4 1
Tile:3_flip 4 6 0
Destroy 7 5 1
Tile:5 12 4 0
Tile:0 3 4 1
Drop 3 0 0
Tile:9_flip 12 6 1
Tile:5_flip 9 6 0
Tile:2_flip 5 6 1
Drop 1 0 0
Tile:9 9 4 1
Map 12 7 0
Destroy 5 6 1
Drop 0 0 0
Tile:6 6 8 1
GAMEOVER DRAW
# Game ended: Sun Apr 26 16:32:52 EDT 2020
