# Server version 0.08 running on nosferatu:8123
# Game ID: 105
# Board class: Saboteur.SaboteurBoard
# Timeout: 20000
# First Move Timeout: 30000
# Date: Sun Apr 26 16:46:06 EDT 2020
# Player 1: Player-0, 'RandomPlayer', running on nosferatu
# Player 2: Player-1, 'SaboteurAI', running on nosferatu
START Player-0 RandomPlayer
START Player-1 SaboteurAI
BoardInit:Bonus,Tile:6,Tile:6,Map,Tile:8,Destroy,Tile:6,Tile:0,Tile:9,Malus,Map,Tile:8,Tile:6,Tile:3,Tile:0,Tile:13,Destroy,Tile:14,Tile:9,Map,Tile:8,Tile:8,Tile:7,Tile:5,Bonus,Tile:9,Malus,Tile:11,Tile:10,Tile:9,Tile:7,Tile:5,Tile:5,Tile:6,Tile:1,Tile:8,Tile:7,Bonus,Tile:10,Map,Tile:7-Tile:0,Tile:15,Tile:9,Destroy,Tile:2,Tile:0,Tile:5-Tile:7,Map,Bonus,Tile:10,Tile:12,Map,Tile:4-Tile:hidden2,Tile:nugget,Tile:hidden1
Drop 1 0 1
Map 12 3 0
Drop 3 0 1
Map 12 3 0
Tile:9_flip 6 5 1
Tile:10 5 4 0
Destroy 5 4 1
Map 12 3 0
Tile:8 6 6 1
Drop 0 0 0
Tile:0 7 6 1
Drop 4 0 0
Map 12 3 1
Tile:8 5 6 0
Tile:0 8 6 1
Tile:6 4 5 0
Tile:5_flip 9 6 1
Tile:13 9 5 0
Destroy 9 5 1
Tile:14_flip 4 4 0
Tile:6_flip 9 5 1
Tile:12_flip 3 5 0
Tile:6 10 5 1
Tile:0 8 5 0
Tile:6 11 5 1
GAMEOVER WINNER 1
# Game ended: Sun Apr 26 16:46:08 EDT 2020
