# Server version 0.08 running on nosferatu:8123
# Game ID: 44
# Board class: Saboteur.SaboteurBoard
# Timeout: 20000
# First Move Timeout: 30000
# Date: Sun Apr 26 16:33:29 EDT 2020
# Player 1: Player-0, 'Filippo', running on nosferatu
# Player 2: Player-1, 'RandomPlayer', running on nosferatu
START Player-0 Filippo
START Player-1 RandomPlayer
BoardInit:Map,Bonus,Tile:14,Tile:8,Tile:5,Tile:7,Tile:9,Malus,Tile:10,Destroy,Malus,Map,Bonus,Tile:9,Tile:4,Tile:9,Tile:6,Tile:12,Tile:9,Tile:1,Tile:0,Tile:7,Bonus,Map,Map,Tile:6,Tile:8,Map,Tile:0,Tile:8,Tile:5,Tile:3,Tile:7,Destroy,Tile:9,Tile:8,Tile:8,Tile:5,Tile:10,Tile:15,Tile:0-Map,Tile:10,Tile:13,Tile:5,Tile:11,Tile:6,Tile:6-Tile:7,Destroy,Tile:7,Tile:2,Tile:6,Bonus,Tile:0-Tile:nugget,Tile:hidden1,Tile:hidden2
Tile:6 6 5 1
Drop 3 0 0
Tile:6_flip 6 4 1
Tile:6 7 5 0
Tile:11_flip 5 6 1
Destroy 5 6 0
Tile:5 4 5 1
Tile:0 8 5 0
Tile:9 5 4 1
Malus 0 0 0
Drop 3 0 1
Tile:8 9 5 0
Drop 6 0 1
Map 12 3 0
Map 12 7 1
Tile:9 9 4 0
Drop 1 0 1
Tile:9 9 3 0
Drop 3 0 1
Drop 6 0 0
Drop 2 0 1
Drop 6 0 0
Drop 3 0 1
Destroy 4 5 0
Drop 0 0 1
Drop 6 0 0
Map 12 7 1
Tile:6 10 3 0
Drop 2 0 1
Drop 6 0 0
Drop 4 0 1
Tile:8 11 3 0
GAMEOVER WINNER 0
# Game ended: Sun Apr 26 16:33:32 EDT 2020
