# Server version 0.08 running on nosferatu:8123
# Game ID: 5
# Board class: Saboteur.SaboteurBoard
# Timeout: 20000
# First Move Timeout: 30000
# Date: Sun Apr 26 16:30:24 EDT 2020
# Player 1: Player-0, 'RandomPlayer', running on nosferatu
# Player 2: Player-1, 'Filippo', running on nosferatu
START Player-0 RandomPlayer
START Player-1 Filippo
BoardInit:Tile:5,Tile:0,Tile:1,Tile:0,Tile:3,Tile:9,Map,Tile:12,Tile:6,Tile:0,Tile:6,Bonus,Tile:8,Malus,Map,Map,Tile:4,Tile:15,Tile:9,Tile:5,Tile:6,Bonus,Tile:2,Tile:7,Bonus,Tile:6,Destroy,Map,Tile:10,Map,Destroy,Tile:10,Tile:11,Tile:9,Tile:6,Tile:14,Tile:8,Tile:10,Bonus,Tile:5,Tile:9-Map,Tile:7,Destroy,Tile:0,Tile:8,Tile:8,Tile:5-Tile:13,Tile:8,Tile:9,Tile:7,Malus,Tile:7,Tile:7-Tile:hidden2,Tile:nugget,Tile:hidden1
Map 12 3 1
Tile:7_flip 4 5 0
Destroy 4 5 1
Tile:9 4 5 0
Drop 6 0 1
Tile:8 4 4 0
Drop 6 0 1
Tile:0 6 5 0
Drop 6 0 1
Tile:7_flip 3 4 0
Tile:0 7 5 1
Tile:9_flip 5 4 0
Tile:8 8 5 1
Tile:13 8 4 0
Tile:8 9 5 1
Tile:7 9 4 0
Drop 6 0 1
Tile:12_flip 7 4 0
Drop 6 0 1
Tile:15 9 6 0
Tile:6 10 5 1
Tile:5 10 4 0
Tile:6 11 5 1
GAMEOVER WINNER 1
# Game ended: Sun Apr 26 16:30:26 EDT 2020
