# Server version 0.08 running on nosferatu:8123
# Game ID: 139
# Board class: Saboteur.SaboteurBoard
# Timeout: 20000
# First Move Timeout: 30000
# Date: Sun Apr 26 22:03:10 EDT 2020
# Player 1: Player-0, 'SaboteurAI', running on nosferatu
# Player 2: Player-1, 'RandomPlayer', running on nosferatu
START Player-0 SaboteurAI
START Player-1 RandomPlayer
BoardInit:Tile:9,Bonus,Tile:10,Map,Tile:14,Tile:0,Tile:5,Tile:0,Tile:4,Destroy,Tile:13,Bonus,Map,Tile:11,Tile:15,Map,Tile:10,Tile:9,Malus,Tile:8,Tile:12,Tile:7,Tile:1,Tile:8,Destroy,Tile:6,Tile:9,Map,Tile:3,Tile:7,Tile:6,Bonus,Tile:6,Tile:9,Tile:7,Tile:2,Bonus,Tile:6,Tile:7,Tile:5,Tile:7-Tile:5,Tile:5,Tile:8,Tile:8,Destroy,Malus,Tile:0-Tile:6,Tile:9,Map,Tile:8,Tile:10,Tile:0,Map-Tile:hidden1,Tile:hidden2,Tile:nugget
Tile:5_flip 5 6 1
Map 12 3 0
Tile:5 4 5 1
Drop 5 0 0
Tile:9_flip 5 4 1
Drop 6 0 0
Drop 3 0 1
Tile:6 6 5 0
Tile:8 4 6 1
Tile:8 7 5 0
Drop 1 0 1
Tile:0 8 5 0
Tile:14 7 6 1
Destroy 7 6 0
Drop 5 0 1
Drop 6 0 0
Tile:15 5 3 1
Drop 6 0 0
Tile:8 4 7 1
Tile:0 9 5 0
Drop 4 0 1
Tile:0 10 5 0
Drop 1 0 1
Tile:8 11 5 0
Drop 4 0 1
Tile:9_flip 5 2 0
Tile:4 11 4 1
Tile:9_flip 7 6 0
Destroy 4 6 1
Tile:7_flip 4 2 0
Tile:1 13 5 1
Tile:10 6 4 0
Tile:10 6 3 1
Tile:6 4 4 0
Tile:6 12 6 1
Tile:8 4 1 0
Drop 6 0 1
Drop 6 0 0
Tile:5 6 6 1
Tile:9_flip 5 1 0
Tile:0 5 7 1
Tile:5 6 2 0
Tile:6_flip 3 4 1
Drop 0 0 0
Tile:7 13 6 1
Tile:6 7 2 0
Tile:3 4 0 1
Tile:7_flip 2 4 0
Tile:9_flip 7 7 1
Drop 0 0 0
Tile:7_flip 4 8 1
Map 12 3 0
Tile:12_flip 3 7 1
Drop 0 0 0
Drop 0 0 1
GAMEOVER DRAW
# Game ended: Sun Apr 26 22:03:11 EDT 2020
