# Server version 0.08 running on nosferatu:8123
# Game ID: 135
# Board class: Saboteur.SaboteurBoard
# Timeout: 20000
# First Move Timeout: 30000
# Date: Sun Apr 26 17:23:13 EDT 2020
# Player 1: Player-0, 'RandomPlayer', running on nosferatu
# Player 2: Player-1, 'SaboteurAI', running on nosferatu
START Player-0 RandomPlayer
START Player-1 SaboteurAI
BoardInit:Map,Tile:12,Tile:0,Tile:7,Tile:7,Tile:10,Tile:9,Tile:10,Map,Tile:3,Tile:5,Tile:5,Tile:8,Tile:6,Malus,Tile:2,Tile:0,Tile:6,Tile:11,Map,Tile:1,Tile:9,Tile:7,Tile:8,Malus,Tile:7,Tile:5,Destroy,Tile:8,Tile:9,Bonus,Bonus,Destroy,Tile:7,Tile:6,Bonus,Destroy,Tile:8,Tile:5,Tile:9,Tile:10-Tile:6,Tile:0,Tile:15,Map,Map,Tile:13,Tile:9-Tile:6,Tile:0,Map,Tile:8,Tile:4,Tile:14,Bonus-Tile:nugget,Tile:hidden1,Tile:hidden2
Map 12 3 1
Drop 3 0 0
Drop 2 0 1
Map 12 3 0
Drop 2 0 1
Tile:6 4 5 0
Drop 2 0 1
Tile:7_flip 5 6 0
Drop 3 0 1
Tile:12 6 6 0
Drop 6 0 1
Tile:0 3 5 0
Tile:6 6 5 1
Tile:3_flip 2 5 0
Tile:0 7 5 1
Tile:14_flip 5 4 0
Malus 0 0 1
Drop 1 0 0
Tile:9_flip 8 5 1
Drop 3 0 0
Drop 6 0 1
Map 12 7 0
Drop 6 0 1
Drop 0 0 0
Tile:9 8 4 1
Drop 2 0 0
Malus 0 0 1
Drop 0 0 0
Tile:0 9 4 1
Drop 2 0 0
Tile:5_flip 10 4 1
Drop 0 0 0
Tile:8 10 3 1
Drop 6 0 0
Tile:0 11 3 1
GAMEOVER WINNER 1
# Game ended: Sun Apr 26 17:23:14 EDT 2020
