# Server version 0.08 running on nosferatu:8123
# Game ID: 22
# Board class: Saboteur.SaboteurBoard
# Timeout: 20000
# First Move Timeout: 30000
# Date: Sun Apr 26 16:31:32 EDT 2020
# Player 1: Player-0, 'RandomPlayer', running on nosferatu
# Player 2: Player-1, 'Filippo', running on nosferatu
START Player-0 RandomPlayer
START Player-1 Filippo
BoardInit:Tile:1,Tile:8,Tile:5,Tile:8,Tile:7,Tile:9,Tile:8,Map,Tile:5,Tile:9,Tile:0,Bonus,Tile:13,Tile:3,Tile:4,Tile:14,Tile:10,Tile:9,Tile:5,Map,Bonus,Destroy,Tile:10,Tile:9,Tile:7,Tile:7,Tile:0,Tile:6,Tile:0,Tile:10,Malus,Malus,Map,Tile:6,Tile:5,Tile:11,Map,Map,Tile:8,Tile:9,Tile:8-Bonus,Destroy,Tile:6,Tile:12,Tile:2,Tile:0,Tile:7-Tile:6,Tile:6,Tile:7,Bonus,Map,Tile:15,Destroy-Tile:hidden1,Tile:hidden2,Tile:nugget
Drop 3 0 1
Drop 3 0 0
Drop 3 0 1
Tile:6_flip 6 5 0
Drop 5 0 1
Tile:7_flip 6 6 0
Tile:6 7 5 1
Tile:15 7 4 0
Destroy 7 4 1
Destroy 6 5 0
Tile:5 5 4 1
Tile:9_flip 8 5 0
Tile:7 8 4 1
Tile:9 7 4 0
Drop 6 0 1
Tile:8 4 5 0
Drop 6 0 1
Tile:6_flip 7 6 0
Tile:7 7 3 1
Tile:9_flip 4 4 0
Tile:8 6 5 1
Tile:8 4 3 0
Tile:5_flip 7 7 1
Drop 1 0 0
Tile:0 6 7 1
Tile:9_flip 5 6 0
Tile:0 6 3 1
Tile:7_flip 3 5 0
Tile:5_flip 8 6 1
Map 12 5 0
Tile:0 5 3 1
Drop 2 0 0
Malus 0 0 1
Destroy 8 5 0
Map 12 3 1
Bonus 0 0 0
Tile:7 6 4 1
Tile:11 3 4 0
Drop 6 0 1
Tile:6 5 7 0
Tile:8 8 5 1
Tile:6 4 6 0
Tile:0 9 5 1
Map 12 3 0
Tile:8 10 5 1
Tile:3_flip 10 6 0
Tile:5_flip 11 5 1
Tile:9_flip 4 2 0
Tile:10 10 4 1
Tile:10 4 1 0
Tile:10 10 3 1
Malus 0 0 0
Bonus 0 0 1
Map 12 7 0
Drop 0 0 1
GAMEOVER DRAW
# Game ended: Sun Apr 26 16:31:33 EDT 2020
