# Server version 0.08 running on nosferatu:8123
# Game ID: 159
# Board class: Saboteur.SaboteurBoard
# Timeout: 20000
# First Move Timeout: 30000
# Date: Sun Apr 26 23:27:13 EDT 2020
# Player 1: Player-0, 'RandomPlayer', running on nosferatu
# Player 2: Player-1, 'SaboteurAI', running on nosferatu
START Player-0 RandomPlayer
START Player-1 SaboteurAI
BoardInit:Tile:8,Tile:0,Tile:5,Bonus,Tile:7,Tile:10,Tile:9,Tile:9,Tile:6,Map,Tile:10,Map,Malus,Tile:5,Tile:4,Destroy,Tile:1,Bonus,Tile:5,Tile:15,Map,Tile:9,Tile:10,Tile:14,Map,Bonus,Tile:6,Tile:6,Malus,Tile:12,Map,Tile:8,Tile:11,Tile:7,Tile:7,Tile:8,Tile:9,Destroy,Tile:0,Map,Tile:2-Tile:3,Tile:9,Destroy,Bonus,Tile:0,Tile:6,Tile:7-Tile:8,Tile:7,Tile:6,Tile:13,Tile:8,Tile:5,Tile:0-Tile:hidden2,Tile:nugget,Tile:hidden1
Drop 0 0 1
Tile:6 4 5 0
Destroy 4 5 1
Tile:5 4 5 0
Tile:0 6 5 1
Tile:8 7 5 0
Tile:6 8 5 1
Tile:10 5 6 0
Tile:8 9 5 1
Tile:9 9 4 0
Tile:6 10 5 1
Map 12 7 0
Tile:9_flip 11 5 1
Drop 0 0 0
Malus 0 0 1
Map 12 5 0
Drop 6 0 1
Destroy 11 5 0
Drop 6 0 1
Drop 2 0 0
Tile:7 11 5 1
Drop 4 0 0
Map 12 3 1
Drop 5 0 0
Tile:7_flip 11 6 1
Drop 0 0 0
Tile:5_flip 4 6 1
Drop 3 0 0
Tile:9_flip 12 6 1
GAMEOVER WINNER 1
# Game ended: Sun Apr 26 23:27:17 EDT 2020
