# Server version 0.08 running on nosferatu:8123
# Game ID: 87
# Board class: Saboteur.SaboteurBoard
# Timeout: 20000
# First Move Timeout: 30000
# Date: Sun Apr 26 16:40:30 EDT 2020
# Player 1: Player-0, 'Filippo', running on nosferatu
# Player 2: Player-1, 'RandomPlayer', running on nosferatu
START Player-0 Filippo
START Player-1 RandomPlayer
BoardInit:Tile:0,Tile:14,Tile:9,Tile:1,Tile:11,Tile:8,Map,Tile:5,Tile:9,Tile:10,Tile:10,Map,Tile:5,Map,Tile:4,Tile:5,Tile:3,Tile:8,Tile:2,Tile:9,Tile:8,Bonus,Tile:8,Bonus,Tile:6,Tile:5,Tile:0,Map,Tile:9,Tile:12,Tile:7,Tile:6,Tile:9,Malus,Map,Tile:15,Destroy,Bonus,Bonus,Tile:6,Malus-Tile:7,Destroy,Tile:6,Destroy,Tile:7,Map,Tile:0-Tile:7,Tile:10,Tile:7,Tile:8,Tile:6,Tile:0,Tile:13-Tile:hidden2,Tile:hidden1,Tile:nugget
Tile:7_flip 5 6 1
Drop 6 0 0
Tile:6 6 5 1
Drop 6 0 0
Tile:0 6 6 1
Drop 6 0 0
Drop 4 0 1
Tile:8 7 5 0
Tile:9 7 4 1
Tile:6 8 5 0
Destroy 5 6 1
Tile:0 9 5 0
Tile:11 5 6 1
Map 12 3 0
Destroy 6 6 1
Drop 6 0 0
Tile:10 5 4 1
Tile:8 10 5 0
Map 12 3 1
Tile:8 11 5 0
Tile:4 11 4 1
Tile:7 6 6 0
Tile:9_flip 10 4 1
Tile:10 5 7 0
Drop 2 0 1
Tile:10 6 4 0
Tile:3 8 4 1
Tile:5 4 5 0
Tile:8 12 6 1
GAMEOVER WINNER 1
# Game ended: Sun Apr 26 16:40:31 EDT 2020
