# Server version 0.08 running on nosferatu:8123
# Game ID: 113
# Board class: Saboteur.SaboteurBoard
# Timeout: 20000
# First Move Timeout: 30000
# Date: Sun Apr 26 17:20:54 EDT 2020
# Player 1: Player-0, 'SaboteurAI', running on nosferatu
# Player 2: Player-1, 'RandomPlayer', running on nosferatu
START Player-0 SaboteurAI
START Player-1 RandomPlayer
BoardInit:Bonus,Tile:5,Tile:5,Tile:3,Tile:0,Tile:9,Bonus,Tile:6,Tile:6,Tile:9,Tile:9,Tile:15,Tile:11,Map,Tile:6,Tile:13,Tile:10,Tile:0,Bonus,Malus,Tile:4,Map,Bonus,Map,Tile:7,Tile:7,Map,Tile:7,Map,Tile:8,Tile:1,Malus,Tile:7,Tile:0,Tile:5,Tile:8,Tile:9,Tile:2,Destroy,Tile:8,Tile:0-Tile:8,Tile:12,Map,Tile:10,Tile:6,Tile:14,Tile:6-Tile:10,Tile:7,Tile:5,Tile:9,Destroy,Destroy,Tile:8-Tile:hidden2,Tile:nugget,Tile:hidden1
Tile:6 6 5 1
Tile:8 7 5 0
Map 12 5 1
Tile:7 8 5 0
Tile:14_flip 7 4 1
Drop 6 0 0
Tile:12_flip 4 5 1
Destroy 7 4 0
Tile:6 8 6 1
Destroy 4 5 0
Tile:5 6 4 1
Tile:5_flip 9 6 0
Tile:10 9 5 1
Drop 6 0 0
Tile:9_flip 5 6 1
Map 12 3 0
Drop 5 0 1
Drop 6 0 0
Drop 1 0 1
Tile:9 9 4 0
Tile:6 7 6 1
Malus 0 0 0
Drop 5 0 1
Drop 6 0 0
Drop 0 0 1
Drop 6 0 0
Drop 5 0 1
Tile:9_flip 10 4 0
Drop 6 0 1
Tile:9 10 5 0
Drop 3 0 1
Tile:6 11 5 0
GAMEOVER WINNER 0
# Game ended: Sun Apr 26 17:20:57 EDT 2020
