# Server version 0.08 running on nosferatu:8123
# Game ID: 53
# Board class: Saboteur.SaboteurBoard
# Timeout: 20000
# First Move Timeout: 30000
# Date: Sun Apr 26 16:34:52 EDT 2020
# Player 1: Player-0, 'Filippo', running on nosferatu
# Player 2: Player-1, 'RandomPlayer', running on nosferatu
START Player-0 Filippo
START Player-1 RandomPlayer
BoardInit:Tile:10,Tile:9,Map,Tile:8,Malus,Map,Tile:9,Tile:2,Tile:11,Map,Tile:7,Tile:9,Tile:6,Tile:8,Tile:1,Tile:6,Tile:7,Tile:5,Tile:0,Tile:9,Map,Tile:5,Tile:5,Tile:5,Tile:8,Tile:7,Tile:0,Tile:6,Bonus,Bonus,Tile:9,Map,Tile:13,Map,Tile:0,Bonus,Tile:8,Destroy,Destroy,Tile:7,Destroy-Tile:3,Tile:6,Tile:6,Tile:12,Tile:4,Tile:8,Malus-Tile:0,Bonus,Tile:14,Tile:7,Tile:15,Tile:10,Tile:10-Tile:hidden1,Tile:nugget,Tile:hidden2
Tile:4_flip 5 6 1
Drop 2 0 0
Malus 0 0 1
Bonus 0 0 0
Tile:6 6 5 1
Drop 2 0 0
Tile:10 5 4 1
Map 12 3 0
Tile:8 4 5 1
Drop 6 0 0
Map 12 7 1
Drop 6 0 0
Tile:11_flip 7 5 1
Tile:7 7 4 0
Drop 2 0 1
Tile:9 6 4 0
Tile:7 6 3 1
Tile:10 4 6 0
Tile:6 4 7 1
Tile:0 5 7 0
Tile:9 5 3 1
Tile:8 6 7 0
Tile:7_flip 7 6 1
Tile:6_flip 7 7 0
Drop 2 0 1
Tile:9_flip 8 6 0
Tile:0 3 5 1
Tile:8 8 7 0
Tile:5 8 5 1
Tile:6 9 5 0
Tile:1 10 5 1
Tile:10 9 4 0
Tile:8 11 5 1
Drop 6 0 0
Tile:13 6 8 1
Drop 6 0 0
Tile:0 5 8 1
Tile:5_flip 9 7 0
Tile:8 7 8 1
Destroy 6 8 0
Destroy 5 6 1
Tile:5 9 6 0
Malus 0 0 1
Bonus 0 0 0
Tile:3 4 4 1
Tile:7 10 6 0
Destroy 9 6 1
Tile:9 10 7 0
Tile:9 11 6 1
Tile:5 9 6 0
Drop 0 0 1
Tile:7_flip 10 8 0
Tile:0 4 8 1
Drop 0 0 0
Drop 0 0 1
GAMEOVER DRAW
# Game ended: Sun Apr 26 16:35:00 EDT 2020
