# Server version 0.08 running on nosferatu:8123
# Game ID: 136
# Board class: Saboteur.SaboteurBoard
# Timeout: 20000
# First Move Timeout: 30000
# Date: Sun Apr 26 22:03:03 EDT 2020
# Player 1: Player-0, 'RandomPlayer', running on nosferatu
# Player 2: Player-1, 'SaboteurAI', running on nosferatu
START Player-0 RandomPlayer
START Player-1 SaboteurAI
BoardInit:Tile:0,Tile:6,Tile:9,Tile:5,Tile:1,Tile:6,Map,Tile:12,Bonus,Tile:5,Bonus,Tile:5,Bonus,Tile:11,Tile:9,Tile:8,Tile:6,Tile:7,Map,Map,Bonus,Tile:10,Map,Tile:15,Tile:4,Tile:8,Tile:7,Tile:6,Tile:3,Tile:0,Tile:7,Tile:9,Destroy,Malus,Destroy,Tile:14,Destroy,Map,Tile:10,Malus,Tile:7-Tile:8,Tile:6,Tile:5,Tile:0,Tile:8,Tile:9,Tile:7-Tile:0,Tile:2,Tile:10,Tile:8,Tile:13,Tile:9,Map-Tile:nugget,Tile:hidden2,Tile:hidden1
Tile:6_flip 4 5 1
Tile:13 5 6 0
Tile:8 6 5 1
Tile:9 6 4 0
Tile:0 7 5 1
Tile:6 6 6 0
Drop 6 0 1
Tile:0 8 5 0
Map 12 3 1
Tile:12 7 4 0
Tile:5_flip 9 5 1
Tile:6 5 7 0
Tile:8 9 4 1
Map 12 7 0
Tile:9 9 3 1
Tile:11 3 5 0
Tile:0 10 3 1
Tile:2_flip 3 6 0
Tile:6 11 3 1
GAMEOVER WINNER 1
# Game ended: Sun Apr 26 22:03:04 EDT 2020
