# Server version 0.08 running on nosferatu:8123
# Game ID: 134
# Board class: Saboteur.SaboteurBoard
# Timeout: 20000
# First Move Timeout: 30000
# Date: Sun Apr 26 17:23:11 EDT 2020
# Player 1: Player-0, 'SaboteurAI', running on nosferatu
# Player 2: Player-1, 'RandomPlayer', running on nosferatu
START Player-0 SaboteurAI
START Player-1 RandomPlayer
BoardInit:Tile:13,Tile:0,Tile:8,Tile:8,Map,Map,Tile:6,Tile:6,Tile:9,Tile:14,Tile:7,Tile:0,Tile:6,Tile:7,Tile:5,Tile:0,Bonus,Tile:4,Tile:0,Tile:7,Tile:5,Tile:11,Tile:7,Tile:10,Malus,Tile:9,Tile:15,Tile:8,Tile:7,Tile:8,Tile:12,Destroy,Bonus,Bonus,Tile:9,Tile:9,Tile:9,Map,Tile:6,Bonus,Tile:8-Destroy,Tile:10,Tile:1,Map,Map,Destroy,Map-Tile:6,Tile:10,Malus,Tile:5,Tile:3,Tile:2,Tile:5-Tile:nugget,Tile:hidden2,Tile:hidden1
Tile:10 5 4 1
Malus 0 0 0
Destroy 5 4 1
Drop 3 0 0
Drop 1 0 1
Drop 3 0 0
Drop 0 0 1
Map 12 3 0
Drop 3 0 1
Tile:5_flip 5 6 0
Drop 1 0 1
Drop 6 0 0
Map 12 3 1
Tile:6 6 5 0
Drop 2 0 1
Tile:10 6 4 0
Map 12 7 1
Tile:5 6 3 0
Drop 3 0 1
Drop 6 0 0
Drop 2 0 1
Tile:0 7 3 0
Drop 3 0 1
Drop 6 0 0
Drop 5 0 1
Tile:8 8 3 0
Drop 5 0 1
Tile:6 9 3 0
Drop 2 0 1
Tile:0 10 3 0
Drop 4 0 1
Tile:0 11 3 0
GAMEOVER WINNER 0
# Game ended: Sun Apr 26 17:23:12 EDT 2020
