# Server version 0.08 running on nosferatu:8123
# Game ID: 84
# Board class: Saboteur.SaboteurBoard
# Timeout: 20000
# First Move Timeout: 30000
# Date: Sun Apr 26 16:40:21 EDT 2020
# Player 1: Player-0, 'RandomPlayer', running on nosferatu
# Player 2: Player-1, 'Filippo', running on nosferatu
START Player-0 RandomPlayer
START Player-1 Filippo
BoardInit:Tile:7,Tile:9,Tile:5,Tile:13,Map,Tile:9,Tile:6,Bonus,Tile:9,Tile:8,Tile:8,Tile:9,Tile:15,Tile:7,Tile:10,Tile:4,Tile:5,Tile:1,Tile:10,Bonus,Tile:0,Tile:8,Tile:8,Tile:7,Tile:0,Tile:8,Tile:7,Tile:0,Map,Tile:0,Tile:6,Tile:11,Bonus,Tile:12,Tile:5,Tile:7,Tile:6,Malus,Tile:10,Map,Tile:6-Malus,Tile:9,Map,Destroy,Tile:5,Destroy,Tile:2-Bonus,Tile:14,Map,Map,Tile:6,Tile:3,Destroy-Tile:hidden2,Tile:nugget,Tile:hidden1
Malus 0 0 1
Drop 3 0 0
Map 12 3 1
Drop 5 0 0
Drop 4 0 1
Map 12 5 0
Drop 6 0 1
Drop 3 0 0
Tile:6 4 5 1
Drop 0 0 0
Destroy 4 5 1
Bonus 0 0 0
Tile:5 4 5 1
Tile:9 5 4 0
Drop 6 0 1
Tile:13 4 6 0
Destroy 4 5 1
Tile:9_flip 4 7 0
Tile:8 6 5 1
Tile:9_flip 6 4 0
Tile:9_flip 7 5 1
Tile:7_flip 6 6 0
Tile:5 7 4 1
Tile:6 3 6 0
Tile:7 8 4 1
Tile:7 5 3 0
Tile:9 8 5 1
Tile:14_flip 3 7 0
Tile:0 9 5 1
Tile:4 3 5 0
Drop 6 0 1
Tile:8 2 6 0
Tile:8 10 5 1
Tile:0 1 6 0
Tile:0 11 5 1
GAMEOVER WINNER 1
# Game ended: Sun Apr 26 16:40:24 EDT 2020
