# Server version 0.08 running on nosferatu:8123
# Game ID: 77
# Board class: Saboteur.SaboteurBoard
# Timeout: 20000
# First Move Timeout: 30000
# Date: Sun Apr 26 16:39:51 EDT 2020
# Player 1: Player-0, 'Filippo', running on nosferatu
# Player 2: Player-1, 'RandomPlayer', running on nosferatu
START Player-0 Filippo
START Player-1 RandomPlayer
BoardInit:Tile:9,Tile:11,Tile:5,Tile:7,Tile:6,Tile:0,Tile:9,Tile:8,Tile:6,Tile:15,Tile:9,Tile:9,Tile:0,Tile:7,Malus,Map,Tile:9,Tile:7,Bonus,Malus,Tile:10,Bonus,Map,Tile:8,Tile:2,Tile:8,Tile:10,Tile:7,Destroy,Tile:12,Tile:4,Destroy,Destroy,Tile:6,Tile:0,Bonus,Tile:3,Bonus,Tile:8,Tile:10,Tile:5-Tile:8,Map,Tile:5,Tile:1,Tile:13,Tile:6,Map-Map,Tile:14,Tile:6,Tile:7,Tile:5,Tile:0,Map-Tile:hidden1,Tile:nugget,Tile:hidden2
Tile:6 4 5 1
Map 12 3 0
Tile:13 5 6 1
Drop 0 0 0
Tile:9 4 4 1
Drop 4 0 0
Drop 2 0 1
Drop 4 0 0
Tile:9_flip 4 3 1
Tile:6 6 5 0
Drop 1 0 1
Drop 6 0 0
Tile:1 4 6 1
Tile:0 7 5 0
Tile:6 5 7 1
Tile:0 8 5 0
Tile:0 4 7 1
Drop 6 0 0
Tile:6_flip 6 7 1
Tile:8 9 5 0
Drop 6 0 1
Malus 0 0 0
Map 12 5 1
Tile:7 10 5 0
Drop 5 0 1
Tile:7_flip 10 6 0
Map 12 5 1
Tile:8 11 6 0
Drop 6 0 1
Tile:5 11 5 0
GAMEOVER WINNER 0
# Game ended: Sun Apr 26 16:39:54 EDT 2020
