# Server version 0.08 running on nosferatu:8123
# Game ID: 133
# Board class: Saboteur.SaboteurBoard
# Timeout: 20000
# First Move Timeout: 30000
# Date: Sun Apr 26 17:23:08 EDT 2020
# Player 1: Player-0, 'RandomPlayer', running on nosferatu
# Player 2: Player-1, 'SaboteurAI', running on nosferatu
START Player-0 RandomPlayer
START Player-1 SaboteurAI
BoardInit:Tile:2,Map,Tile:9,Tile:0,Destroy,Tile:7,Tile:7,Bonus,Malus,Tile:6,Tile:5,Tile:0,Tile:6,Destroy,Tile:1,Tile:0,Tile:9,Tile:8,Tile:10,Tile:9,Tile:6,Tile:14,Tile:10,Tile:11,Tile:10,Tile:15,Bonus,Tile:8,Tile:7,Tile:13,Tile:8,Tile:4,Tile:7,Tile:7,Bonus,Tile:6,Map,Tile:5,Tile:3,Bonus,Map-Map,Tile:12,Map,Tile:9,Tile:5,Tile:0,Tile:6-Malus,Tile:8,Tile:5,Destroy,Tile:9,Tile:8,Map-Tile:hidden1,Tile:nugget,Tile:hidden2
Map 12 3 1
Tile:8 5 4 0
Drop 0 0 1
Tile:9_flip 6 5 0
Drop 0 0 1
Tile:5_flip 6 6 0
Drop 4 0 1
Drop 2 0 0
Destroy 5 4 1
Tile:7_flip 4 5 0
Malus 0 0 1
Map 12 7 0
Tile:9 6 4 1
Malus 0 0 0
Drop 3 0 1
Drop 3 0 0
Drop 6 0 1
Destroy 6 4 0
Drop 1 0 1
Drop 1 0 0
Drop 4 0 1
Destroy 4 5 0
Drop 5 0 1
Map 12 7 0
Drop 1 0 1
Drop 2 0 0
Drop 4 0 1
Drop 0 0 0
Bonus 0 0 1
Drop 5 0 0
Tile:5 6 4 1
Drop 0 0 0
Tile:7 7 4 1
Drop 6 0 0
Tile:9 7 5 1
Drop 3 0 0
Tile:8 8 5 1
Drop 3 0 0
Drop 6 0 1
Drop 6 0 0
Drop 6 0 1
Drop 4 0 0
Drop 6 0 1
Bonus 0 0 0
Tile:5_flip 9 5 1
Tile:9 9 4 0
Tile:7 10 4 1
Drop 0 0 0
Tile:7_flip 10 5 1
Tile:6 4 5 0
Tile:10 8 6 1
Tile:13 3 5 0
Tile:10 8 4 1
Tile:14_flip 2 5 0
Drop 0 0 1
GAMEOVER DRAW
# Game ended: Sun Apr 26 17:23:09 EDT 2020
