# Server version 0.08 running on nosferatu:8123
# Game ID: 91
# Board class: Saboteur.SaboteurBoard
# Timeout: 20000
# First Move Timeout: 30000
# Date: Sun Apr 26 16:45:06 EDT 2020
# Player 1: Player-0, 'RandomPlayer', running on nosferatu
# Player 2: Player-1, 'SaboteurAI', running on nosferatu
START Player-0 RandomPlayer
START Player-1 SaboteurAI
BoardInit:Tile:7,Tile:2,Tile:1,Destroy,Tile:9,Tile:7,Tile:0,Tile:8,Tile:5,Tile:8,Tile:6,Tile:4,Bonus,Tile:10,Map,Tile:11,Tile:0,Tile:9,Map,Tile:0,Tile:8,Tile:13,Map,Tile:10,Tile:12,Map,Tile:7,Tile:6,Map,Tile:10,Tile:6,Destroy,Map,Tile:6,Tile:8,Tile:0,Tile:9,Tile:14,Bonus,Tile:5,Tile:8-Tile:5,Tile:3,Malus,Tile:9,Tile:7,Destroy,Tile:7-Bonus,Tile:15,Bonus,Tile:9,Malus,Tile:5,Tile:6-Tile:nugget,Tile:hidden2,Tile:hidden1
Malus 0 0 1
Bonus 0 0 0
Drop 1 0 1
Tile:5 4 5 0
Drop 6 0 1
Tile:9_flip 5 6 0
Destroy 4 5 1
Tile:2_flip 4 6 0
Tile:0 6 5 1
Tile:7 5 4 0
Tile:5_flip 7 5 1
Tile:6 4 4 0
Tile:9 7 4 1
Drop 6 0 0
Tile:7 8 4 1
Tile:15 8 5 0
Map 12 3 1
Malus 0 0 0
Bonus 0 0 1
Drop 1 0 0
Drop 6 0 1
Drop 4 0 0
Tile:9 7 3 1
Tile:8 5 7 0
Drop 6 0 1
Tile:9 7 2 0
Drop 6 0 1
Tile:10 4 3 0
Tile:6 8 3 1
Drop 4 0 0
Drop 6 0 1
Tile:13 4 2 0
Tile:0 9 3 1
Drop 4 0 0
Drop 6 0 1
Drop 0 0 0
Tile:8 10 3 1
Tile:6_flip 10 2 0
Tile:6 11 3 1
GAMEOVER WINNER 1
# Game ended: Sun Apr 26 16:45:11 EDT 2020
