# Server version 0.08 running on nosferatu:8123
# Game ID: 26
# Board class: Saboteur.SaboteurBoard
# Timeout: 20000
# First Move Timeout: 30000
# Date: Sun Apr 26 16:31:42 EDT 2020
# Player 1: Player-0, 'RandomPlayer', running on nosferatu
# Player 2: Player-1, 'Filippo', running on nosferatu
START Player-0 RandomPlayer
START Player-1 Filippo
BoardInit:Tile:7,Malus,Map,Tile:4,Malus,Tile:1,Tile:8,Tile:0,Tile:8,Tile:6,Tile:8,Destroy,Tile:5,Map,Tile:12,Tile:13,Tile:15,Tile:7,Tile:0,Map,Tile:0,Tile:5,Destroy,Tile:9,Tile:2,Tile:8,Tile:6,Tile:6,Tile:9,Tile:14,Tile:11,Bonus,Tile:0,Tile:10,Tile:9,Tile:10,Bonus,Map,Tile:7,Tile:9,Bonus-Tile:9,Destroy,Tile:8,Map,Tile:5,Bonus,Tile:3-Tile:6,Tile:5,Tile:10,Tile:7,Tile:6,Tile:7,Map-Tile:nugget,Tile:hidden1,Tile:hidden2
Map 12 3 1
Tile:6 5 6 0
Drop 5 0 1
Tile:6_flip 6 6 0
Drop 6 0 1
Map 12 7 0
Malus 0 0 1
Drop 3 0 0
Destroy 5 6 1
Drop 5 0 0
Tile:7_flip 5 6 1
Malus 0 0 0
Bonus 0 0 1
Drop 3 0 0
Tile:9 5 4 1
Drop 2 0 0
Drop 6 0 1
Drop 0 0 0
Drop 6 0 1
Drop 1 0 0
Tile:8 5 3 1
Destroy 5 4 0
Tile:5_flip 6 3 1
Drop 1 0 0
Destroy 5 6 1
Map 12 7 0
Drop 6 0 1
Drop 3 0 0
Tile:8 7 6 1
Drop 5 0 0
Tile:9_flip 5 2 1
Drop 0 0 0
Drop 6 0 1
Drop 4 0 0
Tile:6_flip 4 5 1
Drop 0 0 0
Tile:8 5 4 1
Drop 4 0 0
Tile:5 6 2 1
Map 12 5 0
Tile:8 7 2 1
Drop 2 0 0
Tile:0 8 2 1
Drop 1 0 0
Tile:0 9 2 1
Drop 3 0 0
Tile:0 10 2 1
Drop 0 0 0
Tile:9_flip 11 2 1
Drop 2 0 0
Tile:7_flip 11 3 1
GAMEOVER WINNER 1
# Game ended: Sun Apr 26 16:31:46 EDT 2020
