# Server version 0.08 running on nosferatu:8123
# Game ID: 120
# Board class: Saboteur.SaboteurBoard
# Timeout: 20000
# First Move Timeout: 30000
# Date: Sun Apr 26 17:21:26 EDT 2020
# Player 1: Player-0, 'RandomPlayer', running on nosferatu
# Player 2: Player-1, 'SaboteurAI', running on nosferatu
START Player-0 RandomPlayer
START Player-1 SaboteurAI
BoardInit:Tile:5,Tile:9,Map,Tile:0,Tile:5,Tile:8,Tile:9,Tile:4,Tile:8,Tile:7,Map,Tile:7,Tile:7,Tile:7,Map,Tile:3,Tile:5,Tile:7,Tile:5,Tile:11,Tile:6,Tile:10,Tile:13,Tile:10,Tile:6,Destroy,Tile:9,Tile:0,Tile:2,Destroy,Tile:0,Tile:9,Map,Tile:8,Tile:6,Tile:1,Tile:6,Tile:12,Tile:15,Destroy,Bonus-Bonus,Tile:0,Map,Tile:6,Bonus,Tile:9,Tile:10-Tile:8,Tile:14,Malus,Tile:8,Malus,Bonus,Map-Tile:hidden1,Tile:nugget,Tile:hidden2
Map 12 3 1
Tile:14 5 6 0
Tile:0 6 5 1
Tile:8 5 4 0
Drop 6 0 1
Map 12 5 0
Tile:6 7 5 1
Tile:8 7 4 0
Tile:9_flip 8 4 1
Drop 2 0 0
Tile:8 8 5 1
Tile:8 4 6 0
Drop 6 0 1
Tile:0 3 6 0
Tile:5_flip 9 5 1
Tile:7 8 3 0
Drop 6 0 1
Malus 0 0 0
Bonus 0 0 1
Tile:7_flip 2 6 0
Tile:5 9 4 1
Tile:11 4 5 0
Tile:9_flip 10 4 1
Tile:9_flip 4 7 0
Drop 6 0 1
Tile:3 10 3 0
Tile:7_flip 10 5 1
Malus 0 0 0
Bonus 0 0 1
Tile:7 11 5 0
Drop 6 0 1
Drop 6 0 0
Tile:6 11 6 1
Destroy 2 6 0
Tile:0 2 6 1
Tile:0 12 6 0
Tile:6 4 8 1
Tile:9_flip 8 6 0
Tile:6 6 4 1
Tile:12_flip 10 6 0
Tile:6_flip 4 4 1
Destroy 7 5 0
Map 12 3 1
Tile:1 13 6 0
Tile:5_flip 5 8 1
Tile:7_flip 7 6 0
Tile:5 3 7 1
Tile:8 7 3 0
Tile:10 8 7 1
Tile:10 8 8 0
Tile:9 8 9 1
Tile:4 5 3 0
Drop 0 0 1
Tile:10 7 2 0
Drop 0 0 1
GAMEOVER DRAW
# Game ended: Sun Apr 26 17:21:30 EDT 2020
