# Server version 0.08 running on nosferatu:8123
# Game ID: 6
# Board class: Saboteur.SaboteurBoard
# Timeout: 20000
# First Move Timeout: 30000
# Date: Sun Apr 26 16:30:27 EDT 2020
# Player 1: Player-0, 'Filippo', running on nosferatu
# Player 2: Player-1, 'RandomPlayer', running on nosferatu
START Player-0 Filippo
START Player-1 RandomPlayer
BoardInit:Tile:9,Tile:6,Tile:7,Malus,Tile:10,Bonus,Tile:7,Map,Malus,Tile:6,Tile:9,Tile:5,Tile:15,Bonus,Tile:14,Tile:0,Map,Map,Tile:5,Tile:8,Tile:7,Tile:10,Tile:6,Bonus,Tile:0,Tile:4,Tile:6,Tile:0,Tile:9,Tile:10,Tile:9,Destroy,Tile:12,Bonus,Map,Tile:3,Tile:11,Tile:8,Tile:2,Map,Tile:13-Tile:0,Tile:7,Tile:5,Tile:1,Tile:5,Destroy,Tile:8-Tile:9,Tile:7,Destroy,Map,Tile:8,Tile:6,Tile:8-Tile:hidden1,Tile:nugget,Tile:hidden2
Tile:5 4 5 1
Map 12 3 0
Tile:7 5 4 1
Tile:8 6 5 0
Drop 1 0 1
Malus 0 0 0
Destroy 5 4 1
Destroy 4 5 0
Drop 1 0 1
Drop 6 0 0
Malus 0 0 1
Bonus 0 0 0
Drop 0 0 1
Tile:6 7 5 0
Drop 0 0 1
Tile:8 8 5 0
Drop 5 0 1
Tile:6 9 5 0
Drop 3 0 1
Drop 6 0 0
Map 12 7 1
Tile:6 10 5 0
Drop 0 0 1
Tile:0 11 5 0
GAMEOVER WINNER 0
# Game ended: Sun Apr 26 16:30:28 EDT 2020
