# Server version 0.08 running on nosferatu:8123
# Game ID: 145
# Board class: Saboteur.SaboteurBoard
# Timeout: 20000
# First Move Timeout: 30000
# Date: Sun Apr 26 22:03:27 EDT 2020
# Player 1: Player-0, 'SaboteurAI', running on nosferatu
# Player 2: Player-1, 'RandomPlayer', running on nosferatu
START Player-0 SaboteurAI
START Player-1 RandomPlayer
BoardInit:Destroy,Tile:8,Tile:10,Tile:4,Tile:9,Tile:11,Tile:7,Tile:15,Map,Malus,Tile:5,Tile:3,Tile:9,Tile:10,Tile:7,Tile:5,Tile:9,Tile:0,Bonus,Tile:6,Destroy,Tile:1,Destroy,Tile:2,Tile:10,Tile:8,Bonus,Tile:12,Tile:14,Tile:6,Tile:5,Tile:5,Map,Bonus,Tile:6,Map,Tile:0,Map,Tile:8,Tile:6,Tile:6-Tile:8,Tile:9,Tile:8,Tile:7,Tile:0,Tile:7,Tile:9-Tile:13,Malus,Tile:0,Bonus,Map,Map,Tile:7-Tile:nugget,Tile:hidden2,Tile:hidden1
Tile:9_flip 6 5 1
Malus 0 0 0
Drop 1 0 1
Map 12 3 0
Drop 4 0 1
Drop 0 0 0
Drop 3 0 1
Drop 2 0 0
Drop 5 0 1
Drop 4 0 0
Drop 1 0 1
Malus 0 0 0
Drop 6 0 1
Drop 4 0 0
Map 12 5 1
Drop 4 0 0
Drop 1 0 1
Drop 4 0 0
Drop 3 0 1
Tile:8 6 4 0
Bonus 0 0 1
Tile:0 7 4 0
Drop 1 0 1
Drop 6 0 0
Destroy 7 4 1
Drop 6 0 0
Drop 5 0 1
Tile:5 6 3 0
Drop 6 0 1
Drop 6 0 0
Drop 0 0 1
Tile:0 7 3 0
Drop 6 0 1
Tile:6 8 3 0
Drop 3 0 1
Tile:8 9 3 0
Drop 2 0 1
Drop 6 0 0
Map 12 5 1
Drop 6 0 0
Drop 2 0 1
Tile:6 10 3 0
Drop 0 0 1
Tile:6 11 3 0
GAMEOVER WINNER 0
# Game ended: Sun Apr 26 22:03:29 EDT 2020
