# Server version 0.08 running on nosferatu:8123
# Game ID: 66
# Board class: Saboteur.SaboteurBoard
# Timeout: 20000
# First Move Timeout: 30000
# Date: Sun Apr 26 16:37:57 EDT 2020
# Player 1: Player-0, 'Filippo', running on nosferatu
# Player 2: Player-1, 'RandomPlayer', running on nosferatu
START Player-0 Filippo
START Player-1 RandomPlayer
BoardInit:Tile:10,Tile:0,Tile:6,Tile:6,Tile:15,Tile:1,Map,Tile:7,Destroy,Tile:9,Bonus,Tile:8,Tile:7,Tile:4,Tile:5,Map,Tile:7,Map,Bonus,Tile:8,Tile:7,Destroy,Tile:0,Tile:14,Malus,Tile:5,Tile:13,Tile:8,Tile:9,Tile:9,Tile:11,Tile:5,Map,Tile:7,Tile:3,Tile:6,Map,Tile:10,Bonus,Tile:0,Tile:0-Tile:9,Tile:8,Malus,Destroy,Tile:6,Map,Tile:10-Bonus,Tile:5,Tile:9,Tile:6,Tile:2,Tile:8,Tile:12-Tile:hidden1,Tile:hidden2,Tile:nugget
Tile:9 5 6 1
Drop 4 0 0
Tile:8 6 5 1
Drop 5 0 0
Tile:6_flip 7 5 1
Tile:6 8 5 0
Tile:10 5 7 1
Drop 6 0 0
Tile:10 6 4 1
Tile:8 9 5 0
Tile:15 5 8 1
Tile:0 10 5 0
Map 12 7 1
Tile:6 11 5 0
Destroy 8 5 1
Tile:8 4 5 0
Tile:6 7 6 1
Drop 5 0 0
Tile:7_flip 12 6 1
Drop 5 0 0
Map 12 7 1
Tile:9 9 4 0
Destroy 7 5 1
Drop 4 0 0
Tile:0 8 6 1
Drop 6 0 0
Tile:5_flip 5 9 1
Destroy 5 6 0
Tile:13 5 6 1
Tile:5_flip 9 6 0
Drop 3 0 1
Tile:9_flip 6 3 0
Tile:11_flip 12 4 1
Tile:8 4 9 0
Tile:7 6 2 1
Tile:8 4 4 0
Tile:7 4 8 1
Tile:5 3 5 0
Tile:3 9 3 1
Tile:7_flip 8 5 0
Drop 2 0 1
Tile:9 3 6 0
Map 12 7 1
Tile:0 13 5 0
Tile:9_flip 7 5 1
Drop 1 0 0
Tile:0 13 6 1
Tile:6 3 4 0
Map 12 7 1
Tile:10 7 4 0
Drop 0 0 1
Tile:7 5 4 0
Drop 1 0 1
Drop 0 0 0
Drop 0 0 1
GAMEOVER DRAW
# Game ended: Sun Apr 26 16:38:02 EDT 2020
