# Server version 0.08 running on nosferatu:8123
# Game ID: 156
# Board class: Saboteur.SaboteurBoard
# Timeout: 20000
# First Move Timeout: 30000
# Date: Sun Apr 26 23:27:01 EDT 2020
# Player 1: Player-0, 'SaboteurAI', running on nosferatu
# Player 2: Player-1, 'RandomPlayer', running on nosferatu
START Player-0 SaboteurAI
START Player-1 RandomPlayer
BoardInit:Tile:8,Tile:0,Malus,Bonus,Tile:9,Tile:5,Destroy,Map,Tile:13,Bonus,Tile:0,Bonus,Tile:0,Tile:7,Tile:14,Tile:6,Tile:8,Tile:9,Tile:6,Tile:15,Tile:8,Map,Tile:7,Bonus,Tile:4,Tile:10,Tile:9,Map,Tile:7,Tile:5,Tile:1,Map,Tile:9,Destroy,Map,Tile:7,Tile:8,Tile:10,Tile:11,Tile:12,Destroy-Tile:2,Map,Tile:0,Tile:8,Tile:3,Tile:6,Tile:7-Tile:10,Malus,Tile:6,Tile:5,Tile:6,Tile:5,Tile:9-Tile:hidden1,Tile:hidden2,Tile:nugget
Tile:3 6 5 1
Malus 0 0 0
Map 12 3 1
Tile:10 5 4 0
Drop 4 0 1
Tile:6_flip 5 3 0
Drop 3 0 1
Tile:6 6 3 0
Drop 6 0 1
Map 12 3 0
Malus 0 0 1
Bonus 0 0 0
Drop 0 0 1
Tile:9_flip 7 3 0
Drop 0 0 1
Tile:7_flip 7 4 0
Drop 5 0 1
Tile:0 8 4 0
Drop 3 0 1
Tile:6 9 4 0
Drop 2 0 1
Drop 6 0 0
Drop 0 0 1
Drop 6 0 0
Drop 2 0 1
Tile:9_flip 10 4 0
Drop 0 0 1
Tile:5_flip 10 5 0
Drop 5 0 1
Drop 6 0 0
Drop 0 0 1
Tile:5 9 5 0
Drop 6 0 1
Drop 6 0 0
Drop 3 0 1
Destroy 6 5 0
Drop 2 0 1
Tile:10 9 6 0
Map 12 5 1
Tile:7_flip 9 7 0
Drop 2 0 1
Drop 6 0 0
Drop 5 0 1
Tile:5_flip 10 7 0
Destroy 7 3 1
Tile:5 9 3 0
Drop 2 0 1
Tile:10 5 6 0
Drop 0 0 1
Drop 1 0 0
Drop 0 0 1
Drop 0 0 0
Drop 1 0 1
Drop 0 0 0
Drop 0 0 1
GAMEOVER DRAW
# Game ended: Sun Apr 26 23:27:03 EDT 2020
