# Server version 0.08 running on nosferatu:8123
# Game ID: 100
# Board class: Saboteur.SaboteurBoard
# Timeout: 20000
# First Move Timeout: 30000
# Date: Sun Apr 26 16:45:45 EDT 2020
# Player 1: Player-0, 'SaboteurAI', running on nosferatu
# Player 2: Player-1, 'RandomPlayer', running on nosferatu
START Player-0 SaboteurAI
START Player-1 RandomPlayer
BoardInit:Tile:7,Bonus,Destroy,Tile:0,Tile:9,Tile:14,Tile:2,Map,Tile:5,Tile:5,Tile:5,Tile:7,Map,Tile:5,Tile:0,Tile:7,Bonus,Tile:8,Malus,Tile:9,Map,Tile:11,Tile:10,Bonus,Tile:6,Tile:15,Tile:10,Tile:8,Tile:6,Tile:9,Malus,Map,Destroy,Map,Tile:7,Tile:0,Map,Tile:6,Tile:1,Tile:12,Tile:6-Tile:4,Tile:9,Tile:8,Bonus,Tile:8,Tile:3,Tile:9-Tile:6,Tile:0,Tile:10,Tile:7,Tile:13,Destroy,Tile:8-Tile:hidden1,Tile:nugget,Tile:hidden2
Tile:3_flip 4 5 1
Drop 4 0 0
Tile:9 4 4 1
Destroy 4 5 0
Drop 2 0 1
Tile:8 4 5 0
Tile:8 5 4 1
Drop 6 0 0
Tile:9 4 3 1
Map 12 3 0
Tile:5_flip 6 5 1
Tile:6_flip 6 4 0
Tile:8 4 6 1
Tile:0 7 4 0
Tile:2_flip 3 5 1
Tile:7 8 4 0
Tile:9_flip 5 6 1
Tile:7_flip 8 5 0
Tile:0 3 6 1
Tile:0 9 5 0
Tile:7 3 4 1
Tile:8 10 5 0
Destroy 3 6 1
Drop 6 0 0
Tile:4_flip 4 7 1
Tile:5_flip 11 5 0
Tile:10 5 7 1
Drop 6 0 0
Tile:6_flip 5 3 1
Tile:5 11 4 0
Tile:5 2 4 1
Tile:7 12 4 0
GAMEOVER WINNER 0
# Game ended: Sun Apr 26 16:45:48 EDT 2020
