# Server version 0.08 running on nosferatu:8123
# Game ID: 164
# Board class: Saboteur.SaboteurBoard
# Timeout: 20000
# First Move Timeout: 30000
# Date: Sun Apr 26 23:27:35 EDT 2020
# Player 1: Player-0, 'SaboteurAI', running on nosferatu
# Player 2: Player-1, 'RandomPlayer', running on nosferatu
START Player-0 SaboteurAI
START Player-1 RandomPlayer
BoardInit:Tile:7,Destroy,Tile:8,Tile:13,Tile:3,Tile:4,Bonus,Tile:10,Tile:6,Tile:10,Tile:5,Tile:7,Tile:5,Tile:9,Tile:8,Tile:0,Tile:9,Tile:8,Tile:9,Tile:1,Destroy,Malus,Tile:9,Tile:2,Tile:12,Tile:6,Destroy,Bonus,Map,Tile:0,Tile:6,Map,Tile:14,Bonus,Bonus,Tile:7,Map,Tile:0,Malus,Tile:7,Map-Tile:5,Tile:8,Map,Tile:9,Tile:6,Tile:10,Tile:7-Tile:11,Tile:15,Tile:8,Map,Tile:5,Tile:0,Tile:6-Tile:nugget,Tile:hidden1,Tile:hidden2
Tile:9_flip 6 5 1
Map 12 3 0
Map 12 3 1
Drop 0 0 0
Tile:6 4 5 1
Drop 0 0 0
Tile:10 5 4 1
Drop 5 0 0
Tile:7_flip 5 6 1
Drop 5 0 0
Drop 1 0 1
Tile:8 5 3 0
Tile:6 6 3 1
Tile:0 7 3 0
Tile:5 5 2 1
Tile:6 8 3 0
Tile:5_flip 9 3 1
Tile:5 9 2 0
Tile:9_flip 4 4 1
Destroy 4 5 0
Tile:5 4 3 1
Drop 6 0 0
Tile:9_flip 6 6 1
Malus 0 0 0
Destroy 4 4 1
Drop 6 0 0
Drop 0 0 1
Tile:7 10 2 0
Drop 5 0 1
Tile:9 10 3 0
Bonus 0 0 1
Tile:0 11 3 0
GAMEOVER WINNER 0
# Game ended: Sun Apr 26 23:27:38 EDT 2020
