# Server version 0.08 running on nosferatu:8123
# Game ID: 43
# Board class: Saboteur.SaboteurBoard
# Timeout: 20000
# First Move Timeout: 30000
# Date: Sun Apr 26 16:33:25 EDT 2020
# Player 1: Player-0, 'RandomPlayer', running on nosferatu
# Player 2: Player-1, 'Filippo', running on nosferatu
START Player-0 RandomPlayer
START Player-1 Filippo
BoardInit:Map,Tile:5,Tile:7,Tile:5,Tile:2,Map,Tile:6,Tile:6,Tile:7,Tile:8,Tile:10,Tile:11,Tile:5,Tile:6,Tile:8,Tile:5,Tile:8,Tile:9,Tile:0,Bonus,Destroy,Tile:9,Tile:8,Tile:4,Tile:7,Bonus,Tile:9,Tile:7,Destroy,Tile:9,Bonus,Tile:8,Malus,Malus,Tile:1,Tile:10,Tile:0,Tile:12,Destroy,Tile:0,Tile:14-Tile:3,Map,Tile:15,Tile:0,Tile:9,Tile:10,Bonus-Tile:6,Map,Map,Tile:13,Tile:7,Tile:6,Map-Tile:hidden1,Tile:nugget,Tile:hidden2
Map 12 3 1
Tile:7 5 4 0
Drop 0 0 1
Tile:6 5 6 0
Drop 0 0 1
Drop 1 0 0
Drop 4 0 1
Tile:6_flip 6 5 0
Drop 5 0 1
Tile:6_flip 4 6 0
Tile:0 7 5 1
Map 12 3 0
Tile:6 8 5 1
Tile:8 4 7 0
Tile:9_flip 9 5 1
Drop 5 0 0
Tile:10 9 6 1
Map 12 7 0
Tile:7_flip 9 7 1
Tile:13 4 8 0
Tile:8 10 7 1
Tile:9 3 6 0
Tile:8 11 7 1
Drop 0 0 0
Tile:7_flip 3 8 1
Drop 3 0 0
Destroy 9 7 1
Tile:5 11 6 0
Tile:7 8 4 1
Tile:6 13 7 0
Tile:9 12 8 1
Tile:7_flip 10 8 0
Drop 2 0 1
Tile:9_flip 12 6 0
Tile:8 4 9 1
Tile:9 13 6 0
Malus 0 0 1
Drop 0 0 0
Drop 5 0 1
Bonus 0 0 0
Destroy 5 6 1
Tile:4 13 5 0
Drop 6 0 1
Tile:0 13 8 0
Destroy 5 4 1
Tile:10 5 4 0
Tile:10 9 4 1
Tile:12_flip 3 9 0
Tile:0 7 4 1
Tile:8 5 9 0
Tile:0 4 5 1
Malus 0 0 0
Bonus 0 0 1
Drop 0 0 0
Drop 0 0 1
GAMEOVER DRAW
# Game ended: Sun Apr 26 16:33:28 EDT 2020
