# Server version 0.08 running on nosferatu:8123
# Game ID: 4
# Board class: Saboteur.SaboteurBoard
# Timeout: 20000
# First Move Timeout: 30000
# Date: Sun Apr 26 16:30:20 EDT 2020
# Player 1: Player-0, 'Filippo', running on nosferatu
# Player 2: Player-1, 'RandomPlayer', running on nosferatu
START Player-0 Filippo
START Player-1 RandomPlayer
BoardInit:Tile:5,Tile:6,Malus,Map,Tile:6,Tile:5,Tile:0,Destroy,Tile:7,Tile:0,Tile:7,Tile:5,Map,Tile:0,Tile:7,Tile:2,Tile:9,Destroy,Bonus,Tile:10,Tile:10,Tile:8,Tile:8,Tile:11,Tile:4,Bonus,Tile:6,Bonus,Tile:8,Tile:9,Tile:8,Tile:1,Tile:6,Malus,Tile:9,Tile:9,Map,Tile:0,Tile:10,Tile:3,Bonus-Destroy,Tile:13,Tile:15,Tile:7,Tile:12,Map,Tile:9-Tile:14,Map,Tile:7,Tile:6,Tile:8,Tile:5,Map-Tile:nugget,Tile:hidden1,Tile:hidden2
Drop 3 0 1
Map 12 3 0
Drop 1 0 1
Drop 0 0 0
Tile:5_flip 5 6 1
Drop 4 0 0
Map 12 3 1
Drop 5 0 0
Tile:6_flip 6 5 1
Tile:6 7 5 0
Tile:9 6 6 1
Tile:8 7 4 0
Tile:15 5 4 1
Destroy 5 4 0
Tile:7 5 4 1
Tile:5 7 3 0
Tile:7_flip 4 4 1
Drop 6 0 0
Destroy 5 4 1
Tile:6 8 3 0
Tile:9 6 7 1
Destroy 6 6 0
Tile:7 9 3 1
Tile:7_flip 9 4 0
Tile:12 8 5 1
Drop 6 0 0
Tile:8 6 8 1
Tile:5_flip 10 4 0
Tile:0 7 7 1
Tile:5 10 3 0
Tile:6_flip 5 4 1
Tile:0 11 3 0
GAMEOVER WINNER 0
# Game ended: Sun Apr 26 16:30:22 EDT 2020
