# Server version 0.08 running on nosferatu:8123
# Game ID: 59
# Board class: Saboteur.SaboteurBoard
# Timeout: 20000
# First Move Timeout: 30000
# Date: Sun Apr 26 16:35:23 EDT 2020
# Player 1: Player-0, 'Filippo', running on nosferatu
# Player 2: Player-1, 'RandomPlayer', running on nosferatu
START Player-0 Filippo
START Player-1 RandomPlayer
BoardInit:Tile:9,Bonus,Malus,Tile:9,Tile:10,Map,Tile:12,Bonus,Tile:9,Tile:7,Tile:5,Tile:8,Tile:0,Tile:6,Malus,Tile:0,Tile:10,Tile:14,Map,Tile:10,Destroy,Map,Tile:1,Tile:6,Map,Tile:2,Tile:8,Tile:0,Tile:9,Tile:8,Tile:8,Map,Destroy,Tile:4,Tile:5,Tile:9,Map,Tile:5,Tile:6,Tile:7,Tile:7-Destroy,Tile:11,Tile:5,Tile:3,Tile:7,Bonus,Tile:8-Tile:15,Tile:0,Tile:13,Bonus,Tile:6,Tile:6,Tile:7-Tile:hidden2,Tile:hidden1,Tile:nugget
Tile:11 5 6 1
Drop 0 0 0
Tile:7_flip 5 7 1
Drop 1 0 0
Drop 4 0 1
Tile:0 6 5 0
Tile:9_flip 6 7 1
Map 12 3 0
Drop 0 0 1
Tile:6 7 5 0
Drop 1 0 1
Tile:6 8 5 0
Tile:5_flip 9 5 1
Tile:9 9 4 0
Tile:10 8 4 1
Tile:7 10 4 0
Tile:9 10 5 1
Tile:8 11 5 0
Drop 1 0 1
Tile:7 9 3 0
Tile:10 7 4 1
Tile:10 6 8 0
Destroy 10 4 1
Tile:6_flip 5 4 0
Tile:12 6 4 1
Tile:14_flip 8 3 0
Drop 3 0 1
Tile:2 11 4 0
Drop 5 0 1
Map 12 7 0
Tile:9_flip 10 6 1
Tile:6_flip 10 4 0
Tile:8 4 5 1
Tile:0 3 5 0
Tile:8 10 7 1
Tile:4_flip 12 6 0
Tile:5 9 6 1
Tile:9_flip 10 8 0
Destroy 10 5 1
Drop 5 0 0
Tile:5 9 8 1
Tile:5_flip 4 6 0
Tile:1 13 5 1
Tile:0 3 6 0
Map 12 3 1
Tile:7 7 3 0
Tile:7_flip 9 9 1
Tile:8 2 6 0
Tile:6 1 6 1
Drop 0 0 0
Tile:0 6 3 1
Drop 1 0 0
Drop 0 0 1
Drop 0 0 0
Drop 0 0 1
GAMEOVER DRAW
# Game ended: Sun Apr 26 16:35:25 EDT 2020
