# Server version 0.08 running on nosferatu:8123
# Game ID: 160
# Board class: Saboteur.SaboteurBoard
# Timeout: 20000
# First Move Timeout: 30000
# Date: Sun Apr 26 23:27:18 EDT 2020
# Player 1: Player-0, 'SaboteurAI', running on nosferatu
# Player 2: Player-1, 'RandomPlayer', running on nosferatu
START Player-0 SaboteurAI
START Player-1 RandomPlayer
BoardInit:Bonus,Tile:7,Map,Tile:9,Tile:10,Tile:6,Tile:0,Tile:2,Tile:14,Tile:10,Bonus,Map,Tile:8,Tile:7,Tile:11,Destroy,Map,Tile:15,Bonus,Tile:12,Tile:9,Map,Tile:8,Tile:0,Tile:10,Map,Tile:6,Tile:6,Tile:4,Destroy,Map,Tile:7,Tile:5,Tile:8,Malus,Tile:9,Tile:8,Tile:7,Tile:6,Tile:6,Tile:9-Tile:13,Tile:7,Tile:0,Tile:1,Tile:5,Tile:0,Tile:5-Tile:3,Tile:8,Destroy,Tile:9,Bonus,Tile:5,Malus-Tile:hidden2,Tile:nugget,Tile:hidden1
Tile:13 5 6 1
Malus 0 0 0
Drop 1 0 1
Drop 0 0 0
Map 12 5 1
Destroy 5 6 0
Drop 3 0 1
Tile:9_flip 6 5 0
Drop 5 0 1
Drop 6 0 0
Bonus 0 0 1
Tile:6_flip 6 4 0
Drop 6 0 1
Map 12 3 0
Drop 2 0 1
Tile:8 7 4 0
Tile:8 5 6 1
Tile:7 8 4 0
Tile:7_flip 5 7 1
Drop 6 0 0
Tile:11 5 4 1
Drop 6 0 0
Tile:5_flip 6 6 1
Drop 6 0 0
Tile:8 7 3 1
Destroy 5 4 0
Tile:14 8 3 1
Drop 6 0 0
Tile:0 6 3 1
Tile:9 8 5 0
Tile:6_flip 8 2 1
Destroy 7 3 0
Tile:1 6 7 1
Tile:0 9 5 0
Map 12 7 1
Tile:6 10 5 0
Drop 6 0 1
Tile:8 11 5 0
GAMEOVER WINNER 0
# Game ended: Sun Apr 26 23:27:21 EDT 2020
