# Server version 0.08 running on nosferatu:8123
# Game ID: 37
# Board class: Saboteur.SaboteurBoard
# Timeout: 20000
# First Move Timeout: 30000
# Date: Sun Apr 26 16:33:06 EDT 2020
# Player 1: Player-0, 'RandomPlayer', running on nosferatu
# Player 2: Player-1, 'Filippo', running on nosferatu
START Player-0 RandomPlayer
START Player-1 Filippo
BoardInit:Destroy,Malus,Tile:9,Destroy,Tile:0,Map,Tile:1,Tile:5,Tile:6,Tile:10,Tile:7,Tile:3,Tile:5,Tile:5,Tile:6,Tile:9,Tile:8,Malus,Map,Tile:9,Tile:8,Tile:5,Tile:14,Tile:7,Tile:13,Bonus,Map,Bonus,Tile:12,Tile:2,Tile:10,Tile:8,Tile:6,Tile:0,Map,Tile:0,Tile:9,Map,Bonus,Tile:7,Tile:7-Tile:11,Tile:8,Tile:9,Tile:7,Destroy,Tile:8,Tile:6-Tile:0,Tile:10,Tile:15,Tile:4,Bonus,Map,Tile:6-Tile:hidden1,Tile:hidden2,Tile:nugget
Drop 0 0 1
Tile:15 5 4 0
Destroy 5 4 1
Tile:4 5 4 0
Destroy 5 4 1
Tile:6_flip 6 5 0
Tile:8 7 5 1
Drop 6 0 0
Drop 6 0 1
Drop 0 0 0
Tile:8 8 5 1
Tile:5 5 4 0
Tile:6 9 5 1
Destroy 5 4 0
Tile:0 10 5 1
Tile:5 9 4 0
Tile:6 11 5 1
Tile:10 12 4 0
Tile:7_flip 6 6 1
Tile:9_flip 12 2 0
Tile:8 11 3 1
Tile:9_flip 8 4 0
Tile:6 7 6 1
Tile:5 5 4 0
Tile:9_flip 12 6 1
GAMEOVER WINNER 1
# Game ended: Sun Apr 26 16:33:07 EDT 2020
