# Server version 0.08 running on nosferatu:8123
# Game ID: 28
# Board class: Saboteur.SaboteurBoard
# Timeout: 20000
# First Move Timeout: 30000
# Date: Sun Apr 26 16:31:54 EDT 2020
# Player 1: Player-0, 'RandomPlayer', running on nosferatu
# Player 2: Player-1, 'Filippo', running on nosferatu
START Player-0 RandomPlayer
START Player-1 Filippo
BoardInit:Tile:10,Tile:2,Tile:5,Map,Tile:6,Tile:0,Tile:6,Tile:0,Malus,Tile:9,Tile:6,Map,Destroy,Tile:6,Tile:8,Tile:5,Bonus,Map,Map,Tile:3,Tile:7,Tile:7,Map,Bonus,Tile:10,Tile:7,Tile:5,Tile:14,Tile:9,Tile:9,Tile:0,Destroy,Tile:4,Map,Bonus,Destroy,Bonus,Tile:7,Tile:9,Tile:10,Tile:13-Malus,Tile:1,Tile:0,Tile:8,Tile:8,Tile:8,Tile:7-Tile:5,Tile:9,Tile:15,Tile:6,Tile:11,Tile:8,Tile:12-Tile:nugget,Tile:hidden1,Tile:hidden2
Malus 0 0 1
Drop 3 0 0
Drop 0 0 1
Drop 1 0 0
Tile:5 5 4 1
Drop 2 0 0
Tile:0 6 5 1
Map 12 5 0
Tile:8 7 5 1
Drop 1 0 0
Malus 0 0 1
Drop 4 0 0
Tile:8 8 5 1
Drop 4 0 0
Tile:8 9 5 1
Map 12 7 0
Tile:6 10 5 1
Drop 5 0 0
Tile:6 11 5 1
Drop 2 0 0
Tile:8 9 4 1
Drop 4 0 0
Drop 6 0 1
Drop 5 0 0
Drop 2 0 1
Drop 4 0 0
Tile:10 9 6 1
Drop 0 0 0
Tile:7 12 4 1
Drop 6 0 0
Tile:9 8 4 1
Drop 1 0 0
Destroy 10 5 1
Destroy 9 6 0
Tile:4_flip 12 6 1
Drop 3 0 0
Tile:10 8 3 1
Destroy 8 3 0
Tile:5_flip 9 6 1
Map 12 3 0
Tile:0 10 4 1
Drop 2 0 0
Drop 1 0 1
Drop 1 0 0
Drop 1 0 1
Drop 3 0 0
Drop 4 0 1
Drop 0 0 0
Tile:9 8 3 1
Drop 2 0 0
Drop 2 0 1
Drop 0 0 0
Drop 0 0 1
Drop 0 0 0
Drop 0 0 1
GAMEOVER DRAW
# Game ended: Sun Apr 26 16:31:55 EDT 2020
