# Server version 0.08 running on nosferatu:8123
# Game ID: 24
# Board class: Saboteur.SaboteurBoard
# Timeout: 20000
# First Move Timeout: 30000
# Date: Sun Apr 26 16:31:37 EDT 2020
# Player 1: Player-0, 'RandomPlayer', running on nosferatu
# Player 2: Player-1, 'Filippo', running on nosferatu
START Player-0 RandomPlayer
START Player-1 Filippo
BoardInit:Tile:8,Tile:0,Tile:5,Tile:5,Bonus,Malus,Tile:8,Tile:9,Destroy,Map,Map,Bonus,Tile:14,Tile:7,Tile:0,Tile:7,Tile:8,Tile:11,Map,Destroy,Tile:3,Tile:13,Bonus,Tile:8,Tile:6,Tile:9,Tile:10,Bonus,Tile:9,Tile:7,Tile:6,Tile:10,Tile:12,Tile:4,Tile:0,Tile:9,Tile:6,Tile:5,Map,Tile:1,Tile:8-Destroy,Malus,Map,Tile:15,Tile:2,Tile:7,Tile:5-Map,Tile:10,Tile:9,Tile:6,Tile:7,Tile:0,Tile:6-Tile:hidden2,Tile:nugget,Tile:hidden1
Malus 0 0 1
Map 12 3 0
Map 12 3 1
Drop 1 0 0
Drop 1 0 1
Drop 4 0 0
Drop 1 0 1
Drop 3 0 0
Tile:5_flip 6 5 1
Drop 5 0 0
Tile:8 5 4 1
Drop 1 0 0
Drop 6 0 1
Drop 6 0 0
Drop 6 0 1
Map 12 7 0
Destroy 5 4 1
Drop 5 0 0
Tile:8 5 6 1
Drop 3 0 0
Drop 6 0 1
Drop 4 0 0
Drop 6 0 1
Drop 5 0 0
Destroy 5 6 1
Drop 2 0 0
Drop 3 0 1
Drop 0 0 0
Drop 0 0 1
Drop 6 0 0
Drop 1 0 1
Drop 0 0 0
Tile:8 6 4 1
Drop 6 0 0
Drop 6 0 1
Drop 3 0 0
Tile:6 7 4 1
Drop 3 0 0
Tile:9_flip 8 4 1
Drop 6 0 0
Drop 6 0 1
Drop 2 0 0
Tile:6 8 5 1
Drop 1 0 0
Tile:0 9 5 1
Drop 3 0 0
Tile:6 10 5 1
Drop 0 0 0
Tile:8 11 5 1
GAMEOVER WINNER 1
# Game ended: Sun Apr 26 16:31:38 EDT 2020
