# Server version 0.08 running on nosferatu:8123
# Game ID: 81
# Board class: Saboteur.SaboteurBoard
# Timeout: 20000
# First Move Timeout: 30000
# Date: Sun Apr 26 16:40:08 EDT 2020
# Player 1: Player-0, 'Filippo', running on nosferatu
# Player 2: Player-1, 'RandomPlayer', running on nosferatu
START Player-0 Filippo
START Player-1 RandomPlayer
BoardInit:Tile:6,Destroy,Tile:6,Tile:7,Malus,Tile:8,Tile:13,Tile:10,Bonus,Tile:0,Map,Tile:10,Bonus,Tile:9,Tile:9,Map,Map,Tile:10,Tile:9,Tile:3,Tile:5,Tile:7,Destroy,Tile:0,Tile:6,Tile:7,Bonus,Tile:7,Tile:5,Tile:4,Tile:0,Map,Malus,Tile:8,Tile:7,Bonus,Map,Tile:9,Tile:1,Tile:12,Tile:6-Tile:8,Tile:14,Tile:15,Tile:5,Tile:2,Tile:0,Destroy-Tile:6,Map,Tile:8,Tile:11,Tile:9,Tile:5,Tile:8-Tile:hidden1,Tile:nugget,Tile:hidden2
Tile:8 5 6 1
Map 12 3 0
Tile:14_flip 4 5 1
Drop 2 0 0
Drop 1 0 1
Destroy 4 5 0
Destroy 5 6 1
Tile:8 5 4 0
Tile:6_flip 5 3 1
Tile:6 6 5 0
Tile:6 7 5 1
Tile:8 8 5 0
Tile:13 9 5 1
Tile:9 8 4 0
Map 12 7 1
Tile:8 9 4 0
Malus 0 0 1
Drop 6 0 0
Tile:9_flip 6 3 1
Drop 1 0 0
Tile:15 9 6 1
Drop 6 0 0
Tile:9_flip 5 6 1
Drop 4 0 0
Tile:5 4 6 1
Drop 5 0 0
Tile:0 4 5 1
Drop 1 0 0
Tile:6 4 4 1
Drop 4 0 0
Tile:5_flip 8 6 1
Drop 6 0 0
Map 12 7 1
Drop 6 0 0
Destroy 8 4 1
Drop 0 0 0
Tile:0 10 5 1
Bonus 0 0 0
Tile:2 8 4 1
Tile:0 7 6 0
Drop 0 0 1
Drop 6 0 0
Tile:6_flip 11 5 1
Tile:10 5 7 0
Drop 4 0 1
Tile:8 6 4 0
Tile:7 9 3 1
Tile:7_flip 5 8 0
Drop 0 0 1
Tile:9_flip 6 8 0
Tile:1 3 5 1
Tile:10 4 7 0
Malus 0 0 1
Drop 0 0 0
Drop 0 0 1
GAMEOVER DRAW
# Game ended: Sun Apr 26 16:40:12 EDT 2020
