# Server version 0.08 running on DESKTOP-066M5S6:8123
# Game ID: 170
# Board class: Saboteur.SaboteurBoard
# Timeout: 20000
# First Move Timeout: 30000
# Date: Mon Apr 27 13:59:38 EDT 2020
# Player 1: Player-0, 'SaboteurAI', running on DESKTOP-066M5S6
# Player 2: Player-1, 'Human', running on DESKTOP-066M5S6
START Player-0 SaboteurAI
START Player-1 Human
BoardInit:Tile:7,Tile:5,Tile:1,Tile:6,Tile:14,Malus,Destroy,Tile:2,Map,Tile:10,Tile:9,Map,Tile:3,Tile:8,Map,Tile:15,Tile:5,Tile:12,Tile:13,Tile:6,Tile:5,Map,Tile:6,Tile:7,Tile:0,Tile:0,Tile:0,Destroy,Tile:6,Destroy,Tile:7,Tile:4,Bonus,Tile:10,Tile:6,Malus,Tile:9,Tile:5,Tile:8,Tile:8,Tile:0-Bonus,Tile:8,Map,Tile:8,Tile:7,Bonus,Tile:7-Tile:10,Tile:11,Map,Tile:9,Tile:9,Tile:9,Bonus-Tile:hidden2,Tile:nugget,Tile:hidden1
Tile:8 6 5 1
Map 12 3 0
Tile:8 7 5 1
Tile:9_flip 8 5 0
Map 12 5 1
Tile:10 8 6 0
Drop 5 0 1
Malus 0 0 0
Destroy 8 6 1
Tile:9 8 4 0
Bonus 0 0 1
Tile:9_flip 9 4 0
Tile:9 9 5 1
Tile:6 10 5 0
Tile:7 8 3 1
Tile:8 11 5 0
GAMEOVER WINNER 0
# Game ended: Mon Apr 27 14:00:42 EDT 2020
