# Server version 0.08 running on nosferatu:8123
# Game ID: 153
# Board class: Saboteur.SaboteurBoard
# Timeout: 20000
# First Move Timeout: 30000
# Date: Sun Apr 26 23:26:52 EDT 2020
# Player 1: Player-0, 'RandomPlayer', running on nosferatu
# Player 2: Player-1, 'SaboteurAI', running on nosferatu
START Player-0 RandomPlayer
START Player-1 SaboteurAI
BoardInit:Tile:15,Tile:11,Tile:8,Tile:7,Tile:6,Tile:5,Tile:2,Tile:7,Tile:6,Map,Tile:10,Tile:9,Tile:5,Bonus,Tile:7,Destroy,Map,Tile:1,Bonus,Tile:10,Tile:5,Tile:6,Bonus,Map,Malus,Destroy,Tile:4,Tile:9,Map,Tile:14,Bonus,Tile:13,Tile:3,Destroy,Tile:8,Tile:9,Tile:6,Map,Malus,Tile:8,Tile:8-Map,Tile:8,Tile:0,Tile:6,Tile:9,Tile:9,Tile:5-Tile:7,Tile:0,Tile:0,Tile:0,Tile:12,Tile:7,Tile:10-Tile:hidden1,Tile:hidden2,Tile:nugget
Map 12 3 1
Drop 2 0 0
Drop 6 0 1
Tile:7 6 5 0
Tile:8 5 4 1
Drop 2 0 0
Tile:0 6 4 1
Tile:7 7 4 0
Drop 6 0 1
Tile:11 5 6 0
Tile:9 7 5 1
Tile:7 5 3 0
Tile:6 8 5 1
Tile:7_flip 7 6 0
Tile:8 9 5 1
Tile:5 9 4 0
Tile:6 10 5 1
Destroy 5 4 0
Drop 6 0 1
Tile:0 11 5 0
Tile:9 5 4 1
Tile:0 4 3 0
Tile:6 12 6 1
Tile:10 5 7 0
Tile:5 3 3 1
Drop 5 0 0
Tile:5_flip 9 6 1
Tile:9_flip 13 5 0
Tile:7 12 4 1
Tile:1 11 6 0
Tile:5_flip 6 6 1
Tile:14_flip 13 4 0
Drop 4 0 1
Destroy 10 5 0
Malus 0 0 1
Destroy 12 6 0
Drop 3 0 1
Drop 0 0 0
Tile:6 4 5 1
Map 12 3 0
Tile:8 10 5 1
Drop 6 0 0
Tile:3_flip 10 6 1
Map 12 3 0
Tile:8 12 6 1
GAMEOVER WINNER 1
# Game ended: Sun Apr 26 23:26:53 EDT 2020
