# Server version 0.08 running on nosferatu:8123
# Game ID: 101
# Board class: Saboteur.SaboteurBoard
# Timeout: 20000
# First Move Timeout: 30000
# Date: Sun Apr 26 16:45:49 EDT 2020
# Player 1: Player-0, 'RandomPlayer', running on nosferatu
# Player 2: Player-1, 'SaboteurAI', running on nosferatu
START Player-0 RandomPlayer
START Player-1 SaboteurAI
BoardInit:Tile:1,Map,Tile:8,Tile:0,Tile:8,Tile:6,Tile:12,Tile:8,Tile:7,Tile:7,Tile:10,Tile:7,Tile:9,Tile:5,Tile:6,Tile:15,Malus,Tile:9,Map,Bonus,Map,Bonus,Tile:6,Destroy,Tile:8,Map,Tile:6,Bonus,Tile:9,Map,Tile:10,Tile:14,Map,Tile:11,Tile:3,Tile:7,Tile:9,Malus,Tile:6,Tile:0,Tile:0-Tile:5,Tile:0,Tile:7,Tile:8,Tile:2,Tile:13,Tile:10-Tile:5,Destroy,Destroy,Tile:4,Bonus,Tile:5,Tile:9-Tile:nugget,Tile:hidden2,Tile:hidden1
Drop 4 0 1
Tile:9 5 6 0
Drop 4 0 1
Drop 1 0 0
Drop 5 0 1
Tile:4_flip 5 7 0
Tile:0 6 5 1
Tile:5 4 5 0
Drop 6 0 1
Tile:6_flip 5 4 0
Tile:8 7 5 1
Tile:8 7 6 0
Tile:8 8 5 1
Destroy 7 5 0
Tile:5_flip 9 5 1
Tile:7_flip 4 4 0
Tile:7 9 4 1
Tile:0 6 6 0
Malus 0 0 1
Map 12 7 0
Map 12 3 1
Drop 4 0 0
Drop 6 0 1
Bonus 0 0 0
Tile:8 7 5 1
Destroy 4 4 0
Tile:9 8 4 1
Tile:9_flip 8 6 0
Tile:6_flip 8 3 1
Tile:7_flip 4 4 0
Tile:6 9 3 1
Tile:5_flip 8 7 0
Tile:8 10 3 1
Map 12 5 0
Tile:6 11 3 1
GAMEOVER WINNER 1
# Game ended: Sun Apr 26 16:45:52 EDT 2020
