# Server version 0.08 running on nosferatu:8123
# Game ID: 119
# Board class: Saboteur.SaboteurBoard
# Timeout: 20000
# First Move Timeout: 30000
# Date: Sun Apr 26 17:21:21 EDT 2020
# Player 1: Player-0, 'SaboteurAI', running on nosferatu
# Player 2: Player-1, 'RandomPlayer', running on nosferatu
START Player-0 SaboteurAI
START Player-1 RandomPlayer
BoardInit:Map,Bonus,Tile:13,Tile:8,Tile:8,Tile:5,Tile:11,Tile:6,Tile:9,Malus,Tile:8,Tile:7,Tile:5,Tile:12,Tile:2,Tile:15,Tile:7,Bonus,Tile:7,Tile:6,Tile:10,Tile:9,Tile:3,Tile:1,Tile:10,Tile:8,Tile:0,Tile:0,Destroy,Map,Destroy,Tile:6,Map,Tile:0,Bonus,Tile:7,Tile:5,Tile:9,Tile:4,Bonus,Tile:6-Tile:14,Tile:10,Destroy,Tile:9,Tile:7,Tile:9,Malus-Map,Map,Tile:6,Tile:8,Tile:5,Map,Tile:0-Tile:hidden1,Tile:hidden2,Tile:nugget
Tile:9_flip 5 6 1
Map 12 3 0
Tile:9_flip 5 4 1
Drop 0 0 0
Tile:14_flip 5 3 1
Drop 3 0 0
Drop 2 0 1
Tile:6 6 5 0
Tile:8 5 7 1
Tile:8 7 5 0
Tile:11 4 4 1
Malus 0 0 0
Destroy 6 5 1
Tile:5_flip 8 5 0
Map 12 5 1
Drop 6 0 0
Drop 1 0 1
Drop 6 0 0
Drop 3 0 1
Tile:0 6 5 0
Drop 2 0 1
Tile:8 8 4 0
Drop 0 0 1
Tile:6 9 4 0
Drop 2 0 1
Drop 6 0 0
Drop 0 0 1
Tile:7 10 4 0
Drop 5 0 1
Tile:6 10 5 0
Drop 0 0 1
Tile:8 11 5 0
Destroy 5 3 1
Tile:6 12 6 0
Destroy 9 4 1
Tile:0 9 4 0
Drop 2 0 1
Tile:5_flip 6 7 0
Map 12 7 1
Tile:9 12 4 0
Drop 4 0 1
Tile:9 11 3 0
Drop 0 0 1
Drop 0 0 0
Drop 4 0 1
Tile:7 13 6 0
Drop 2 0 1
Tile:0 4 7 0
Drop 0 0 1
Drop 0 0 0
Drop 0 0 1
Drop 0 0 0
Drop 1 0 1
Drop 0 0 0
Drop 0 0 1
GAMEOVER DRAW
# Game ended: Sun Apr 26 17:21:25 EDT 2020
