# Server version 0.08 running on nosferatu:8123
# Game ID: 82
# Board class: Saboteur.SaboteurBoard
# Timeout: 20000
# First Move Timeout: 30000
# Date: Sun Apr 26 16:40:13 EDT 2020
# Player 1: Player-0, 'RandomPlayer', running on nosferatu
# Player 2: Player-1, 'Filippo', running on nosferatu
START Player-0 RandomPlayer
START Player-1 Filippo
BoardInit:Tile:6,Tile:12,Bonus,Tile:4,Tile:6,Tile:8,Tile:7,Map,Tile:7,Tile:5,Tile:7,Bonus,Tile:5,Destroy,Malus,Tile:7,Tile:7,Tile:9,Tile:15,Tile:2,Tile:0,Tile:9,Tile:1,Destroy,Tile:10,Tile:14,Tile:3,Tile:5,Bonus,Tile:11,Map,Bonus,Tile:9,Tile:6,Tile:10,Map,Tile:5,Tile:0,Destroy,Tile:9,Tile:8-Tile:6,Map,Map,Tile:10,Tile:8,Map,Tile:8-Tile:0,Tile:9,Tile:8,Tile:6,Malus,Tile:13,Tile:0-Tile:nugget,Tile:hidden1,Tile:hidden2
Map 12 3 1
Tile:13 5 4 0
Drop 1 0 1
Drop 5 0 0
Drop 3 0 1
Tile:9_flip 6 5 0
Tile:6_flip 6 4 1
Drop 4 0 0
Tile:8 7 4 1
Map 12 5 0
Tile:8 7 3 1
Tile:5_flip 8 4 0
Tile:6_flip 8 3 1
Tile:8 4 4 0
Tile:6 9 3 1
Tile:8 7 2 0
Malus 0 0 1
Drop 1 0 0
Tile:7 10 3 1
Destroy 7 2 0
Drop 6 0 1
Drop 4 0 0
Tile:7_flip 10 4 1
Drop 5 0 0
Drop 6 0 1
Drop 4 0 0
Tile:5_flip 11 4 1
Destroy 7 4 0
Drop 6 0 1
Drop 2 0 0
Tile:10 4 3 1
Drop 4 0 0
Drop 6 0 1
Malus 0 0 0
Bonus 0 0 1
Drop 4 0 0
Tile:7 4 2 1
Drop 0 0 0
Tile:7_flip 4 5 1
Map 12 5 0
Destroy 5 4 1
Drop 4 0 0
Tile:9 11 3 1
Drop 4 0 0
Tile:10 11 2 1
Drop 3 0 0
Tile:10 11 1 1
Drop 1 0 0
Tile:5 9 2 1
Bonus 0 0 0
Tile:8 7 4 1
GAMEOVER WINNER 1
# Game ended: Sun Apr 26 16:40:17 EDT 2020
