# Server version 0.08 running on nosferatu:8123
# Game ID: 92
# Board class: Saboteur.SaboteurBoard
# Timeout: 20000
# First Move Timeout: 30000
# Date: Sun Apr 26 16:45:12 EDT 2020
# Player 1: Player-0, 'SaboteurAI', running on nosferatu
# Player 2: Player-1, 'RandomPlayer', running on nosferatu
START Player-0 SaboteurAI
START Player-1 RandomPlayer
BoardInit:Map,Destroy,Tile:5,Tile:8,Tile:0,Map,Bonus,Tile:9,Tile:10,Tile:6,Tile:8,Tile:15,Tile:6,Tile:14,Tile:8,Tile:7,Map,Tile:8,Tile:2,Tile:10,Destroy,Tile:9,Bonus,Tile:5,Tile:9,Tile:5,Malus,Map,Malus,Tile:13,Bonus,Tile:0,Tile:11,Tile:0,Tile:0,Tile:7,Tile:6,Destroy,Tile:7,Tile:9,Tile:6-Tile:7,Map,Tile:5,Bonus,Tile:1,Tile:10,Tile:4-Tile:6,Tile:3,Tile:7,Map,Tile:8,Tile:9,Tile:12-Tile:hidden1,Tile:nugget,Tile:hidden2
Map 12 3 1
Map 12 3 0
Drop 1 0 1
Drop 1 0 0
Map 12 5 1
Drop 4 0 0
Drop 6 0 1
Drop 6 0 0
Tile:4 5 4 1
Destroy 5 4 0
Drop 4 0 1
Drop 5 0 0
Drop 0 0 1
Drop 6 0 0
Drop 5 0 1
Drop 6 0 0
Tile:6_flip 4 5 1
Tile:6 6 5 0
Drop 1 0 1
Tile:8 7 5 0
Map 12 7 1
Tile:8 8 5 0
Tile:2 6 4 1
Tile:6 9 5 0
Tile:8 7 4 1
Tile:8 10 5 0
Destroy 4 5 1
Tile:7 11 5 0
Tile:9 8 6 1
Drop 6 0 0
Tile:10 10 4 1
Drop 6 0 0
Tile:10 7 3 1
Tile:9 11 6 0
Drop 3 0 1
Tile:7_flip 11 7 0
Tile:11_flip 9 4 1
Tile:10 5 6 0
Tile:0 13 7 1
Tile:9_flip 10 6 0
Tile:6_flip 9 6 1
Tile:5_flip 10 7 0
Tile:6 9 7 1
Tile:7 12 6 0
Drop 4 0 1
Destroy 13 7 0
Tile:7_flip 8 7 1
Tile:5_flip 7 6 0
Drop 2 0 1
Tile:9 4 5 0
Drop 0 0 1
Drop 0 0 0
Malus 0 0 1
Drop 0 0 0
Drop 0 0 1
GAMEOVER DRAW
# Game ended: Sun Apr 26 16:45:16 EDT 2020
