# Server version 0.08 running on nosferatu:8123
# Game ID: 143
# Board class: Saboteur.SaboteurBoard
# Timeout: 20000
# First Move Timeout: 30000
# Date: Sun Apr 26 22:03:20 EDT 2020
# Player 1: Player-0, 'SaboteurAI', running on nosferatu
# Player 2: Player-1, 'RandomPlayer', running on nosferatu
START Player-0 SaboteurAI
START Player-1 RandomPlayer
BoardInit:Tile:0,Tile:4,Tile:5,Tile:13,Map,Bonus,Tile:11,Map,Tile:6,Malus,Tile:14,Tile:7,Tile:8,Map,Tile:9,Tile:5,Tile:6,Tile:9,Tile:9,Tile:9,Bonus,Destroy,Tile:10,Tile:3,Tile:8,Tile:15,Tile:0,Destroy,Tile:8,Tile:6,Map,Tile:5,Tile:1,Tile:5,Tile:0,Tile:6,Bonus,Malus,Tile:9,Tile:7,Map-Bonus,Tile:12,Tile:7,Tile:2,Tile:0,Tile:8,Tile:7-Map,Tile:7,Tile:10,Tile:6,Tile:10,Tile:8,Destroy-Tile:nugget,Tile:hidden2,Tile:hidden1
Tile:12_flip 4 5 1
Map 12 3 0
Drop 5 0 1
Drop 6 0 0
Tile:5_flip 5 6 1
Drop 6 0 0
Drop 3 0 1
Destroy 4 5 0
Tile:7_flip 4 5 1
Drop 6 0 0
Drop 1 0 1
Malus 0 0 0
Drop 6 0 1
Tile:10 5 4 0
Map 12 5 1
Drop 6 0 0
Drop 1 0 1
Tile:6_flip 5 3 0
Drop 3 0 1
Tile:8 6 3 0
Drop 2 0 1
Tile:7 7 3 0
Drop 5 0 1
Destroy 4 5 0
Drop 0 0 1
Drop 6 0 0
Drop 0 0 1
Drop 6 0 0
Drop 6 0 1
Destroy 5 6 0
Drop 1 0 1
Tile:7_flip 7 4 0
Map 12 7 1
Tile:5_flip 8 4 0
Drop 0 0 1
Tile:9 8 3 0
Drop 4 0 1
Tile:6 9 3 0
Bonus 0 0 1
Malus 0 0 0
Drop 4 0 1
Tile:6 10 3 0
Map 12 7 1
Tile:9_flip 11 3 0
Drop 4 0 1
Tile:5 11 2 0
Drop 2 0 1
Tile:7 12 2 0
GAMEOVER WINNER 0
# Game ended: Sun Apr 26 22:03:22 EDT 2020
