# Server version 0.08 running on nosferatu:8123
# Game ID: 162
# Board class: Saboteur.SaboteurBoard
# Timeout: 20000
# First Move Timeout: 30000
# Date: Sun Apr 26 23:27:28 EDT 2020
# Player 1: Player-0, 'SaboteurAI', running on nosferatu
# Player 2: Player-1, 'RandomPlayer', running on nosferatu
START Player-0 SaboteurAI
START Player-1 RandomPlayer
BoardInit:Tile:7,Tile:6,Tile:8,Tile:6,Tile:5,Tile:9,Malus,Tile:5,Map,Tile:4,Tile:10,Tile:3,Tile:13,Tile:9,Tile:2,Tile:8,Destroy,Map,Tile:11,Tile:8,Map,Tile:9,Tile:0,Map,Tile:8,Tile:1,Tile:0,Tile:5,Tile:7,Tile:7,Map,Destroy,Tile:0,Tile:0,Malus,Bonus,Tile:6,Bonus,Tile:5,Tile:9,Tile:15-Tile:7,Destroy,Tile:9,Tile:14,Bonus,Tile:7,Tile:10-Tile:8,Bonus,Tile:12,Tile:6,Tile:6,Map,Tile:10-Tile:hidden2,Tile:hidden1,Tile:nugget
Tile:9_flip 5 4 1
Map 12 3 0
Tile:7 5 3 1
Drop 2 0 0
Tile:14_flip 4 4 1
Tile:8 6 5 0
Tile:7_flip 4 3 1
Tile:6 7 5 0
Tile:5 6 4 1
Tile:6 8 5 0
Drop 0 0 1
Drop 6 0 0
Tile:7_flip 4 5 1
Drop 6 0 0
Map 12 5 1
Tile:6 9 5 0
Tile:10 4 2 1
Tile:6 10 5 0
Destroy 5 4 1
Tile:8 11 5 0
Tile:2_flip 6 6 1
Tile:9 8 4 0
Tile:11_flip 8 3 1
Tile:9_flip 7 4 0
Tile:8 12 4 1
Tile:8 13 3 0
Tile:8 9 4 1
Tile:9 7 3 0
Tile:13 13 4 1
Tile:10 12 6 0
GAMEOVER WINNER 0
# Game ended: Sun Apr 26 23:27:31 EDT 2020
