# Server version 0.08 running on DESKTOP-066M5S6:8123
# Game ID: 169
# Board class: Saboteur.SaboteurBoard
# Timeout: 20000
# First Move Timeout: 30000
# Date: Mon Apr 27 13:55:26 EDT 2020
# Player 1: Player-0, 'SaboteurAI', running on DESKTOP-066M5S6
# Player 2: Player-1, 'Human', running on DESKTOP-066M5S6
START Player-0 SaboteurAI
START Player-1 Human
BoardInit:Map,Tile:0,Tile:7,Tile:9,Tile:7,Destroy,Tile:2,Tile:7,Tile:4,Tile:6,Tile:7,Tile:8,Map,Tile:8,Tile:10,Map,Map,Tile:0,Tile:13,Tile:9,Bonus,Tile:0,Tile:7,Tile:9,Tile:8,Tile:15,Destroy,Tile:8,Tile:6,Tile:6,Tile:6,Tile:5,Tile:14,Tile:0,Tile:3,Bonus,Bonus,Tile:1,Tile:11,Tile:10,Destroy-Tile:9,Malus,Map,Tile:8,Malus,Tile:10,Tile:5-Tile:6,Map,Tile:9,Tile:12,Bonus,Tile:5,Tile:5-Tile:hidden1,Tile:hidden2,Tile:nugget
Tile:8 6 5 1
Map 12 3 0
Tile:5 6 4 1
Drop 2 0 0
Tile:9 6 6 1
Tile:6 7 5 0
Tile:10 5 6 1
Tile:0 8 5 0
Map 12 5 1
Destroy 5 6 0
Map 12 3 1
Tile:6 9 5 0
Malus 0 0 1
Bonus 0 0 0
Map 12 7 1
Tile:8 10 5 0
Tile:7 11 5 1
Drop 6 0 0
Tile:10 11 6 1
Tile:9 11 7 0
GAMEOVER WINNER 0
# Game ended: Mon Apr 27 13:56:34 EDT 2020
