# Server version 0.08 running on DESKTOP-066M5S6:8123
# Game ID: 171
# Board class: Saboteur.SaboteurBoard
# Timeout: 20000
# First Move Timeout: 30000
# Date: Mon Apr 27 14:06:33 EDT 2020
# Player 1: Player-0, 'Human', running on DESKTOP-066M5S6
# Player 2: Player-1, 'SaboteurAI', running on DESKTOP-066M5S6
START Player-0 Human
START Player-1 SaboteurAI
BoardInit:Tile:0,Tile:7,Tile:9,Tile:6,Tile:11,Tile:6,Map,Tile:5,Tile:9,Map,Tile:5,Tile:8,Tile:6,Destroy,Bonus,Tile:7,Tile:5,Tile:8,Tile:5,Tile:9,Tile:8,Map,Map,Destroy,Tile:7,Tile:6,Tile:9,Destroy,Tile:8,Tile:0,Bonus,Tile:10,Tile:8,Tile:7,Bonus,Tile:10,Tile:0,Malus,Tile:9,Tile:2,Tile:0-Malus,Tile:15,Tile:12,Tile:3,Tile:13,Map,Tile:1-Bonus,Tile:4,Tile:14,Map,Tile:7,Tile:6,Tile:10-Tile:nugget,Tile:hidden1,Tile:hidden2
Malus 0 0 1
Bonus 0 0 0
Map 12 3 1
Tile:6 6 5 0
Tile:0 7 5 1
Tile:6 8 5 0
Tile:9 8 4 1
Tile:6 9 4 0
Drop 6 0 1
Map 12 5 0
Tile:9 9 3 1
Tile:5 9 2 0
Tile:5_flip 10 2 1
Tile:8 10 4 0
Tile:6 11 4 1
Tile:10 10 5 0
Tile:11 4 5 1
Map 12 3 0
Tile:3 9 5 1
Tile:8 10 6 0
Tile:5 10 1 1
