# Server version 0.08 running on nosferatu:8123
# Game ID: 31
# Board class: Saboteur.SaboteurBoard
# Timeout: 20000
# First Move Timeout: 30000
# Date: Sun Apr 26 16:32:46 EDT 2020
# Player 1: Player-0, 'RandomPlayer', running on nosferatu
# Player 2: Player-1, 'Filippo', running on nosferatu
START Player-0 RandomPlayer
START Player-1 Filippo
BoardInit:Map,Malus,Bonus,Map,Destroy,Tile:9,Tile:7,Tile:5,Destroy,Tile:8,Tile:1,Tile:10,Map,Tile:9,Bonus,Tile:12,Tile:0,Map,Tile:13,Destroy,Tile:7,Tile:8,Bonus,Tile:6,Tile:7,Tile:8,Tile:7,Tile:9,Tile:9,Tile:15,Tile:5,Tile:4,Tile:10,Tile:6,Tile:7,Tile:0,Tile:14,Tile:10,Tile:2,Tile:6,Tile:6-Malus,Tile:0,Tile:9,Bonus,Tile:5,Tile:8,Map-Tile:11,Tile:3,Tile:6,Tile:0,Map,Tile:8,Tile:5-Tile:nugget,Tile:hidden2,Tile:hidden1
Malus 0 0 1
Map 12 3 0
Map 12 3 1
Drop 1 0 0
Drop 5 0 1
Map 12 5 0
Tile:5_flip 6 5 1
Drop 3 0 0
Tile:9 6 4 1
Drop 5 0 0
Tile:0 7 4 1
Malus 0 0 0
Bonus 0 0 1
Drop 0 0 0
Drop 5 0 1
Drop 0 0 0
Drop 5 0 1
Drop 5 0 0
Tile:8 8 4 1
Drop 3 0 0
Drop 6 0 1
Map 12 7 0
Tile:0 9 4 1
Drop 5 0 0
Tile:7 8 3 1
Drop 2 0 0
Tile:7 10 4 1
Drop 0 0 0
Tile:7_flip 7 3 1
Drop 5 0 0
Tile:9 10 5 1
Drop 0 0 0
Tile:5_flip 11 5 1
Drop 6 0 0
Tile:10 11 4 1
Drop 3 0 0
Tile:7 11 3 1
Drop 3 0 0
Drop 6 0 1
Drop 6 0 0
Drop 6 0 1
Drop 2 0 0
Destroy 11 3 1
Drop 1 0 0
Tile:6_flip 11 3 1
GAMEOVER WINNER 1
# Game ended: Sun Apr 26 16:32:47 EDT 2020
