# Server version 0.08 running on nosferatu:8123
# Game ID: 57
# Board class: Saboteur.SaboteurBoard
# Timeout: 20000
# First Move Timeout: 30000
# Date: Sun Apr 26 16:35:09 EDT 2020
# Player 1: Player-0, 'Filippo', running on nosferatu
# Player 2: Player-1, 'RandomPlayer', running on nosferatu
START Player-0 Filippo
START Player-1 RandomPlayer
BoardInit:Tile:7,Map,Tile:0,Tile:8,Tile:8,Tile:6,Tile:4,Tile:9,Map,Tile:1,Bonus,Map,Tile:6,Tile:6,Tile:5,Tile:7,Map,Tile:3,Tile:8,Tile:13,Malus,Tile:5,Tile:0,Tile:7,Tile:2,Map,Bonus,Bonus,Tile:10,Tile:9,Tile:5,Map,Malus,Tile:0,Destroy,Tile:14,Tile:9,Tile:7,Tile:10,Tile:5,Destroy-Tile:11,Tile:9,Tile:9,Tile:8,Bonus,Tile:6,Tile:8-Destroy,Tile:12,Tile:15,Tile:0,Tile:10,Tile:7,Tile:6-Tile:nugget,Tile:hidden1,Tile:hidden2
Tile:8 5 4 1
Drop 1 0 0
Tile:8 4 4 1
Map 12 3 0
Drop 4 0 1
Drop 1 0 0
Tile:7_flip 4 5 1
Tile:0 6 4 0
Tile:9 5 6 1
Tile:6 7 4 0
Tile:0 6 6 1
Drop 6 0 0
Tile:9_flip 5 7 1
Drop 6 0 0
Drop 5 0 1
Destroy 5 6 0
Map 12 7 1
Tile:8 7 3 0
Drop 0 0 1
Drop 6 0 0
Tile:8 7 6 1
Drop 6 0 0
Drop 5 0 1
Tile:6 8 3 0
Tile:6 5 8 1
Tile:6 9 3 0
Tile:2_flip 6 8 1
Drop 6 0 0
Tile:5 4 3 1
Tile:7 10 3 0
Map 12 7 1
Tile:9 10 4 0
Tile:10 10 5 1
Drop 6 0 0
Tile:5 3 4 1
Tile:0 11 4 0
Tile:0 8 4 1
Tile:14 8 6 0
Tile:9 9 2 1
Tile:5 8 5 0
Malus 0 0 1
Bonus 0 0 0
Destroy 4 4 1
Tile:7 7 5 0
Destroy 8 3 1
Tile:10 7 2 0
Tile:10 7 7 1
Tile:7 9 4 0
Tile:4 6 7 1
Tile:9 4 7 0
Drop 0 0 1
Tile:7 4 6 0
Malus 0 0 1
Drop 0 0 0
Drop 0 0 1
GAMEOVER DRAW
# Game ended: Sun Apr 26 16:35:19 EDT 2020
