# Server version 0.08 running on nosferatu:8123
# Game ID: 163
# Board class: Saboteur.SaboteurBoard
# Timeout: 20000
# First Move Timeout: 30000
# Date: Sun Apr 26 23:27:32 EDT 2020
# Player 1: Player-0, 'RandomPlayer', running on nosferatu
# Player 2: Player-1, 'SaboteurAI', running on nosferatu
START Player-0 RandomPlayer
START Player-1 SaboteurAI
BoardInit:Map,Tile:3,Tile:12,Map,Malus,Tile:0,Tile:0,Tile:8,Tile:5,Tile:6,Tile:1,Tile:6,Map,Bonus,Map,Tile:0,Tile:8,Tile:7,Tile:13,Tile:6,Tile:9,Tile:5,Tile:14,Tile:6,Tile:8,Tile:8,Tile:10,Tile:7,Tile:9,Destroy,Map,Tile:8,Bonus,Tile:9,Tile:7,Tile:9,Tile:7,Map,Tile:15,Tile:2,Destroy-Tile:9,Tile:11,Malus,Tile:6,Tile:5,Tile:4,Bonus-Tile:10,Tile:0,Bonus,Destroy,Tile:5,Tile:10,Tile:7-Tile:nugget,Tile:hidden1,Tile:hidden2
Malus 0 0 1
Drop 3 0 0
Map 12 3 1
Drop 1 0 0
Drop 1 0 1
Map 12 5 0
Malus 0 0 1
Drop 3 0 0
Drop 3 0 1
Drop 5 0 0
Drop 4 0 1
Bonus 0 0 0
Drop 6 0 1
Drop 0 0 0
Drop 6 0 1
Drop 5 0 0
Drop 6 0 1
Drop 1 0 0
Tile:5 4 5 1
Drop 3 0 0
Drop 6 0 1
Drop 2 0 0
Tile:9 5 4 1
Drop 3 0 0
Drop 6 0 1
Drop 5 0 0
Tile:6 6 4 1
Drop 0 0 0
Tile:0 7 4 1
Drop 6 0 0
Tile:5_flip 8 4 1
Destroy 5 4 0
Drop 6 0 1
Drop 4 0 0
Tile:8 5 4 1
Drop 0 0 0
Tile:9 8 3 1
Drop 4 0 0
Tile:8 9 3 1
Map 12 5 0
Drop 6 0 1
Drop 4 0 0
Destroy 4 5 1
Bonus 0 0 0
Tile:9_flip 10 3 1
Tile:9 9 4 0
Tile:10 9 2 1
Tile:8 10 4 0
Tile:7 11 4 1
Tile:7_flip 5 6 0
Tile:7 6 5 1
Drop 0 0 0
Drop 1 0 1
Drop 0 0 0
Drop 0 0 1
GAMEOVER DRAW
# Game ended: Sun Apr 26 23:27:34 EDT 2020
