# Server version 0.08 running on nosferatu:8123
# Game ID: 149
# Board class: Saboteur.SaboteurBoard
# Timeout: 20000
# First Move Timeout: 30000
# Date: Sun Apr 26 22:03:42 EDT 2020
# Player 1: Player-0, 'SaboteurAI', running on nosferatu
# Player 2: Player-1, 'RandomPlayer', running on nosferatu
START Player-0 SaboteurAI
START Player-1 RandomPlayer
BoardInit:Tile:6,Destroy,Tile:1,Tile:6,Bonus,Map,Map,Tile:9,Tile:10,Tile:8,Tile:9,Tile:7,Tile:0,Map,Tile:9,Tile:5,Tile:6,Tile:6,Tile:8,Map,Tile:10,Tile:4,Tile:13,Tile:3,Bonus,Destroy,Tile:6,Tile:5,Tile:8,Tile:11,Tile:12,Bonus,Tile:7,Tile:8,Tile:0,Tile:0,Tile:8,Tile:2,Destroy,Tile:5,Tile:0-Malus,Bonus,Tile:9,Tile:9,Map,Malus,Tile:5-Tile:10,Tile:15,Tile:7,Tile:7,Map,Tile:14,Tile:7-Tile:nugget,Tile:hidden1,Tile:hidden2
Drop 3 0 1
Map 12 3 0
Drop 1 0 1
Drop 1 0 0
Tile:9_flip 5 6 1
Drop 3 0 0
Tile:5 5 4 1
Drop 6 0 0
Tile:1 6 5 1
Destroy 6 5 0
Tile:6 4 6 1
Tile:6 6 4 0
Map 12 5 1
Tile:9 6 3 0
Malus 0 0 1
Drop 6 0 0
Tile:9 4 5 1
Drop 3 0 0
Tile:10 6 2 1
Drop 1 0 0
Tile:6_flip 3 6 1
Drop 6 0 0
Tile:9 2 6 1
Drop 6 0 0
Drop 0 0 1
Drop 6 0 0
Tile:13 2 5 1
Destroy 3 6 0
Tile:0 7 3 1
Drop 5 0 0
Map 12 3 1
Drop 6 0 0
Tile:6_flip 6 5 1
Bonus 0 0 0
Tile:7 7 4 1
Tile:8 8 3 0
Tile:8 7 5 1
Tile:8 9 3 0
Tile:0 3 6 1
Drop 6 0 0
Tile:8 7 6 1
Tile:0 10 3 0
Tile:8 8 2 1
Tile:7 11 3 0
Tile:12_flip 7 2 1
Tile:7_flip 11 4 0
Destroy 4 5 1
Tile:5_flip 3 5 0
Tile:10 8 4 1
Tile:5_flip 8 6 0
Drop 1 0 1
Tile:10 3 4 0
Tile:0 12 4 1
Tile:5 4 5 0
Drop 0 0 1
GAMEOVER DRAW
# Game ended: Sun Apr 26 22:03:50 EDT 2020
