# Server version 0.08 running on nosferatu:8123
# Game ID: 51
# Board class: Saboteur.SaboteurBoard
# Timeout: 20000
# First Move Timeout: 30000
# Date: Sun Apr 26 16:34:41 EDT 2020
# Player 1: Player-0, 'Filippo', running on nosferatu
# Player 2: Player-1, 'RandomPlayer', running on nosferatu
START Player-0 Filippo
START Player-1 RandomPlayer
BoardInit:Bonus,Tile:6,Tile:15,Map,Tile:14,Tile:12,Tile:2,Tile:0,Map,Destroy,Tile:7,Tile:6,Tile:3,Bonus,Tile:5,Map,Tile:8,Tile:9,Tile:9,Malus,Destroy,Tile:7,Tile:10,Malus,Tile:0,Map,Tile:9,Tile:6,Tile:6,Tile:5,Tile:0,Tile:8,Tile:0,Tile:13,Tile:9,Tile:7,Tile:7,Tile:8,Map,Destroy,Tile:11-Tile:8,Tile:1,Tile:7,Tile:9,Tile:10,Bonus,Tile:5-Tile:6,Tile:8,Tile:10,Tile:5,Bonus,Map,Tile:4-Tile:hidden2,Tile:hidden1,Tile:nugget
Tile:8 5 6 1
Map 12 3 0
Tile:7_flip 4 6 1
Drop 5 0 0
Tile:9 4 5 1
Drop 6 0 0
Drop 3 0 1
Drop 6 0 0
Drop 0 0 1
Tile:6 6 5 0
Drop 2 0 1
Tile:8 7 5 0
Tile:10 7 6 1
Tile:6 8 5 0
Tile:15 4 4 1
Destroy 4 5 0
Tile:5 4 3 1
Drop 6 0 0
Tile:8 4 5 1
Tile:0 9 5 0
Tile:2_flip 5 7 1
Malus 0 0 0
Destroy 7 6 1
Tile:6 10 5 0
Drop 5 0 1
Malus 0 0 0
Map 12 5 1
Drop 6 0 0
Drop 6 0 1
Tile:6 11 5 0
Drop 1 0 1
Tile:5 4 7 0
Drop 4 0 1
Tile:10 8 4 0
Drop 0 0 1
Tile:5 12 4 0
Drop 3 0 1
Tile:8 4 8 0
Drop 6 0 1
Tile:7 5 8 0
Drop 4 0 1
Destroy 5 8 0
Map 12 7 1
Tile:7 7 4 0
Drop 4 0 1
Tile:13 13 4 0
Drop 2 0 1
Tile:9 8 3 0
Drop 0 0 1
Tile:8 6 4 0
Drop 0 0 1
Drop 0 0 0
Drop 1 0 1
Drop 0 0 0
Drop 0 0 1
GAMEOVER DRAW
# Game ended: Sun Apr 26 16:34:44 EDT 2020
