# Server version 0.08 running on nosferatu:8123
# Game ID: 147
# Board class: Saboteur.SaboteurBoard
# Timeout: 20000
# First Move Timeout: 30000
# Date: Sun Apr 26 22:03:33 EDT 2020
# Player 1: Player-0, 'SaboteurAI', running on nosferatu
# Player 2: Player-1, 'RandomPlayer', running on nosferatu
START Player-0 SaboteurAI
START Player-1 RandomPlayer
BoardInit:Tile:7,Tile:7,Tile:5,Map,Tile:10,Tile:10,Tile:6,Tile:9,Bonus,Tile:0,Tile:3,Tile:5,Map,Tile:1,Malus,Malus,Tile:8,Tile:6,Tile:8,Tile:9,Tile:15,Map,Tile:0,Tile:5,Tile:8,Tile:8,Bonus,Tile:9,Map,Bonus,Tile:2,Tile:0,Tile:4,Tile:10,Map,Tile:7,Map,Tile:11,Tile:9,Tile:6,Destroy-Tile:7,Destroy,Bonus,Tile:9,Tile:14,Tile:8,Tile:6-Tile:13,Tile:12,Tile:7,Destroy,Tile:5,Tile:0,Tile:6-Tile:nugget,Tile:hidden1,Tile:hidden2
Tile:6 4 5 1
Drop 0 0 0
Tile:14_flip 5 4 1
Drop 0 0 0
Tile:9_flip 6 4 1
Map 12 3 0
Drop 2 0 1
Destroy 5 4 0
Tile:8 6 3 1
Tile:7 7 3 0
Tile:6 6 5 1
Tile:7_flip 7 4 0
Tile:7_flip 3 5 1
Tile:5_flip 8 4 0
Tile:7 3 4 1
Drop 6 0 0
Tile:3 7 5 1
Malus 0 0 0
Malus 0 0 1
Drop 3 0 0
Destroy 8 4 1
Drop 1 0 0
Map 12 3 1
Drop 6 0 0
Drop 5 0 1
Drop 4 0 0
Drop 0 0 1
Drop 5 0 0
Drop 2 0 1
Drop 1 0 0
Bonus 0 0 1
Bonus 0 0 0
Tile:2_flip 5 3 1
Tile:0 8 4 0
Drop 4 0 1
Tile:0 9 4 0
Tile:8 5 2 1
Tile:5_flip 10 4 0
Tile:8 6 2 1
Drop 6 0 0
Tile:4 10 3 1
Tile:0 7 2 0
Drop 5 0 1
Tile:9_flip 8 2 0
Tile:10 5 1 1
Tile:8 8 1 0
Destroy 6 3 1
Tile:9 4 4 0
Map 12 3 1
Tile:10 5 6 0
Drop 1 0 1
Tile:7_flip 2 4 0
Map 12 7 1
Tile:6_flip 2 3 0
Tile:0 3 3 1
GAMEOVER DRAW
# Game ended: Sun Apr 26 22:03:39 EDT 2020
