# Server version 0.08 running on nosferatu:8123
# Game ID: 10
# Board class: Saboteur.SaboteurBoard
# Timeout: 20000
# First Move Timeout: 30000
# Date: Sun Apr 26 16:30:37 EDT 2020
# Player 1: Player-0, 'Filippo', running on nosferatu
# Player 2: Player-1, 'RandomPlayer', running on nosferatu
START Player-0 Filippo
START Player-1 RandomPlayer
BoardInit:Tile:0,Tile:9,Tile:10,Tile:14,Malus,Tile:7,Tile:6,Destroy,Tile:7,Tile:5,Tile:8,Tile:5,Map,Map,Tile:9,Tile:11,Tile:0,Tile:6,Tile:6,Tile:6,Tile:15,Bonus,Tile:9,Bonus,Tile:12,Tile:7,Tile:8,Tile:0,Tile:6,Tile:3,Tile:13,Map,Map,Tile:9,Tile:4,Tile:7,Destroy,Tile:8,Bonus,Tile:7,Tile:5-Tile:2,Tile:9,Map,Tile:8,Tile:8,Tile:0,Bonus-Tile:10,Tile:10,Malus,Tile:5,Tile:1,Destroy,Map-Tile:nugget,Tile:hidden1,Tile:hidden2
Tile:8 5 4 1
Malus 0 0 0
Drop 5 0 1
Map 12 3 0
Drop 2 0 1
Drop 3 0 0
Drop 3 0 1
Drop 5 0 0
Drop 5 0 1
Tile:5 5 3 0
Drop 4 0 1
Tile:9_flip 6 3 0
Drop 0 0 1
Tile:5 6 2 0
Map 12 7 1
Drop 6 0 0
Drop 5 0 1
Drop 6 0 0
Drop 3 0 1
Tile:7 7 2 0
Drop 2 0 1
Tile:10 7 3 0
Drop 0 0 1
Tile:6 7 4 0
Drop 2 0 1
Tile:5_flip 8 4 0
Drop 0 0 1
Tile:10 8 3 0
Drop 5 0 1
Destroy 5 4 0
Drop 0 0 1
Drop 6 0 0
Drop 6 0 1
Drop 6 0 0
Drop 3 0 1
Tile:9 8 2 0
Drop 2 0 1
Tile:7 8 1 0
Destroy 8 3 1
Tile:6 7 1 0
Drop 2 0 1
Tile:7_flip 6 1 0
Bonus 0 0 1
Destroy 5 3 0
Tile:5_flip 5 6 1
Tile:8 5 4 0
Tile:6_flip 5 3 1
Tile:0 9 2 0
Tile:0 4 3 1
Tile:7 7 0 0
Drop 1 0 1
Drop 0 0 0
Tile:6_flip 4 6 1
Drop 0 0 0
Tile:4_flip 4 7 1
GAMEOVER DRAW
# Game ended: Sun Apr 26 16:30:38 EDT 2020
