# Server version 0.08 running on nosferatu:8123
# Game ID: 161
# Board class: Saboteur.SaboteurBoard
# Timeout: 20000
# First Move Timeout: 30000
# Date: Sun Apr 26 23:27:22 EDT 2020
# Player 1: Player-0, 'RandomPlayer', running on nosferatu
# Player 2: Player-1, 'SaboteurAI', running on nosferatu
START Player-0 RandomPlayer
START Player-1 SaboteurAI
BoardInit:Tile:6,Map,Map,Bonus,Bonus,Destroy,Tile:0,Tile:10,Tile:5,Tile:1,Destroy,Tile:8,Malus,Tile:7,Tile:11,Map,Tile:2,Bonus,Tile:7,Tile:3,Tile:0,Map,Tile:6,Tile:10,Destroy,Tile:10,Tile:8,Tile:9,Tile:7,Tile:5,Tile:6,Tile:9,Tile:8,Map,Tile:6,Tile:12,Tile:13,Tile:0,Tile:5,Tile:9,Tile:5-Tile:6,Tile:7,Bonus,Tile:8,Tile:14,Map,Tile:8-Tile:9,Tile:7,Tile:9,Tile:4,Tile:15,Tile:0,Malus-Tile:nugget,Tile:hidden2,Tile:hidden1
Map 12 3 1
Tile:9 5 4 0
Drop 4 0 1
Tile:7 5 3 0
Drop 6 0 1
Tile:15 5 6 0
Tile:6 6 4 1
Tile:9 4 3 0
Tile:8 7 4 1
Drop 2 0 0
Tile:8 7 3 1
Tile:0 8 3 0
Destroy 5 6 1
Drop 2 0 0
Malus 0 0 1
Drop 3 0 0
Drop 6 0 1
Map 12 7 0
Drop 6 0 1
Destroy 7 3 0
Tile:7 9 3 1
Drop 6 0 0
Tile:6 9 4 1
Map 12 3 0
Tile:0 8 4 1
Drop 5 0 0
Destroy 5 3 1
Drop 0 0 0
Tile:5_flip 10 4 1
Drop 6 0 0
Tile:7 4 2 1
Drop 1 0 0
Tile:0 3 2 1
Drop 4 0 0
Tile:6 2 2 1
Drop 4 0 0
Tile:8 2 1 1
Map 12 7 0
Drop 6 0 1
Drop 0 0 0
Tile:5 10 3 1
Drop 4 0 0
Tile:6 11 3 1
GAMEOVER WINNER 1
# Game ended: Sun Apr 26 23:27:27 EDT 2020
