# Server version 0.08 running on nosferatu:8123
# Game ID: 137
# Board class: Saboteur.SaboteurBoard
# Timeout: 20000
# First Move Timeout: 30000
# Date: Sun Apr 26 22:03:05 EDT 2020
# Player 1: Player-0, 'SaboteurAI', running on nosferatu
# Player 2: Player-1, 'RandomPlayer', running on nosferatu
START Player-0 SaboteurAI
START Player-1 RandomPlayer
BoardInit:Tile:7,Tile:14,Bonus,Tile:3,Tile:6,Destroy,Map,Tile:8,Tile:9,Malus,Bonus,Tile:0,Tile:7,Bonus,Tile:10,Tile:9,Tile:10,Tile:5,Bonus,Tile:12,Tile:8,Tile:0,Map,Tile:6,Destroy,Tile:7,Map,Malus,Tile:9,Map,Tile:7,Tile:9,Tile:8,Tile:0,Map,Tile:6,Tile:8,Tile:8,Tile:2,Tile:1,Tile:15-Tile:11,Tile:5,Tile:5,Tile:0,Tile:5,Tile:4,Tile:6-Tile:10,Map,Tile:7,Destroy,Tile:6,Tile:13,Tile:9-Tile:hidden2,Tile:nugget,Tile:hidden1
Tile:5 5 4 1
Map 12 3 0
Tile:5_flip 6 5 1
Drop 4 0 0
Tile:7 6 4 1
Drop 5 0 0
Tile:11 4 5 1
Drop 5 0 0
Map 12 5 1
Destroy 4 5 0
Tile:6 5 6 1
Malus 0 0 0
Drop 3 0 1
Tile:7 6 6 0
Drop 5 0 1
Tile:6 6 7 0
Drop 5 0 1
Tile:8 7 7 0
Drop 3 0 1
Tile:0 8 7 0
Drop 2 0 1
Drop 6 0 0
Drop 3 0 1
Tile:0 9 7 0
Drop 5 0 1
Tile:6 10 7 0
Destroy 6 5 1
Destroy 5 4 0
Map 12 5 1
Malus 0 0 0
Drop 3 0 1
Drop 6 0 0
Map 12 7 1
Tile:9_flip 11 7 0
Drop 0 0 1
Tile:9 11 6 0
Map 12 7 1
Tile:5 11 5 0
GAMEOVER WINNER 0
# Game ended: Sun Apr 26 22:03:07 EDT 2020
