# Server version 0.08 running on nosferatu:8123
# Game ID: 103
# Board class: Saboteur.SaboteurBoard
# Timeout: 20000
# First Move Timeout: 30000
# Date: Sun Apr 26 16:45:56 EDT 2020
# Player 1: Player-0, 'RandomPlayer', running on nosferatu
# Player 2: Player-1, 'SaboteurAI', running on nosferatu
START Player-0 RandomPlayer
START Player-1 SaboteurAI
BoardInit:Tile:9,Tile:8,Tile:10,Tile:4,Tile:3,Tile:9,Tile:8,Tile:7,Destroy,Bonus,Tile:9,Malus,Tile:7,Tile:0,Bonus,Tile:10,Tile:13,Tile:12,Tile:7,Tile:5,Tile:6,Malus,Tile:10,Tile:0,Tile:6,Tile:5,Tile:6,Tile:0,Destroy,Tile:1,Map,Tile:8,Bonus,Tile:9,Tile:8,Tile:7,Tile:6,Tile:2,Tile:0,Tile:7,Map-Tile:15,Tile:9,Destroy,Map,Tile:6,Map,Tile:14-Tile:8,Tile:5,Bonus,Map,Map,Tile:5,Tile:11-Tile:hidden1,Tile:hidden2,Tile:nugget
Map 12 3 1
Tile:11 4 5 0
Drop 0 0 1
Tile:5_flip 6 5 0
Drop 3 0 1
Tile:8 5 4 0
Drop 3 0 1
Drop 4 0 0
Drop 5 0 1
Tile:4 5 3 0
Destroy 4 5 1
Drop 4 0 0
Destroy 5 4 1
Drop 4 0 0
Tile:9_flip 5 6 1
Tile:0 4 6 0
Tile:6 5 7 1
Map 12 5 0
Drop 6 0 1
Map 12 5 0
Tile:8 6 7 1
Tile:5 6 6 0
Tile:6 7 7 1
Tile:12_flip 4 7 0
Tile:9_flip 8 7 1
Drop 2 0 0
Tile:10 8 6 1
Tile:5 6 4 0
Tile:9 8 5 1
Tile:0 4 5 0
Destroy 4 7 1
Tile:10 5 4 0
Drop 6 0 1
Tile:5_flip 9 5 0
Tile:6_flip 9 4 1
Drop 0 0 0
Tile:7 10 4 1
Drop 3 0 0
Tile:7_flip 10 5 1
Tile:8 3 5 0
Tile:6 11 5 1
Drop 2 0 0
Drop 1 0 1
Tile:2 13 5 0
Tile:0 7 4 1
Tile:7 12 4 0
Drop 0 0 1
Tile:9 13 6 0
Tile:6 6 8 1
Malus 0 0 0
Bonus 0 0 1
Drop 0 0 0
Tile:8 8 4 1
Drop 0 0 0
Map 12 7 1
GAMEOVER DRAW
# Game ended: Sun Apr 26 16:45:58 EDT 2020
