# Server version 0.08 running on nosferatu:8123
# Game ID: 52
# Board class: Saboteur.SaboteurBoard
# Timeout: 20000
# First Move Timeout: 30000
# Date: Sun Apr 26 16:34:45 EDT 2020
# Player 1: Player-0, 'RandomPlayer', running on nosferatu
# Player 2: Player-1, 'Filippo', running on nosferatu
START Player-0 RandomPlayer
START Player-1 Filippo
BoardInit:Tile:9,Tile:7,Tile:15,Tile:7,Tile:13,Tile:12,Destroy,Tile:8,Tile:5,Tile:6,Tile:8,Tile:7,Destroy,Bonus,Map,Map,Map,Tile:3,Tile:5,Malus,Map,Tile:2,Malus,Tile:6,Tile:10,Map,Tile:0,Bonus,Tile:5,Destroy,Tile:9,Map,Tile:9,Tile:6,Tile:9,Tile:8,Tile:7,Tile:6,Bonus,Tile:0,Tile:10-Tile:14,Tile:5,Bonus,Tile:6,Tile:0,Tile:9,Tile:8-Tile:7,Tile:0,Tile:8,Tile:11,Tile:1,Tile:4,Tile:10-Tile:hidden2,Tile:hidden1,Tile:nugget
Drop 0 0 1
Tile:7 6 5 0
Tile:9 5 4 1
Tile:4_flip 5 6 0
Drop 6 0 1
Drop 4 0 0
Drop 6 0 1
Tile:0 4 5 0
Destroy 5 6 1
Tile:1 3 5 0
Tile:5 5 3 1
Drop 0 0 0
Tile:6 6 3 1
Tile:7 7 3 0
Destroy 4 5 1
Tile:11_flip 7 4 0
Map 12 3 1
Drop 1 0 0
Drop 6 0 1
Tile:6_flip 2 5 0
Tile:8 6 6 1
Map 12 3 0
Drop 6 0 1
Tile:8 1 5 0
Malus 0 0 1
Drop 0 0 0
Tile:0 7 6 1
Map 12 7 0
Tile:9_flip 8 6 1
Drop 4 0 0
Tile:5 8 5 1
Destroy 5 4 0
Tile:8 9 5 1
Bonus 0 0 0
Tile:0 10 5 1
Tile:6 0 5 0
Tile:5_flip 11 5 1
Tile:3 9 4 0
Tile:5 11 4 1
Tile:6 4 5 0
Tile:9_flip 12 4 1
Tile:7_flip 5 6 0
Tile:10 4 4 1
Tile:8 12 6 0
GAMEOVER WINNER 0
# Game ended: Sun Apr 26 16:34:51 EDT 2020
