# Server version 0.08 running on nosferatu:8123
# Game ID: 88
# Board class: Saboteur.SaboteurBoard
# Timeout: 20000
# First Move Timeout: 30000
# Date: Sun Apr 26 16:40:32 EDT 2020
# Player 1: Player-0, 'RandomPlayer', running on nosferatu
# Player 2: Player-1, 'Filippo', running on nosferatu
START Player-0 RandomPlayer
START Player-1 Filippo
BoardInit:Tile:8,Destroy,Tile:7,Tile:8,Tile:6,Tile:5,Tile:6,Tile:6,Tile:9,Tile:1,Tile:13,Tile:11,Malus,Map,Tile:9,Tile:0,Destroy,Tile:14,Tile:9,Tile:15,Tile:10,Destroy,Map,Bonus,Map,Tile:2,Tile:7,Malus,Map,Tile:9,Tile:9,Tile:12,Map,Bonus,Tile:6,Tile:6,Tile:0,Tile:8,Tile:7,Bonus,Tile:10-Tile:0,Tile:8,Bonus,Tile:4,Map,Tile:3,Tile:5-Tile:8,Tile:0,Tile:5,Tile:5,Tile:7,Tile:7,Tile:10-Tile:hidden1,Tile:nugget,Tile:hidden2
Map 12 3 1
Tile:7_flip 5 6 0
Drop 3 0 1
Drop 1 0 0
Drop 3 0 1
Tile:5 5 4 0
Tile:0 6 5 1
Tile:7 6 6 0
Tile:8 7 5 1
Tile:6_flip 7 4 0
Tile:8 8 5 1
Destroy 5 4 0
Drop 6 0 1
Tile:11 7 6 0
Malus 0 0 1
Map 12 7 0
Tile:6 9 5 1
Drop 5 0 0
Destroy 7 6 1
Drop 3 0 0
Tile:6 10 5 1
Drop 2 0 0
Tile:5_flip 11 5 1
Destroy 11 5 0
Drop 6 0 1
Drop 5 0 0
Drop 6 0 1
Drop 0 0 0
Tile:7 11 5 1
Drop 2 0 0
Drop 6 0 1
Drop 4 0 0
Tile:9 11 6 1
Drop 6 0 0
Tile:9 11 7 1
Drop 3 0 0
Tile:9_flip 12 6 1
GAMEOVER WINNER 1
# Game ended: Sun Apr 26 16:40:38 EDT 2020
