# Server version 0.08 running on nosferatu:8123
# Game ID: 56
# Board class: Saboteur.SaboteurBoard
# Timeout: 20000
# First Move Timeout: 30000
# Date: Sun Apr 26 16:35:06 EDT 2020
# Player 1: Player-0, 'RandomPlayer', running on nosferatu
# Player 2: Player-1, 'Filippo', running on nosferatu
START Player-0 RandomPlayer
START Player-1 Filippo
BoardInit:Destroy,Tile:7,Tile:0,Malus,Map,Tile:5,Tile:9,Bonus,Tile:10,Tile:6,Bonus,Tile:8,Tile:11,Tile:8,Tile:7,Tile:5,Tile:6,Tile:10,Tile:10,Map,Destroy,Destroy,Tile:13,Tile:5,Tile:6,Tile:9,Tile:3,Tile:0,Tile:8,Tile:15,Tile:0,Tile:7,Tile:4,Tile:9,Tile:9,Tile:1,Bonus,Tile:8,Tile:2,Map,Tile:7-Tile:6,Tile:0,Tile:7,Tile:12,Map,Bonus,Malus-Tile:14,Map,Tile:6,Tile:9,Tile:5,Tile:8,Map-Tile:nugget,Tile:hidden1,Tile:hidden2
Map 12 3 1
Tile:6 4 5 0
Malus 0 0 1
Drop 2 0 0
Drop 3 0 1
Drop 4 0 0
Drop 6 0 1
Drop 2 0 0
Tile:6 6 5 1
Drop 6 0 0
Tile:0 7 5 1
Drop 1 0 0
Destroy 4 5 1
Malus 0 0 0
Bonus 0 0 1
Drop 0 0 0
Drop 5 0 1
Drop 5 0 0
Tile:0 8 5 1
Drop 3 0 0
Tile:9_flip 9 5 1
Map 12 7 0
Tile:10 9 4 1
Drop 5 0 0
Drop 6 0 1
Drop 0 0 0
Tile:6_flip 9 3 1
Drop 0 0 0
Drop 6 0 1
Drop 5 0 0
Tile:6 10 3 1
Destroy 6 5 0
Destroy 9 5 1
Drop 6 0 0
Drop 6 0 1
Drop 3 0 0
Tile:9 4 5 1
Drop 3 0 0
Tile:8 6 5 1
Drop 6 0 0
Drop 6 0 1
Drop 6 0 0
Tile:10 6 4 1
Drop 1 0 0
Tile:7 6 3 1
Drop 3 0 0
Tile:7 10 2 1
Drop 0 0 0
Tile:0 5 3 1
Drop 2 0 0
Tile:7_flip 9 2 1
Drop 0 0 0
Drop 1 0 1
Drop 0 0 0
Drop 0 0 1
GAMEOVER DRAW
# Game ended: Sun Apr 26 16:35:08 EDT 2020
