# Server version 0.08 running on nosferatu:8123
# Game ID: 107
# Board class: Saboteur.SaboteurBoard
# Timeout: 20000
# First Move Timeout: 30000
# Date: Sun Apr 26 17:20:34 EDT 2020
# Player 1: Player-0, 'SaboteurAI', running on nosferatu
# Player 2: Player-1, 'RandomPlayer', running on nosferatu
START Player-0 SaboteurAI
START Player-1 RandomPlayer
BoardInit:Tile:0,Tile:7,Tile:14,Bonus,Tile:8,Tile:9,Destroy,Tile:9,Map,Tile:8,Tile:8,Destroy,Tile:15,Tile:10,Tile:13,Tile:0,Tile:12,Tile:5,Tile:9,Tile:6,Bonus,Destroy,Tile:3,Tile:8,Tile:5,Tile:6,Tile:7,Bonus,Tile:8,Tile:1,Map,Malus,Map,Map,Tile:6,Tile:7,Map,Tile:11,Map,Tile:0,Tile:0-Tile:7,Tile:9,Tile:6,Tile:6,Tile:5,Tile:7,Tile:10-Tile:9,Tile:5,Tile:10,Bonus,Tile:2,Tile:4,Malus-Tile:hidden2,Tile:nugget,Tile:hidden1
Tile:7_flip 5 6 1
Malus 0 0 0
Drop 1 0 1
Drop 4 0 0
Drop 4 0 1
Drop 4 0 0
Drop 5 0 1
Tile:9_flip 6 5 0
Drop 0 0 1
Tile:5 6 4 0
Drop 3 0 1
Tile:7 7 4 0
Drop 0 0 1
Tile:9 7 5 0
Map 12 7 1
Tile:8 8 5 0
Drop 0 0 1
Tile:0 9 5 0
Drop 3 0 1
Destroy 5 6 0
Destroy 7 5 1
Tile:9 7 5 0
Drop 3 0 1
Tile:6 10 5 0
Drop 5 0 1
Tile:8 11 5 0
GAMEOVER WINNER 0
# Game ended: Sun Apr 26 17:20:35 EDT 2020
