# Server version 0.08 running on nosferatu:8123
# Game ID: 39
# Board class: Saboteur.SaboteurBoard
# Timeout: 20000
# First Move Timeout: 30000
# Date: Sun Apr 26 16:33:12 EDT 2020
# Player 1: Player-0, 'RandomPlayer', running on nosferatu
# Player 2: Player-1, 'Filippo', running on nosferatu
START Player-0 RandomPlayer
START Player-1 Filippo
BoardInit:Tile:9,Map,Bonus,Map,Tile:1,Tile:12,Tile:9,Tile:6,Bonus,Tile:0,Tile:7,Tile:9,Malus,Tile:9,Tile:13,Tile:6,Bonus,Tile:8,Tile:8,Tile:14,Tile:7,Map,Tile:7,Tile:10,Tile:5,Tile:8,Destroy,Bonus,Tile:5,Map,Tile:0,Tile:0,Tile:7,Destroy,Tile:3,Tile:10,Tile:15,Tile:5,Tile:10,Tile:8,Map-Tile:4,Destroy,Tile:6,Tile:2,Map,Tile:9,Tile:7-Tile:5,Tile:6,Malus,Tile:6,Tile:11,Tile:8,Tile:0-Tile:hidden2,Tile:hidden1,Tile:nugget
Map 12 3 1
Tile:6_flip 4 5 0
Drop 0 0 1
Tile:11_flip 5 4 0
Drop 2 0 1
Map 12 7 0
Drop 6 0 1
Drop 4 0 0
Destroy 5 4 1
Drop 2 0 0
Tile:6 6 5 1
Tile:5_flip 5 6 0
Tile:9_flip 7 5 1
Tile:12_flip 3 5 0
Malus 0 0 1
Map 12 5 0
Drop 6 0 1
Drop 1 0 0
Tile:7_flip 7 6 1
Drop 3 0 0
Tile:9_flip 8 6 1
Drop 2 0 0
Tile:9 8 5 1
Map 12 3 0
Tile:8 9 5 1
Drop 5 0 0
Tile:7 10 5 1
Drop 0 0 0
Destroy 4 5 1
Drop 6 0 0
Tile:7_flip 10 6 1
Map 12 3 0
Tile:7 11 6 1
Drop 6 0 0
Tile:7_flip 11 7 1
GAMEOVER WINNER 1
# Game ended: Sun Apr 26 16:33:13 EDT 2020
