# Server version 0.08 running on nosferatu:8123
# Game ID: 148
# Board class: Saboteur.SaboteurBoard
# Timeout: 20000
# First Move Timeout: 30000
# Date: Sun Apr 26 22:03:40 EDT 2020
# Player 1: Player-0, 'RandomPlayer', running on nosferatu
# Player 2: Player-1, 'SaboteurAI', running on nosferatu
START Player-0 RandomPlayer
START Player-1 SaboteurAI
BoardInit:Tile:6,Tile:15,Tile:0,Map,Tile:6,Tile:0,Tile:0,Destroy,Tile:5,Tile:10,Tile:5,Tile:10,Destroy,Bonus,Tile:7,Tile:4,Bonus,Tile:13,Tile:12,Tile:8,Malus,Tile:8,Bonus,Tile:3,Tile:7,Tile:5,Map,Tile:2,Tile:1,Tile:9,Tile:9,Tile:5,Map,Tile:8,Map,Tile:9,Tile:14,Tile:9,Destroy,Tile:6,Tile:6-Bonus,Tile:8,Malus,Tile:10,Tile:7,Tile:7,Tile:9-Map,Tile:0,Tile:7,Map,Tile:8,Tile:6,Tile:11-Tile:hidden1,Tile:nugget,Tile:hidden2
Malus 0 0 1
Map 12 7 0
Tile:9_flip 6 5 1
Map 12 3 0
Tile:7 5 4 1
Drop 2 0 0
Tile:8 6 6 1
Map 12 5 0
Tile:7 7 6 1
Destroy 6 6 0
Tile:10 7 7 1
Drop 4 0 0
Tile:6 6 6 1
Drop 0 0 0
Destroy 5 4 1
Drop 5 0 0
Tile:6 7 8 1
Drop 1 0 0
Tile:0 8 8 1
Drop 3 0 0
Drop 6 0 1
Drop 2 0 0
Malus 0 0 1
Drop 3 0 0
Tile:0 9 8 1
Drop 5 0 0
Tile:5_flip 10 8 1
Drop 0 0 0
Map 12 3 1
Drop 6 0 0
Drop 6 0 1
Drop 1 0 0
Tile:5 10 7 1
Drop 6 0 0
Drop 6 0 1
Drop 3 0 0
Drop 6 0 1
Drop 3 0 0
Drop 6 0 1
Drop 6 0 0
Tile:7 11 7 1
Drop 2 0 0
Tile:7_flip 11 8 1
Drop 1 0 0
Destroy 11 8 1
Drop 3 0 0
Tile:9 11 8 1
Drop 0 0 0
Tile:6_flip 12 8 1
Drop 2 0 0
Drop 2 0 1
Drop 0 0 0
Drop 0 0 1
Drop 0 0 0
Drop 0 0 1
GAMEOVER DRAW
# Game ended: Sun Apr 26 22:03:41 EDT 2020
