# Server version 0.08 running on nosferatu:8123
# Game ID: 127
# Board class: Saboteur.SaboteurBoard
# Timeout: 20000
# First Move Timeout: 30000
# Date: Sun Apr 26 17:22:42 EDT 2020
# Player 1: Player-0, 'RandomPlayer', running on nosferatu
# Player 2: Player-1, 'SaboteurAI', running on nosferatu
START Player-0 RandomPlayer
START Player-1 SaboteurAI
BoardInit:Tile:8,Malus,Tile:8,Tile:7,Map,Tile:2,Map,Bonus,Tile:0,Tile:7,Tile:0,Tile:6,Tile:3,Tile:0,Bonus,Tile:7,Tile:11,Tile:9,Tile:10,Map,Tile:5,Tile:5,Bonus,Tile:4,Bonus,Tile:13,Destroy,Tile:5,Tile:10,Tile:6,Malus,Tile:9,Tile:8,Tile:1,Tile:12,Tile:6,Tile:9,Tile:14,Destroy,Tile:10,Tile:15-Tile:6,Map,Map,Tile:6,Tile:9,Tile:7,Map-Tile:9,Tile:0,Tile:5,Tile:8,Tile:7,Tile:8,Destroy-Tile:hidden2,Tile:hidden1,Tile:nugget
Map 12 3 1
Tile:8 5 4 0
Drop 1 0 1
Tile:7_flip 4 4 0
Drop 4 0 1
Tile:8 5 3 0
Drop 6 0 1
Drop 2 0 0
Drop 6 0 1
Tile:2 6 5 0
Tile:6 6 4 1
Tile:0 7 4 0
Tile:6 8 4 1
Destroy 6 5 0
Drop 6 0 1
Tile:6_flip 4 3 0
Tile:9_flip 9 4 1
Tile:7 6 3 0
Drop 6 0 1
Tile:7_flip 9 5 0
Tile:8 10 5 1
Tile:9_flip 5 6 0
Tile:8 11 5 1
Tile:9_flip 12 4 0
Tile:5 10 4 1
Tile:7_flip 12 6 0
Tile:0 4 5 1
Drop 3 0 0
Tile:7_flip 5 7 1
Tile:0 6 5 0
Drop 2 0 1
Tile:5 4 6 0
Destroy 6 5 1
Tile:9_flip 13 5 0
Drop 0 0 1
Tile:1 6 5 0
Drop 2 0 1
Tile:6_flip 5 2 0
Tile:9_flip 12 2 1
Tile:6_flip 11 3 0
Tile:8 3 5 1
Tile:10 3 4 0
Destroy 5 6 1
Tile:4_flip 4 7 0
Tile:12_flip 10 3 1
Tile:14_flip 13 4 0
Drop 3 0 1
Tile:13 11 4 0
Tile:15 3 6 1
Tile:5 2 5 0
Tile:10 2 6 1
Malus 0 0 0
Drop 1 0 1
Drop 0 0 0
Bonus 0 0 1
GAMEOVER DRAW
# Game ended: Sun Apr 26 17:22:44 EDT 2020
