# Server version 0.08 running on nosferatu:8123
# Game ID: 35
# Board class: Saboteur.SaboteurBoard
# Timeout: 20000
# First Move Timeout: 30000
# Date: Sun Apr 26 16:32:57 EDT 2020
# Player 1: Player-0, 'RandomPlayer', running on nosferatu
# Player 2: Player-1, 'Filippo', running on nosferatu
START Player-0 RandomPlayer
START Player-1 Filippo
BoardInit:Bonus,Map,Tile:15,Bonus,Map,Destroy,Tile:8,Tile:9,Tile:8,Tile:5,Tile:0,Tile:6,Tile:14,Tile:12,Map,Tile:2,Tile:4,Tile:7,Tile:0,Tile:10,Tile:7,Destroy,Tile:13,Bonus,Tile:8,Tile:8,Tile:6,Tile:9,Tile:5,Tile:0,Tile:9,Tile:10,Tile:8,Tile:9,Tile:0,Tile:1,Tile:5,Destroy,Tile:3,Map,Tile:11-Map,Malus,Tile:5,Tile:6,Tile:7,Bonus,Tile:6-Map,Tile:10,Tile:7,Tile:6,Tile:7,Tile:9,Malus-Tile:nugget,Tile:hidden1,Tile:hidden2
Map 12 3 1
Tile:9 5 4 0
Malus 0 0 1
Drop 1 0 0
Drop 6 0 1
Map 12 5 0
Drop 6 0 1
Drop 1 0 0
Tile:5 5 3 1
Map 12 3 0
Tile:6 6 3 1
Malus 0 0 0
Bonus 0 0 1
Drop 6 0 0
Drop 6 0 1
Destroy 5 4 0
Drop 6 0 1
Drop 1 0 0
Drop 6 0 1
Drop 3 0 0
Tile:8 5 4 1
Drop 2 0 0
Tile:6 7 3 1
Drop 5 0 0
Drop 6 0 1
Destroy 5 4 0
Tile:8 6 5 1
Drop 5 0 0
Tile:7 8 3 1
Drop 6 0 0
Tile:7_flip 8 4 1
Drop 1 0 0
Tile:0 9 4 1
Drop 6 0 0
Tile:0 10 4 1
Drop 3 0 0
Tile:8 5 4 1
Drop 3 0 0
Tile:6 11 4 1
Destroy 11 4 0
Drop 6 0 1
Drop 6 0 0
Drop 6 0 1
Drop 1 0 0
Tile:8 11 4 1
Drop 3 0 0
Tile:5 11 3 1
GAMEOVER WINNER 1
# Game ended: Sun Apr 26 16:32:58 EDT 2020
