# Server version 0.08 running on nosferatu:8123
# Game ID: 129
# Board class: Saboteur.SaboteurBoard
# Timeout: 20000
# First Move Timeout: 30000
# Date: Sun Apr 26 17:22:51 EDT 2020
# Player 1: Player-0, 'RandomPlayer', running on nosferatu
# Player 2: Player-1, 'SaboteurAI', running on nosferatu
START Player-0 RandomPlayer
START Player-1 SaboteurAI
BoardInit:Tile:14,Destroy,Tile:4,Tile:7,Tile:15,Tile:6,Map,Destroy,Tile:9,Tile:13,Tile:10,Tile:8,Tile:8,Tile:3,Tile:6,Map,Bonus,Tile:0,Tile:12,Destroy,Tile:7,Tile:9,Tile:6,Tile:5,Tile:7,Tile:10,Tile:1,Tile:6,Tile:5,Tile:8,Malus,Bonus,Tile:8,Malus,Bonus,Map,Tile:6,Tile:10,Tile:7,Tile:9,Tile:11-Tile:0,Map,Tile:9,Tile:5,Tile:9,Tile:0,Tile:0-Map,Tile:7,Tile:2,Tile:5,Tile:8,Map,Bonus-Tile:hidden2,Tile:nugget,Tile:hidden1
Map 12 3 1
Tile:8 4 5 0
Drop 6 0 1
Tile:5 3 5 0
Drop 6 0 1
Destroy 3 5 0
Drop 6 0 1
Tile:2_flip 3 5 0
Drop 6 0 1
Tile:7_flip 5 6 0
Tile:0 6 5 1
Map 12 3 0
Tile:0 7 5 1
Drop 2 0 0
Tile:0 8 5 1
Tile:3 3 4 0
Tile:8 9 5 1
Tile:6 2 5 0
Tile:6 10 5 1
Map 12 3 0
Drop 6 0 1
Tile:8 2 4 0
Tile:9_flip 11 5 1
Destroy 3 5 0
Tile:9 11 6 1
Tile:9_flip 2 3 0
Tile:7 6 6 1
Tile:13 12 6 0
Tile:9 11 7 1
Tile:6_flip 13 7 0
Tile:7_flip 11 8 1
Destroy 11 5 0
Tile:5_flip 4 6 1
Tile:5_flip 12 8 0
Drop 4 0 1
Tile:8 3 5 0
Tile:8 9 4 1
Tile:10 13 8 0
Tile:6 8 4 1
Drop 6 0 0
Tile:10 2 2 1
Tile:9 9 6 0
Tile:6 6 7 1
Tile:0 5 7 0
Tile:7 10 4 1
Drop 3 0 0
Malus 0 0 1
Map 12 5 0
Drop 1 0 1
Map 12 3 0
Drop 2 0 1
Bonus 0 0 0
Drop 1 0 1
Drop 0 0 0
Drop 0 0 1
GAMEOVER DRAW
# Game ended: Sun Apr 26 17:22:56 EDT 2020
