# Server version 0.08 running on nosferatu:8123
# Game ID: 21
# Board class: Saboteur.SaboteurBoard
# Timeout: 20000
# First Move Timeout: 30000
# Date: Sun Apr 26 16:31:29 EDT 2020
# Player 1: Player-0, 'Filippo', running on nosferatu
# Player 2: Player-1, 'RandomPlayer', running on nosferatu
START Player-0 Filippo
START Player-1 RandomPlayer
BoardInit:Tile:6,Tile:5,Tile:12,Tile:0,Tile:3,Tile:9,Tile:9,Tile:8,Map,Tile:0,Tile:10,Tile:10,Bonus,Tile:5,Tile:9,Malus,Tile:7,Tile:6,Destroy,Tile:0,Destroy,Tile:4,Tile:13,Tile:8,Tile:7,Tile:11,Tile:7,Bonus,Tile:9,Map,Tile:15,Tile:8,Tile:1,Malus,Tile:5,Map,Tile:6,Tile:9,Tile:8,Tile:2,Tile:14-Map,Tile:0,Map,Bonus,Tile:7,Map,Bonus-Tile:8,Tile:7,Tile:10,Destroy,Tile:5,Tile:6,Tile:6-Tile:hidden1,Tile:hidden2,Tile:nugget
Tile:7 5 4 1
Tile:8 6 5 0
Tile:6_flip 4 5 1
Tile:6 7 5 0
Map 12 5 1
Tile:6 8 5 0
Tile:0 3 5 1
Destroy 4 5 0
Tile:3 9 5 1
Tile:7 8 4 0
Drop 1 0 1
Tile:5 7 4 0
Map 12 5 1
Tile:10 6 4 0
Tile:9_flip 6 6 1
Tile:5 6 3 0
Drop 6 0 1
Malus 0 0 0
Map 12 5 1
Tile:0 7 3 0
Destroy 5 4 1
Tile:0 8 3 0
Drop 5 0 1
Drop 6 0 0
Destroy 3 5 1
Tile:8 9 3 0
Bonus 0 0 1
Drop 6 0 0
Tile:10 6 7 1
Tile:6 10 3 0
Tile:7 5 4 1
Tile:0 11 3 0
Tile:13 13 3 1
Tile:8 12 4 0
Tile:9 4 4 1
Tile:9_flip 10 2 0
Drop 6 0 1
Tile:10 13 2 0
Tile:7 13 5 1
Drop 2 0 0
Tile:8 4 5 1
Tile:5_flip 9 6 0
Tile:12_flip 8 6 1
Tile:8 13 1 0
Tile:14 6 8 1
Tile:2 11 4 0
Tile:1 12 1 1
Tile:9 12 6 0
GAMEOVER WINNER 0
# Game ended: Sun Apr 26 16:31:31 EDT 2020
