# Server version 0.08 running on nosferatu:8123
# Game ID: 71
# Board class: Saboteur.SaboteurBoard
# Timeout: 20000
# First Move Timeout: 30000
# Date: Sun Apr 26 16:38:14 EDT 2020
# Player 1: Player-0, 'RandomPlayer', running on nosferatu
# Player 2: Player-1, 'Filippo', running on nosferatu
START Player-0 RandomPlayer
START Player-1 Filippo
BoardInit:Map,Tile:0,Tile:9,Destroy,Tile:7,Tile:14,Tile:7,Tile:9,Tile:4,Tile:15,Map,Tile:8,Tile:8,Tile:10,Tile:8,Tile:7,Tile:3,Tile:0,Bonus,Tile:5,Tile:7,Tile:6,Tile:6,Tile:0,Map,Tile:9,Tile:13,Tile:9,Tile:6,Map,Tile:10,Tile:5,Tile:1,Tile:8,Tile:10,Bonus,Tile:0,Destroy,Bonus,Tile:2,Malus-Tile:12,Bonus,Tile:6,Destroy,Tile:6,Tile:9,Map-Tile:5,Tile:8,Tile:7,Tile:11,Tile:5,Map,Malus-Tile:nugget,Tile:hidden2,Tile:hidden1
Map 12 3 1
Tile:5 4 5 0
Drop 0 0 1
Tile:5_flip 5 6 0
Drop 5 0 1
Tile:8 6 5 0
Tile:6 7 5 1
Tile:7_flip 6 6 0
Tile:6 8 5 1
Destroy 6 6 0
Drop 6 0 1
Tile:9 6 6 0
Drop 6 0 1
Tile:15 7 4 0
Destroy 7 4 1
Drop 5 0 0
Tile:9 8 4 1
Tile:7_flip 6 7 0
Drop 6 0 1
Tile:10 8 3 0
Tile:9_flip 9 4 1
Tile:0 7 6 0
Tile:8 8 2 1
Tile:0 8 6 0
Tile:8 9 2 1
Tile:5 9 1 0
Drop 6 0 1
Tile:6 9 6 0
Drop 6 0 1
Tile:9_flip 10 6 0
Tile:6_flip 10 5 1
Tile:14_flip 6 4 0
Tile:7 5 4 1
Drop 6 0 0
Tile:7 8 1 1
Tile:0 7 1 0
Tile:10 9 3 1
Malus 0 0 0
Bonus 0 0 1
Map 12 3 0
Tile:1 7 7 1
Tile:2 8 7 0
Tile:0 4 4 1
Tile:11_flip 8 8 0
Tile:10 10 7 1
Tile:9_flip 10 8 0
Tile:6 6 1 1
Destroy 7 7 0
Malus 0 0 1
Map 12 7 0
Tile:7 10 2 1
Bonus 0 0 0
Drop 1 0 1
Tile:8 3 4 0
Drop 0 0 1
GAMEOVER DRAW
# Game ended: Sun Apr 26 16:38:22 EDT 2020
