# Server version 0.08 running on nosferatu:8123
# Game ID: 13
# Board class: Saboteur.SaboteurBoard
# Timeout: 20000
# First Move Timeout: 30000
# Date: Sun Apr 26 16:30:45 EDT 2020
# Player 1: Player-0, 'RandomPlayer', running on nosferatu
# Player 2: Player-1, 'Filippo', running on nosferatu
START Player-0 RandomPlayer
START Player-1 Filippo
BoardInit:Tile:9,Bonus,Bonus,Tile:5,Destroy,Tile:7,Map,Tile:3,Tile:8,Tile:6,Tile:10,Tile:10,Tile:7,Tile:0,Destroy,Tile:8,Tile:9,Tile:6,Map,Tile:12,Malus,Tile:9,Map,Map,Tile:7,Bonus,Tile:5,Tile:5,Tile:9,Tile:1,Tile:7,Bonus,Tile:14,Tile:2,Tile:8,Tile:9,Destroy,Tile:4,Tile:6,Tile:0,Tile:0-Tile:15,Tile:5,Map,Map,Tile:13,Malus,Tile:0-Tile:10,Tile:6,Tile:11,Tile:8,Tile:8,Tile:6,Tile:7-Tile:hidden2,Tile:nugget,Tile:hidden1
Map 12 3 1
Tile:7 5 4 0
Malus 0 0 1
Drop 1 0 0
Drop 0 0 1
Drop 4 0 0
Drop 1 0 1
Drop 3 0 0
Drop 1 0 1
Drop 5 0 0
Drop 5 0 1
Bonus 0 0 0
Tile:0 6 5 1
Drop 6 0 0
Destroy 5 4 1
Tile:11_flip 7 5 0
Destroy 7 5 1
Drop 0 0 0
Tile:8 7 5 1
Tile:5_flip 7 6 0
Drop 6 0 1
Tile:6 8 5 0
Malus 0 0 1
Drop 0 0 0
Drop 6 0 1
Drop 4 0 0
Tile:5_flip 9 5 1
Map 12 7 0
Tile:9 9 4 1
Drop 6 0 0
Tile:7 10 4 1
Drop 1 0 0
Tile:9 10 5 1
Drop 6 0 0
Drop 6 0 1
Drop 0 0 0
Tile:8 11 5 1
GAMEOVER WINNER 1
# Game ended: Sun Apr 26 16:30:47 EDT 2020
