# Server version 0.08 running on nosferatu:8123
# Game ID: 58
# Board class: Saboteur.SaboteurBoard
# Timeout: 20000
# First Move Timeout: 30000
# Date: Sun Apr 26 16:35:21 EDT 2020
# Player 1: Player-0, 'RandomPlayer', running on nosferatu
# Player 2: Player-1, 'Filippo', running on nosferatu
START Player-0 RandomPlayer
START Player-1 Filippo
BoardInit:Bonus,Tile:9,Tile:13,Tile:7,Tile:9,Tile:9,Tile:10,Tile:8,Tile:6,Tile:9,Destroy,Map,Tile:7,Tile:8,Tile:12,Tile:0,Map,Tile:5,Map,Map,Map,Tile:8,Tile:5,Map,Tile:1,Destroy,Tile:5,Tile:3,Tile:8,Tile:10,Tile:6,Bonus,Bonus,Tile:7,Tile:5,Tile:7,Tile:15,Tile:14,Tile:2,Tile:11,Tile:6-Tile:7,Tile:4,Bonus,Tile:6,Malus,Destroy,Tile:8-Tile:0,Tile:0,Tile:10,Tile:0,Tile:6,Malus,Tile:9-Tile:hidden2,Tile:hidden1,Tile:nugget
Malus 0 0 1
Drop 3 0 0
Drop 1 0 1
Drop 1 0 0
Drop 6 0 1
Drop 4 0 0
Tile:6_flip 5 4 1
Drop 3 0 0
Destroy 5 4 1
Drop 1 0 0
Tile:7 6 5 1
Drop 4 0 0
Tile:8 4 5 1
Drop 4 0 0
Destroy 4 5 1
Map 12 7 0
Drop 6 0 1
Drop 5 0 0
Map 12 3 1
Drop 3 0 0
Drop 6 0 1
Map 12 7 0
Drop 6 0 1
Drop 0 0 0
Tile:9 5 6 1
Drop 4 0 0
Drop 6 0 1
Destroy 6 5 0
Tile:6 6 5 1
Drop 4 0 0
Tile:8 7 5 1
Map 12 3 0
Tile:6 8 5 1
Drop 4 0 0
Tile:7 9 5 1
Drop 0 0 0
Tile:10 9 6 1
Drop 4 0 0
Drop 6 0 1
Drop 6 0 0
Drop 6 0 1
Drop 2 0 0
Tile:6 9 7 1
Drop 1 0 0
Tile:5_flip 10 7 1
Drop 3 0 0
Tile:5 10 6 1
Drop 0 0 0
Tile:5_flip 11 6 1
Drop 2 0 0
Drop 2 0 1
Drop 0 0 0
Drop 0 0 1
Drop 0 0 0
Drop 0 0 1
GAMEOVER DRAW
# Game ended: Sun Apr 26 16:35:22 EDT 2020
