# Server version 0.08 running on nosferatu:8123
# Game ID: 18
# Board class: Saboteur.SaboteurBoard
# Timeout: 20000
# First Move Timeout: 30000
# Date: Sun Apr 26 16:31:16 EDT 2020
# Player 1: Player-0, 'RandomPlayer', running on nosferatu
# Player 2: Player-1, 'Filippo', running on nosferatu
START Player-0 RandomPlayer
START Player-1 Filippo
BoardInit:Tile:7,Tile:10,Tile:9,Tile:0,Tile:1,Map,Tile:9,Bonus,Tile:8,Tile:14,Tile:6,Tile:8,Destroy,Tile:8,Malus,Tile:10,Bonus,Malus,Tile:0,Tile:0,Tile:7,Tile:12,Tile:8,Tile:9,Tile:11,Tile:15,Tile:7,Tile:8,Tile:9,Tile:5,Map,Map,Tile:7,Map,Tile:7,Destroy,Tile:4,Tile:5,Tile:2,Map,Bonus-Tile:10,Tile:6,Tile:5,Bonus,Tile:5,Map,Tile:6-Tile:0,Tile:6,Tile:6,Tile:9,Tile:3,Destroy,Tile:13-Tile:hidden1,Tile:hidden2,Tile:nugget
Map 12 3 1
Tile:6 4 5 0
Tile:6 6 5 1
Tile:0 3 5 0
Tile:6 7 5 1
Tile:6_flip 7 4 0
Drop 6 0 1
Drop 6 0 0
Tile:5_flip 8 4 1
Tile:3 4 4 0
Tile:7 8 5 1
Tile:13 8 6 0
Tile:5 8 3 1
Tile:14 5 6 0
Destroy 8 6 1
Tile:0 4 6 0
Malus 0 0 1
Drop 1 0 0
Tile:10 8 6 1
Drop 2 0 0
Tile:9 8 7 1
Drop 2 0 0
Tile:8 9 7 1
Drop 3 0 0
Tile:6 10 7 1
Drop 5 0 0
Tile:0 11 7 1
GAMEOVER WINNER 1
# Game ended: Sun Apr 26 16:31:18 EDT 2020
