# Server version 0.08 running on nosferatu:8123
# Game ID: 86
# Board class: Saboteur.SaboteurBoard
# Timeout: 20000
# First Move Timeout: 30000
# Date: Sun Apr 26 16:40:28 EDT 2020
# Player 1: Player-0, 'RandomPlayer', running on nosferatu
# Player 2: Player-1, 'Filippo', running on nosferatu
START Player-0 RandomPlayer
START Player-1 Filippo
BoardInit:Map,Tile:15,Bonus,Destroy,Tile:9,Tile:8,Tile:10,Malus,Tile:8,Tile:7,Destroy,Tile:9,Tile:6,Bonus,Tile:10,Tile:6,Bonus,Tile:12,Destroy,Tile:9,Tile:7,Tile:6,Tile:8,Tile:5,Malus,Tile:5,Tile:4,Map,Tile:14,Tile:9,Tile:13,Tile:7,Tile:7,Tile:8,Tile:9,Bonus,Tile:0,Tile:0,Tile:8,Tile:6,Tile:7-Tile:3,Tile:2,Map,Map,Map,Tile:0,Tile:6-Tile:0,Map,Tile:5,Tile:5,Tile:11,Tile:10,Tile:1-Tile:hidden1,Tile:hidden2,Tile:nugget
Map 12 3 1
Tile:5 4 5 0
Drop 0 0 1
Map 12 3 0
Drop 0 0 1
Tile:5_flip 4 6 0
Drop 0 0 1
Tile:11 5 6 0
Drop 0 0 1
Tile:1 6 6 0
Drop 2 0 1
Tile:10 5 4 0
Destroy 5 6 1
Drop 6 0 0
Tile:0 6 5 1
Tile:0 3 6 0
Tile:6 7 5 1
Drop 1 0 0
Tile:8 8 5 1
Tile:7_flip 5 6 0
Destroy 5 6 1
Drop 4 0 0
Tile:6 9 5 1
Tile:6 2 6 0
Tile:9 8 4 1
Drop 2 0 0
Tile:10 5 3 1
Tile:12 10 5 0
Drop 1 0 1
Tile:15 8 6 0
Tile:7_flip 8 7 1
Tile:9 5 6 0
Tile:4 7 4 1
Tile:9 1 6 0
Tile:13 9 7 1
Tile:7 2 5 0
Tile:7_flip 9 8 1
Tile:8 1 5 0
Tile:8 10 7 1
Tile:0 11 7 0
Malus 0 0 1
Map 12 7 0
Tile:7 7 6 1
Drop 4 0 0
Tile:14_flip 9 6 1
Drop 3 0 0
Tile:8 5 2 1
Drop 1 0 0
Tile:0 6 2 1
Bonus 0 0 0
Tile:9_flip 5 1 1
Tile:5_flip 10 8 0
Drop 0 0 1
Tile:6_flip 9 4 0
Drop 0 0 1
GAMEOVER DRAW
# Game ended: Sun Apr 26 16:40:29 EDT 2020
