# Server version 0.08 running on nosferatu:8123
# Game ID: 67
# Board class: Saboteur.SaboteurBoard
# Timeout: 20000
# First Move Timeout: 30000
# Date: Sun Apr 26 16:38:03 EDT 2020
# Player 1: Player-0, 'RandomPlayer', running on nosferatu
# Player 2: Player-1, 'Filippo', running on nosferatu
START Player-0 RandomPlayer
START Player-1 Filippo
BoardInit:Tile:10,Tile:11,Tile:1,Malus,Tile:8,Tile:5,Tile:0,Bonus,Tile:14,Tile:7,Bonus,Tile:6,Tile:6,Map,Bonus,Tile:7,Tile:6,Tile:8,Tile:6,Tile:0,Tile:5,Tile:5,Map,Malus,Tile:8,Tile:7,Destroy,Destroy,Tile:7,Map,Destroy,Tile:15,Tile:6,Tile:8,Tile:0,Tile:7,Tile:4,Tile:13,Map,Tile:10,Tile:9-Tile:10,Tile:9,Map,Tile:0,Tile:9,Tile:8,Tile:3-Map,Bonus,Tile:12,Tile:9,Tile:2,Tile:5,Tile:9-Tile:hidden2,Tile:nugget,Tile:hidden1
Map 12 3 1
Tile:9 5 6 0
Drop 5 0 1
Tile:2_flip 6 5 0
Drop 6 0 1
Tile:5_flip 7 5 0
Tile:9 5 7 1
Tile:9_flip 6 7 0
Tile:9 6 8 1
Map 12 7 0
Drop 6 0 1
Tile:11_flip 6 4 0
Tile:0 7 8 1
Tile:7 6 6 0
Tile:8 8 8 1
Tile:5 5 4 0
Tile:8 8 7 1
Tile:7 9 8 0
Tile:0 9 7 1
Map 12 5 0
Tile:6 10 7 1
Tile:12 11 7 0
Tile:10 10 6 1
Tile:6_flip 8 6 0
Drop 6 0 1
Drop 0 0 0
Tile:6_flip 10 5 1
Tile:5 7 6 0
Tile:6 11 5 1
GAMEOVER WINNER 1
# Game ended: Sun Apr 26 16:38:05 EDT 2020
