# Server version 0.08 running on nosferatu:8123
# Game ID: 104
# Board class: Saboteur.SaboteurBoard
# Timeout: 20000
# First Move Timeout: 30000
# Date: Sun Apr 26 16:46:00 EDT 2020
# Player 1: Player-0, 'SaboteurAI', running on nosferatu
# Player 2: Player-1, 'RandomPlayer', running on nosferatu
START Player-0 SaboteurAI
START Player-1 RandomPlayer
BoardInit:Bonus,Tile:7,Malus,Malus,Tile:5,Tile:5,Tile:7,Destroy,Tile:11,Tile:1,Map,Map,Tile:0,Destroy,Bonus,Tile:7,Tile:0,Destroy,Tile:7,Tile:12,Tile:6,Bonus,Tile:10,Map,Tile:3,Tile:9,Tile:14,Tile:13,Tile:5,Tile:9,Tile:7,Tile:15,Tile:0,Tile:4,Tile:9,Tile:10,Map,Tile:8,Bonus,Tile:9,Tile:6-Tile:10,Map,Map,Tile:8,Tile:6,Tile:6,Tile:8-Tile:8,Tile:8,Tile:0,Tile:2,Tile:9,Tile:6,Tile:5-Tile:nugget,Tile:hidden2,Tile:hidden1
Tile:8 6 5 1
Drop 3 0 0
Tile:6 7 5 1
Tile:8 8 5 0
Drop 1 0 1
Malus 0 0 0
Map 12 5 1
Tile:8 9 5 0
Drop 0 0 1
Tile:0 10 5 0
Drop 4 0 1
Tile:6 11 5 0
Drop 6 0 1
Tile:5_flip 12 6 0
Drop 2 0 1
Tile:5 11 6 0
Drop 6 0 1
Tile:9 5 4 0
Drop 3 0 1
Destroy 10 5 0
Drop 2 0 1
Drop 1 0 0
Drop 0 0 1
Drop 1 0 0
Drop 2 0 1
Drop 4 0 0
Drop 0 0 1
Drop 5 0 0
Drop 5 0 1
Drop 6 0 0
Drop 0 0 1
Tile:7_flip 9 6 0
Drop 6 0 1
Drop 6 0 0
Drop 3 0 1
Drop 6 0 0
Drop 3 0 1
Tile:7 10 6 0
Map 12 3 1
Tile:9 10 7 0
Drop 4 0 1
Tile:8 11 7 0
Drop 5 0 1
Tile:9_flip 12 8 0
Drop 4 0 1
Destroy 7 5 0
Drop 2 0 1
Tile:9 5 3 0
Drop 0 0 1
Destroy 5 3 0
Drop 0 0 1
Tile:10 5 3 0
Drop 1 0 1
Drop 0 0 0
Drop 0 0 1
GAMEOVER DRAW
# Game ended: Sun Apr 26 16:46:05 EDT 2020
