# Server version 0.08 running on nosferatu:8123
# Game ID: 95
# Board class: Saboteur.SaboteurBoard
# Timeout: 20000
# First Move Timeout: 30000
# Date: Sun Apr 26 16:45:24 EDT 2020
# Player 1: Player-0, 'RandomPlayer', running on nosferatu
# Player 2: Player-1, 'SaboteurAI', running on nosferatu
START Player-0 RandomPlayer
START Player-1 SaboteurAI
BoardInit:Map,Tile:5,Tile:0,Bonus,Tile:14,Tile:0,Map,Tile:9,Destroy,Bonus,Tile:13,Tile:7,Tile:9,Tile:7,Tile:6,Tile:8,Tile:8,Map,Bonus,Tile:7,Tile:10,Tile:6,Tile:5,Tile:10,Tile:11,Tile:5,Malus,Map,Destroy,Tile:9,Bonus,Tile:15,Tile:8,Destroy,Tile:10,Tile:9,Tile:8,Tile:12,Tile:3,Tile:7,Tile:1-Tile:6,Malus,Tile:0,Tile:5,Tile:9,Tile:6,Tile:7-Map,Tile:8,Tile:0,Tile:2,Map,Tile:4,Tile:6-Tile:hidden1,Tile:hidden2,Tile:nugget
Malus 0 0 1
Map 12 7 0
Map 12 3 1
Map 12 3 0
Tile:5 4 5 1
Drop 4 0 0
Drop 6 0 1
Drop 3 0 0
Drop 6 0 1
Drop 5 0 0
Tile:6 6 5 1
Drop 4 0 0
Drop 6 0 1
Bonus 0 0 0
Tile:0 7 5 1
Tile:7 5 4 0
Tile:6 8 5 1
Tile:7_flip 5 6 0
Tile:0 9 5 1
Tile:2 6 6 0
Destroy 5 6 1
Tile:9_flip 4 6 0
Tile:6 10 5 1
Tile:0 7 6 0
Tile:8 11 5 1
Tile:8 11 4 0
Tile:7_flip 11 6 1
Tile:5_flip 13 5 0
Tile:11 10 4 1
Tile:7 10 3 0
Tile:9_flip 8 4 1
Tile:9 5 6 0
Drop 2 0 1
Tile:8 4 7 0
Drop 3 0 1
Tile:15 8 3 0
Tile:10 6 7 1
Tile:5 6 4 0
Tile:9 11 3 1
Tile:9_flip 12 6 0
GAMEOVER WINNER 0
# Game ended: Sun Apr 26 16:45:25 EDT 2020
