# Server version 0.08 running on nosferatu:8123
# Game ID: 73
# Board class: Saboteur.SaboteurBoard
# Timeout: 20000
# First Move Timeout: 30000
# Date: Sun Apr 26 16:38:27 EDT 2020
# Player 1: Player-0, 'RandomPlayer', running on nosferatu
# Player 2: Player-1, 'Filippo', running on nosferatu
START Player-0 RandomPlayer
START Player-1 Filippo
BoardInit:Destroy,Tile:4,Tile:0,Tile:1,Tile:14,Destroy,Bonus,Tile:0,Tile:0,Tile:7,Tile:6,Bonus,Tile:9,Tile:8,Map,Tile:5,Tile:10,Tile:7,Malus,Tile:3,Tile:6,Malus,Tile:0,Tile:5,Tile:15,Tile:9,Bonus,Tile:7,Tile:9,Map,Map,Map,Tile:12,Tile:8,Tile:6,Tile:8,Map,Tile:2,Map,Tile:7,Tile:9-Tile:8,Tile:8,Tile:11,Tile:6,Tile:13,Tile:6,Tile:7-Tile:5,Destroy,Bonus,Tile:5,Tile:10,Tile:9,Tile:10-Tile:nugget,Tile:hidden2,Tile:hidden1
Drop 2 0 1
Drop 2 0 0
Drop 3 0 1
Tile:4 5 4 0
Destroy 5 4 1
Tile:5_flip 5 6 0
Drop 6 0 1
Drop 6 0 0
Tile:8 6 5 1
Drop 2 0 0
Tile:8 7 5 1
Drop 1 0 0
Tile:6 8 5 1
Tile:7 8 4 0
Tile:6 9 5 1
Tile:8 4 5 0
Map 12 3 1
Tile:10 5 4 0
Tile:0 10 5 1
Tile:0 3 5 0
Tile:10 7 6 1
Drop 3 0 0
Tile:6 4 6 1
Destroy 5 4 0
Tile:6 7 7 1
Tile:5 3 6 0
Tile:0 6 7 1
Tile:5 9 4 0
Malus 0 0 1
Drop 6 0 0
Tile:9_flip 11 5 1
Drop 3 0 0
Drop 3 0 1
Map 12 7 0
Drop 5 0 1
Drop 4 0 0
Drop 5 0 1
Map 12 7 0
Drop 6 0 1
Drop 0 0 0
Drop 6 0 1
Drop 4 0 0
Tile:9 11 4 1
Malus 0 0 0
Bonus 0 0 1
Drop 3 0 0
Tile:9_flip 12 4 1
GAMEOVER WINNER 1
# Game ended: Sun Apr 26 16:38:31 EDT 2020
