# Server version 0.08 running on nosferatu:8123
# Game ID: 65
# Board class: Saboteur.SaboteurBoard
# Timeout: 20000
# First Move Timeout: 30000
# Date: Sun Apr 26 16:37:54 EDT 2020
# Player 1: Player-0, 'RandomPlayer', running on nosferatu
# Player 2: Player-1, 'Filippo', running on nosferatu
START Player-0 RandomPlayer
START Player-1 Filippo
BoardInit:Tile:10,Tile:8,Tile:6,Tile:8,Destroy,Tile:5,Destroy,Tile:0,Tile:7,Tile:9,Tile:9,Destroy,Tile:0,Malus,Tile:8,Tile:10,Tile:9,Malus,Tile:8,Tile:10,Tile:2,Tile:7,Tile:9,Map,Tile:6,Tile:5,Bonus,Tile:14,Bonus,Tile:6,Tile:7,Tile:12,Bonus,Map,Tile:0,Tile:1,Map,Tile:9,Tile:7,Map,Tile:15-Map,Tile:6,Tile:6,Tile:4,Bonus,Tile:3,Tile:5-Map,Tile:11,Tile:0,Tile:13,Tile:8,Tile:7,Tile:5-Tile:hidden1,Tile:hidden2,Tile:nugget
Map 12 3 1
Tile:7_flip 4 5 0
Drop 2 0 1
Tile:8 6 5 0
Drop 3 0 1
Tile:11 6 6 0
Destroy 6 6 1
Tile:5_flip 6 6 0
Tile:6 7 5 1
Tile:8 5 4 0
Tile:6 8 5 1
Drop 1 0 0
Tile:6 9 5 1
Destroy 5 4 0
Tile:0 10 5 1
Tile:9 5 4 0
Tile:8 11 5 1
Tile:13 12 6 0
Destroy 6 5 1
Tile:5_flip 6 4 0
Tile:9 5 6 1
Tile:10 7 4 0
Drop 6 0 1
Tile:8 12 4 0
Tile:7_flip 5 7 1
Tile:0 6 7 0
Tile:5_flip 13 4 1
Tile:7 4 4 0
Tile:10 13 3 1
Drop 6 0 0
Tile:9 11 4 1
Tile:6_flip 6 5 0
Tile:8 11 6 1
Tile:12_flip 3 4 0
Tile:9 11 3 1
Tile:5 12 2 0
Tile:7 7 7 1
Tile:1 10 6 0
Tile:6 7 8 1
Tile:9_flip 9 4 0
Tile:0 6 8 1
Tile:10 11 2 0
Tile:7 13 2 1
Malus 0 0 0
Drop 5 0 1
Drop 3 0 0
Bonus 0 0 1
Malus 0 0 0
Drop 2 0 1
Map 12 7 0
Drop 1 0 1
Map 12 7 0
Drop 1 0 1
Drop 0 0 0
Bonus 0 0 1
GAMEOVER DRAW
# Game ended: Sun Apr 26 16:37:56 EDT 2020
