# Server version 0.08 running on nosferatu:8123
# Game ID: 126
# Board class: Saboteur.SaboteurBoard
# Timeout: 20000
# First Move Timeout: 30000
# Date: Sun Apr 26 17:22:37 EDT 2020
# Player 1: Player-0, 'SaboteurAI', running on nosferatu
# Player 2: Player-1, 'RandomPlayer', running on nosferatu
START Player-0 SaboteurAI
START Player-1 RandomPlayer
BoardInit:Tile:9,Destroy,Bonus,Tile:13,Tile:7,Tile:6,Destroy,Tile:5,Tile:5,Tile:5,Tile:10,Tile:7,Map,Tile:8,Malus,Tile:4,Tile:11,Map,Tile:8,Tile:7,Tile:5,Bonus,Tile:0,Bonus,Tile:10,Map,Bonus,Tile:9,Tile:8,Tile:7,Tile:2,Tile:9,Tile:0,Malus,Tile:9,Tile:9,Tile:15,Tile:6,Tile:7,Map,Tile:10-Tile:0,Tile:3,Tile:8,Tile:6,Destroy,Map,Map-Tile:0,Tile:12,Tile:14,Tile:8,Tile:1,Tile:6,Tile:6-Tile:hidden2,Tile:nugget,Tile:hidden1
Tile:0 4 5 1
Drop 1 0 0
Map 12 3 1
Drop 1 0 0
Drop 4 0 1
Drop 2 0 0
Tile:9_flip 5 4 1
Drop 5 0 0
Tile:3 6 5 1
Destroy 6 5 0
Drop 1 0 1
Tile:0 6 5 0
Destroy 6 5 1
Tile:8 6 5 0
Tile:10 5 3 1
Tile:6 7 5 0
Drop 1 0 1
Drop 6 0 0
Tile:5_flip 8 5 1
Map 12 3 0
Tile:8 5 6 1
Tile:6_flip 8 4 0
Destroy 6 5 1
Tile:6 6 5 0
Tile:0 6 6 1
Tile:7 9 4 0
Tile:11_flip 5 2 1
Drop 6 0 0
Tile:7_flip 4 4 1
Tile:7_flip 9 5 0
Map 12 3 1
Tile:8 10 5 0
Tile:5 4 2 1
Tile:5_flip 11 5 0
Tile:10 10 4 1
Malus 0 0 0
Drop 3 0 1
Tile:5 11 4 0
Malus 0 0 1
Bonus 0 0 0
Drop 4 0 1
Tile:9_flip 12 4 0
GAMEOVER WINNER 0
# Game ended: Sun Apr 26 17:22:41 EDT 2020
