# Server version 0.08 running on nosferatu:8123
# Game ID: 1
# Board class: Saboteur.SaboteurBoard
# Timeout: 20000
# First Move Timeout: 30000
# Date: Sun Apr 26 16:30:08 EDT 2020
# Player 1: Player-0, 'RandomPlayer', running on nosferatu
# Player 2: Player-1, 'Filippo', running on nosferatu
START Player-0 RandomPlayer
START Player-1 Filippo
BoardInit:Tile:10,Tile:0,Tile:7,Tile:9,Destroy,Tile:6,Map,Tile:10,Tile:11,Tile:1,Map,Tile:4,Tile:14,Tile:8,Tile:0,Tile:10,Tile:9,Tile:9,Tile:7,Tile:6,Map,Tile:7,Tile:8,Map,Tile:15,Tile:13,Tile:9,Bonus,Bonus,Tile:9,Tile:6,Malus,Tile:7,Bonus,Tile:5,Tile:8,Tile:7,Map,Bonus,Tile:6,Malus-Tile:0,Tile:12,Tile:3,Tile:2,Tile:8,Tile:0,Map-Tile:6,Destroy,Tile:5,Tile:8,Destroy,Tile:5,Tile:5-Tile:hidden1,Tile:nugget,Tile:hidden2
Map 12 3 1
Tile:6 6 5 0
Drop 1 0 1
Tile:5 5 4 0
Drop 1 0 1
Tile:8 6 4 0
Drop 1 0 1
Tile:5_flip 7 4 0
Drop 6 0 1
Tile:9_flip 6 3 0
Drop 6 0 1
Tile:0 4 5 0
Drop 6 0 1
Tile:1 7 5 0
Drop 6 0 1
Destroy 5 4 0
Destroy 7 5 1
Tile:5 7 3 0
Tile:0 7 5 1
Tile:8 6 2 0
Tile:8 8 5 1
Tile:6 8 3 0
Drop 6 0 1
Tile:10 5 6 0
Tile:0 9 5 1
Tile:4_flip 5 7 0
Drop 6 0 1
Tile:9 3 5 0
Tile:0 10 5 1
Tile:6 11 5 0
GAMEOVER WINNER 0
# Game ended: Sun Apr 26 16:30:10 EDT 2020
