# Server version 0.08 running on nosferatu:8123
# Game ID: 89
# Board class: Saboteur.SaboteurBoard
# Timeout: 20000
# First Move Timeout: 30000
# Date: Sun Apr 26 16:40:39 EDT 2020
# Player 1: Player-0, 'Filippo', running on nosferatu
# Player 2: Player-1, 'RandomPlayer', running on nosferatu
START Player-0 Filippo
START Player-1 RandomPlayer
BoardInit:Tile:0,Tile:8,Tile:10,Tile:14,Tile:9,Bonus,Map,Bonus,Tile:5,Tile:0,Tile:5,Tile:3,Tile:5,Tile:4,Map,Tile:9,Tile:6,Malus,Tile:13,Tile:7,Tile:9,Tile:0,Tile:12,Tile:5,Tile:9,Destroy,Tile:11,Tile:6,Tile:10,Bonus,Tile:6,Bonus,Tile:15,Tile:7,Tile:8,Tile:8,Tile:7,Destroy,Map,Tile:10,Tile:7-Destroy,Tile:6,Map,Tile:8,Tile:7,Tile:9,Tile:1-Tile:2,Map,Malus,Tile:0,Tile:8,Map,Tile:6-Tile:hidden1,Tile:nugget,Tile:hidden2
Tile:9 4 5 1
Map 12 3 0
Tile:6 4 6 1
Malus 0 0 0
Drop 6 0 1
Drop 0 0 0
Destroy 4 6 1
Drop 2 0 0
Drop 1 0 1
Drop 4 0 0
Drop 3 0 1
Tile:0 6 5 0
Drop 5 0 1
Drop 6 0 0
Drop 2 0 1
Drop 6 0 0
Map 12 5 1
Tile:8 7 5 0
Drop 1 0 1
Malus 0 0 0
Map 12 3 1
Tile:6 8 5 0
Map 12 7 1
Tile:8 9 5 0
Drop 2 0 1
Tile:0 10 5 0
Drop 0 0 1
Tile:0 11 5 0
GAMEOVER WINNER 0
# Game ended: Sun Apr 26 16:40:40 EDT 2020
