# Server version 0.08 running on nosferatu:8123
# Game ID: 11
# Board class: Saboteur.SaboteurBoard
# Timeout: 20000
# First Move Timeout: 30000
# Date: Sun Apr 26 16:30:39 EDT 2020
# Player 1: Player-0, 'RandomPlayer', running on nosferatu
# Player 2: Player-1, 'Filippo', running on nosferatu
START Player-0 RandomPlayer
START Player-1 Filippo
BoardInit:Tile:5,Tile:3,Map,Tile:5,Tile:5,Tile:9,Tile:9,Tile:11,Tile:6,Tile:12,Map,Tile:7,Tile:6,Map,Destroy,Tile:8,Tile:6,Tile:4,Tile:9,Map,Tile:2,Tile:15,Map,Bonus,Bonus,Tile:5,Malus,Destroy,Tile:0,Tile:0,Tile:10,Destroy,Tile:7,Tile:8,Tile:10,Tile:8,Bonus,Tile:7,Tile:8,Tile:1,Tile:6-Tile:10,Tile:6,Tile:0,Tile:9,Tile:14,Malus,Tile:0-Tile:8,Tile:13,Tile:9,Bonus,Tile:7,Map,Tile:7-Tile:hidden2,Tile:hidden1,Tile:nugget
Malus 0 0 1
Drop 4 0 0
Drop 4 0 1
Drop 5 0 0
Map 12 3 1
Map 12 5 0
Tile:5 4 5 1
Drop 3 0 0
Tile:6 6 5 1
Drop 1 0 0
Tile:0 7 5 1
Drop 4 0 0
Drop 6 0 1
Drop 0 0 0
Tile:0 8 5 1
Map 12 7 0
Tile:6 9 5 1
Drop 5 0 0
Tile:6 10 5 1
Drop 3 0 0
Tile:6 11 5 1
Drop 4 0 0
Tile:10 5 4 1
Drop 5 0 0
Tile:5 12 4 1
Drop 5 0 0
Tile:9_flip 13 5 1
Drop 0 0 0
Drop 2 0 1
Drop 2 0 0
Drop 3 0 1
Destroy 9 5 0
Tile:9_flip 13 4 1
Destroy 12 4 0
Tile:7 10 4 1
Drop 0 0 0
Destroy 4 5 1
Drop 4 0 0
Drop 1 0 1
Drop 0 0 0
Tile:8 12 6 1
Drop 4 0 0
Tile:2 13 3 1
Bonus 0 0 0
Malus 0 0 1
Drop 3 0 0
Drop 2 0 1
Drop 0 0 0
Tile:6 4 5 1
Drop 2 0 0
Tile:0 11 6 1
Drop 0 0 0
Tile:10 5 6 1
Drop 0 0 0
Drop 0 0 1
GAMEOVER DRAW
# Game ended: Sun Apr 26 16:30:40 EDT 2020
