# Server version 0.08 running on nosferatu:8123
# Game ID: 38
# Board class: Saboteur.SaboteurBoard
# Timeout: 20000
# First Move Timeout: 30000
# Date: Sun Apr 26 16:33:08 EDT 2020
# Player 1: Player-0, 'Filippo', running on nosferatu
# Player 2: Player-1, 'RandomPlayer', running on nosferatu
START Player-0 Filippo
START Player-1 RandomPlayer
BoardInit:Tile:3,Tile:0,Tile:0,Map,Tile:5,Tile:7,Tile:9,Tile:4,Tile:6,Tile:8,Tile:10,Tile:9,Destroy,Tile:14,Tile:1,Map,Tile:10,Destroy,Bonus,Tile:9,Tile:9,Map,Tile:0,Tile:6,Bonus,Tile:8,Tile:5,Bonus,Tile:13,Map,Tile:10,Tile:6,Tile:7,Map,Malus,Tile:8,Tile:5,Tile:15,Tile:7,Tile:12,Tile:7-Tile:6,Tile:5,Tile:6,Tile:8,Bonus,Tile:0,Tile:11-Tile:9,Tile:7,Map,Malus,Tile:8,Tile:2,Destroy-Tile:hidden1,Tile:hidden2,Tile:nugget
Tile:6 5 6 1
Map 12 3 0
Tile:3 5 4 1
Malus 0 0 0
Drop 4 0 1
Drop 3 0 0
Drop 3 0 1
Drop 5 0 0
Drop 1 0 1
Drop 6 0 0
Drop 4 0 1
Destroy 5 4 0
Drop 0 0 1
Tile:8 6 5 0
Drop 2 0 1
Drop 6 0 0
Drop 6 0 1
Drop 6 0 0
Drop 2 0 1
Tile:0 7 5 0
Drop 6 0 1
Tile:8 8 5 0
Destroy 6 5 1
Drop 6 0 0
Drop 2 0 1
Tile:9_flip 9 5 0
Drop 0 0 1
Destroy 5 6 0
Drop 6 0 1
Tile:8 6 5 0
Drop 1 0 1
Drop 6 0 0
Drop 4 0 1
Tile:7_flip 9 6 0
Drop 3 0 1
Drop 6 0 0
Drop 4 0 1
Tile:7 10 6 0
Drop 0 0 1
Drop 6 0 0
Drop 4 0 1
Drop 6 0 0
Drop 0 0 1
Tile:9 10 7 0
Drop 4 0 1
Tile:6 11 7 0
GAMEOVER WINNER 0
# Game ended: Sun Apr 26 16:33:10 EDT 2020
