# Server version 0.08 running on nosferatu:8123
# Game ID: 47
# Board class: Saboteur.SaboteurBoard
# Timeout: 20000
# First Move Timeout: 30000
# Date: Sun Apr 26 16:34:28 EDT 2020
# Player 1: Player-0, 'Filippo', running on nosferatu
# Player 2: Player-1, 'RandomPlayer', running on nosferatu
START Player-0 Filippo
START Player-1 RandomPlayer
BoardInit:Tile:9,Tile:7,Tile:9,Tile:12,Tile:1,Map,Tile:3,Tile:13,Bonus,Map,Tile:8,Tile:7,Tile:14,Tile:6,Tile:8,Tile:7,Tile:9,Tile:9,Tile:8,Tile:11,Map,Tile:0,Bonus,Malus,Tile:5,Tile:4,Tile:0,Tile:8,Tile:5,Bonus,Tile:0,Tile:6,Tile:10,Destroy,Tile:2,Tile:10,Malus,Tile:15,Map,Tile:7,Tile:5-Destroy,Tile:0,Tile:8,Tile:10,Tile:6,Tile:7,Tile:5-Map,Map,Tile:6,Tile:6,Destroy,Tile:9,Bonus-Tile:nugget,Tile:hidden1,Tile:hidden2
Tile:0 4 5 1
Map 12 3 0
Tile:5 5 4 1
Drop 0 0 0
Tile:9_flip 6 4 1
Drop 6 0 0
Drop 2 0 1
Drop 6 0 0
Destroy 5 4 1
Drop 6 0 0
Tile:8 3 5 1
Drop 6 0 0
Tile:9_flip 6 5 1
Destroy 4 5 0
Tile:8 4 5 1
Tile:6_flip 6 3 0
Tile:7 7 3 1
Tile:9 7 4 0
Tile:9 5 4 1
Tile:6 8 4 0
Tile:8 6 6 1
Drop 6 0 0
Drop 5 0 1
Tile:6 9 4 0
Tile:6_flip 5 3 1
Malus 0 0 0
Bonus 0 0 1
Drop 6 0 0
Map 12 7 1
Tile:9 9 3 0
Tile:0 4 3 1
Tile:0 10 3 0
Tile:3_flip 4 6 1
Tile:8 11 3 0
GAMEOVER WINNER 0
# Game ended: Sun Apr 26 16:34:33 EDT 2020
