# Server version 0.08 running on nosferatu:8123
# Game ID: 19
# Board class: Saboteur.SaboteurBoard
# Timeout: 20000
# First Move Timeout: 30000
# Date: Sun Apr 26 16:31:20 EDT 2020
# Player 1: Player-0, 'Filippo', running on nosferatu
# Player 2: Player-1, 'RandomPlayer', running on nosferatu
START Player-0 Filippo
START Player-1 RandomPlayer
BoardInit:Tile:8,Tile:8,Tile:6,Tile:6,Malus,Tile:13,Tile:0,Tile:9,Tile:3,Tile:9,Tile:7,Destroy,Tile:10,Tile:7,Tile:12,Tile:8,Tile:0,Destroy,Tile:5,Tile:7,Bonus,Tile:5,Tile:9,Tile:0,Tile:0,Map,Map,Tile:8,Tile:11,Tile:7,Bonus,Map,Map,Tile:9,Map,Map,Tile:6,Tile:10,Tile:1,Malus,Tile:9-Bonus,Bonus,Tile:5,Tile:15,Tile:14,Tile:6,Tile:5-Tile:8,Tile:6,Tile:10,Tile:4,Tile:2,Tile:7,Destroy-Tile:hidden2,Tile:nugget,Tile:hidden1
Tile:14 6 5 1
Drop 3 0 0
Tile:8 4 5 1
Drop 3 0 0
Tile:6_flip 3 5 1
Destroy 6 5 0
Tile:6_flip 4 4 1
Drop 6 0 0
Tile:15 4 6 1
Tile:8 6 5 0
Malus 0 0 1
Drop 3 0 0
Tile:7_flip 4 7 1
Drop 2 0 0
Tile:10 5 6 1
Drop 4 0 0
Drop 1 0 1
Destroy 5 6 0
Tile:0 2 5 1
Destroy 3 5 0
Drop 4 0 1
Drop 4 0 0
Tile:5 1 5 1
Drop 0 0 0
Tile:3_flip 6 6 1
Drop 0 0 0
Tile:5 3 4 1
Map 12 3 0
Tile:5_flip 7 6 1
Drop 5 0 0
Tile:0 5 7 1
Drop 3 0 0
Tile:11_flip 7 5 1
Drop 6 0 0
Tile:9 6 4 1
Drop 2 0 0
Map 12 3 1
Drop 6 0 0
Map 12 5 1
Drop 0 0 0
Drop 6 0 1
Malus 0 0 0
Drop 6 0 1
Drop 5 0 0
Drop 4 0 1
Drop 1 0 0
Bonus 0 0 1
Drop 3 0 0
Tile:6_flip 7 4 1
Drop 0 0 0
Tile:0 6 7 1
Drop 1 0 0
Drop 1 0 1
Drop 0 0 0
Drop 0 0 1
GAMEOVER DRAW
# Game ended: Sun Apr 26 16:31:20 EDT 2020
