# Server version 0.08 running on nosferatu:8123
# Game ID: 29
# Board class: Saboteur.SaboteurBoard
# Timeout: 20000
# First Move Timeout: 30000
# Date: Sun Apr 26 16:31:56 EDT 2020
# Player 1: Player-0, 'Filippo', running on nosferatu
# Player 2: Player-1, 'RandomPlayer', running on nosferatu
START Player-0 Filippo
START Player-1 RandomPlayer
BoardInit:Tile:8,Tile:3,Malus,Tile:0,Tile:4,Tile:7,Tile:9,Tile:0,Tile:5,Map,Tile:14,Tile:8,Map,Tile:15,Tile:1,Tile:5,Tile:6,Map,Tile:9,Map,Tile:9,Tile:6,Tile:10,Tile:6,Tile:7,Tile:9,Tile:8,Map,Tile:10,Tile:13,Bonus,Tile:8,Tile:5,Destroy,Destroy,Tile:7,Tile:7,Tile:5,Bonus,Tile:10,Map-Bonus,Destroy,Tile:2,Tile:9,Tile:6,Tile:7,Tile:0-Malus,Tile:0,Tile:11,Tile:12,Bonus,Tile:8,Tile:6-Tile:nugget,Tile:hidden1,Tile:hidden2
Tile:7_flip 5 6 1
Malus 0 0 0
Bonus 0 0 1
Drop 1 0 0
Tile:8 4 5 1
Drop 1 0 0
Tile:6 3 5 1
Drop 4 0 0
Tile:4_flip 4 6 1
Tile:0 6 5 0
Tile:9 4 4 1
Map 12 3 0
Drop 2 0 1
Tile:8 7 5 0
Tile:2 7 4 1
Drop 6 0 0
Destroy 6 5 1
Tile:6_flip 4 3 0
Drop 3 0 1
Drop 6 0 0
Tile:1 3 3 1
Drop 6 0 0
Tile:9_flip 8 4 1
Tile:0 5 3 0
Tile:5 2 5 1
Tile:0 6 3 0
Tile:6 6 5 1
Tile:7 8 3 0
Tile:9 7 6 1
Drop 6 0 0
Malus 0 0 1
Bonus 0 0 0
Map 12 5 1
Drop 5 0 0
Tile:8 8 6 1
Destroy 7 4 0
Tile:7 3 4 1
Tile:8 7 3 0
Tile:10 2 6 1
Tile:5 7 2 0
Destroy 4 3 1
Tile:6 8 2 0
Drop 5 0 1
Tile:6 9 2 0
Tile:10 2 7 1
Tile:9 7 4 0
Tile:5_flip 2 8 1
Tile:7 9 6 0
Tile:9 7 7 1
Tile:5 8 1 0
Tile:7 6 6 1
Tile:8 8 7 0
Map 12 3 1
Tile:10 8 8 0
Drop 0 0 1
GAMEOVER DRAW
# Game ended: Sun Apr 26 16:32:07 EDT 2020
