# Server version 0.08 running on nosferatu:8123
# Game ID: 157
# Board class: Saboteur.SaboteurBoard
# Timeout: 20000
# First Move Timeout: 30000
# Date: Sun Apr 26 23:27:04 EDT 2020
# Player 1: Player-0, 'RandomPlayer', running on nosferatu
# Player 2: Player-1, 'SaboteurAI', running on nosferatu
START Player-0 RandomPlayer
START Player-1 SaboteurAI
BoardInit:Bonus,Tile:5,Tile:0,Tile:4,Bonus,Tile:14,Tile:0,Malus,Bonus,Tile:0,Tile:6,Malus,Tile:6,Tile:5,Destroy,Tile:10,Tile:1,Tile:0,Tile:10,Tile:8,Tile:6,Map,Tile:5,Tile:9,Tile:2,Tile:9,Bonus,Map,Tile:15,Map,Map,Tile:6,Destroy,Tile:8,Tile:6,Tile:5,Tile:8,Tile:13,Tile:8,Tile:7,Tile:9-Tile:7,Tile:12,Map,Tile:11,Map,Tile:7,Tile:9-Tile:7,Tile:8,Tile:9,Tile:3,Destroy,Tile:7,Tile:10-Tile:nugget,Tile:hidden2,Tile:hidden1
Map 12 3 1
Tile:7_flip 5 6 0
Drop 1 0 1
Tile:8 5 4 0
Drop 1 0 1
Tile:3_flip 4 4 0
Drop 1 0 1
Tile:5_flip 6 4 0
Tile:9 6 3 1
Tile:7 5 3 0
Tile:0 7 3 1
Tile:0 6 5 0
Tile:0 8 3 1
Drop 6 0 0
Tile:6 9 3 1
Drop 5 0 0
Destroy 4 4 1
Destroy 9 3 0
Drop 6 0 1
Tile:0 4 3 0
Tile:6 9 3 1
Tile:9 9 2 0
Tile:6 10 3 1
Tile:14_flip 4 4 0
Tile:7 11 3 1
Tile:10 11 4 0
Drop 5 0 1
Map 12 3 0
Tile:7_flip 11 5 1
Tile:5 3 3 0
Tile:2_flip 12 6 1
Tile:8 9 1 0
Drop 6 0 1
Tile:9_flip 9 0 0
Destroy 6 5 1
Tile:9_flip 10 1 0
Tile:6_flip 6 6 1
Tile:5 11 6 0
Tile:15 11 7 1
Tile:6 7 6 0
Drop 5 0 1
Tile:13 11 8 0
Tile:8 13 6 1
Tile:8 13 7 0
Drop 4 0 1
Tile:4_flip 11 9 0
Tile:10 13 8 1
Tile:10 6 2 0
Tile:9 4 5 1
Tile:7 13 5 0
Drop 2 0 1
Map 12 3 0
Drop 0 0 1
Drop 0 0 0
Drop 0 0 1
GAMEOVER DRAW
# Game ended: Sun Apr 26 23:27:06 EDT 2020
