# Server version 0.08 running on nosferatu:8123
# Game ID: 75
# Board class: Saboteur.SaboteurBoard
# Timeout: 20000
# First Move Timeout: 30000
# Date: Sun Apr 26 16:38:37 EDT 2020
# Player 1: Player-0, 'RandomPlayer', running on nosferatu
# Player 2: Player-1, 'Filippo', running on nosferatu
START Player-0 RandomPlayer
START Player-1 Filippo
BoardInit:Map,Tile:8,Bonus,Destroy,Tile:7,Tile:0,Tile:15,Bonus,Tile:10,Tile:9,Tile:9,Tile:5,Malus,Tile:5,Tile:6,Tile:7,Tile:12,Tile:8,Tile:13,Tile:4,Tile:8,Tile:8,Tile:1,Tile:0,Tile:7,Tile:9,Map,Destroy,Tile:6,Tile:9,Tile:5,Tile:0,Map,Tile:10,Tile:6,Tile:7,Destroy,Tile:5,Malus,Tile:2,Tile:7-Map,Tile:0,Bonus,Tile:10,Tile:6,Tile:11,Map-Tile:8,Tile:6,Bonus,Tile:14,Tile:9,Tile:3,Map-Tile:hidden1,Tile:hidden2,Tile:nugget
Map 12 3 1
Tile:3_flip 5 6 0
Drop 4 0 1
Tile:9_flip 6 5 0
Drop 4 0 1
Tile:8 6 6 0
Drop 4 0 1
Tile:8 6 7 0
Drop 6 0 1
Map 12 3 0
Tile:0 7 7 1
Tile:9_flip 8 7 0
Tile:10 8 6 1
Tile:6_flip 5 7 0
Malus 0 0 1
Drop 3 0 0
Tile:6_flip 8 5 1
Destroy 8 6 0
Drop 6 0 1
Drop 2 0 0
Drop 6 0 1
Drop 2 0 0
Tile:7 9 5 1
Drop 3 0 0
Drop 6 0 1
Drop 5 0 0
Tile:10 8 6 1
Drop 0 0 0
Drop 6 0 1
Destroy 7 7 0
Tile:9 9 6 1
Drop 0 0 0
Tile:6 7 7 1
Drop 6 0 0
Drop 6 0 1
Drop 3 0 0
Tile:8 10 6 1
Drop 3 0 0
Destroy 5 6 1
Drop 6 0 0
Malus 0 0 1
Drop 2 0 0
Tile:7 11 6 1
Drop 1 0 0
Tile:6 11 7 1
GAMEOVER WINNER 1
# Game ended: Sun Apr 26 16:38:42 EDT 2020
