# Server version 0.08 running on nosferatu:8123
# Game ID: 45
# Board class: Saboteur.SaboteurBoard
# Timeout: 20000
# First Move Timeout: 30000
# Date: Sun Apr 26 16:33:33 EDT 2020
# Player 1: Player-0, 'RandomPlayer', running on nosferatu
# Player 2: Player-1, 'Filippo', running on nosferatu
START Player-0 RandomPlayer
START Player-1 Filippo
BoardInit:Destroy,Tile:5,Tile:11,Tile:0,Tile:8,Tile:8,Tile:7,Tile:1,Tile:2,Tile:0,Tile:3,Tile:8,Map,Map,Tile:10,Tile:14,Tile:15,Tile:9,Destroy,Map,Tile:0,Tile:7,Tile:6,Tile:6,Tile:10,Destroy,Bonus,Malus,Malus,Map,Tile:5,Map,Tile:8,Tile:9,Map,Tile:0,Tile:5,Tile:5,Tile:9,Tile:8,Tile:7-Tile:9,Tile:12,Bonus,Tile:13,Tile:6,Bonus,Tile:7-Tile:10,Tile:6,Tile:7,Bonus,Tile:6,Tile:4,Tile:9-Tile:hidden2,Tile:nugget,Tile:hidden1
Drop 1 0 1
Tile:4_flip 5 6 0
Drop 2 0 1
Drop 1 0 0
Drop 6 0 1
Tile:5_flip 6 5 0
Destroy 5 6 1
Tile:10 5 6 0
Tile:9 5 7 1
Tile:6_flip 6 4 0
Drop 6 0 1
Drop 1 0 0
Drop 6 0 1
Tile:0 4 5 0
Map 12 3 1
Drop 2 0 0
Tile:6 6 7 1
Tile:14 5 8 0
Drop 6 0 1
Tile:9 4 8 0
Destroy 5 8 1
Tile:0 7 4 0
Tile:7 8 4 1
Tile:7 4 7 0
Tile:8 8 5 1
Tile:9_flip 5 8 0
Tile:0 9 5 1
Destroy 7 4 0
Tile:7 10 5 1
Tile:6 3 7 0
Malus 0 0 1
Map 12 3 0
Tile:10 10 6 1
Map 12 7 0
Tile:6 7 4 1
Drop 3 0 0
Drop 6 0 1
Drop 5 0 0
Tile:8 10 7 1
Map 12 7 0
Tile:5_flip 11 7 1
Drop 6 0 0
Tile:5 11 6 1
Map 12 5 0
Tile:7_flip 3 5 1
Drop 3 0 0
Tile:9_flip 4 9 1
Drop 0 0 0
Tile:10 10 8 1
Drop 2 0 0
Drop 2 0 1
Drop 0 0 0
Drop 1 0 1
Drop 0 0 0
Drop 0 0 1
GAMEOVER DRAW
# Game ended: Sun Apr 26 16:33:37 EDT 2020
