# Server version 0.08 running on DESKTOP-066M5S6:8123
# Game ID: 167
# Board class: Saboteur.SaboteurBoard
# Timeout: 20000
# First Move Timeout: 30000
# Date: Mon Apr 27 13:52:43 EDT 2020
# Player 1: Player-0, 'SaboteurAI', running on DESKTOP-066M5S6
# Player 2: Player-1, 'SaboteurAI', running on DESKTOP-066M5S6
START Player-0 SaboteurAI
START Player-1 SaboteurAI
BoardInit:Tile:8,Tile:6,Tile:6,Tile:9,Tile:6,Tile:4,Tile:7,Tile:8,Bonus,Tile:9,Map,Tile:14,Tile:7,Tile:0,Tile:0,Tile:10,Tile:5,Tile:13,Tile:5,Map,Tile:5,Bonus,Tile:15,Tile:10,Tile:1,Tile:10,Tile:8,Map,Malus,Destroy,Tile:8,Tile:8,Tile:3,Map,Destroy,Tile:6,Bonus,Bonus,Tile:0,Map,Tile:12-Malus,Tile:11,Tile:7,Tile:2,Map,Tile:7,Tile:0-Tile:9,Tile:9,Tile:6,Tile:7,Tile:9,Tile:5,Destroy-Tile:hidden1,Tile:hidden2,Tile:nugget
Malus 0 0 1
Drop 3 0 0
Drop 0 0 1
Drop 1 0 0
Drop 1 0 1
Drop 4 0 0
Drop 1 0 1
Drop 6 0 0
Tile:0 4 5 1
Drop 5 0 0
Tile:8 6 5 1
Drop 1 0 0
Drop 6 0 1
Drop 6 0 0
Tile:6 7 5 1
Drop 4 0 0
Tile:6 8 5 1
Drop 0 0 0
Tile:0 9 5 1
Drop 6 0 0
Tile:7 10 5 1
Drop 6 0 0
Tile:7_flip 10 6 1
Bonus 0 0 0
Drop 6 0 1
Tile:6 11 6 0
Tile:5 8 4 1
Tile:9 11 5 0
Drop 4 0 1
Tile:0 9 4 0
Tile:7 6 4 1
Tile:10 7 4 0
Tile:5 3 5 1
Tile:10 5 6 0
Tile:3_flip 6 6 1
Tile:8 12 6 0
GAMEOVER WINNER 0
# Game ended: Mon Apr 27 13:52:53 EDT 2020
