# Server version 0.08 running on nosferatu:8123
# Game ID: 93
# Board class: Saboteur.SaboteurBoard
# Timeout: 20000
# First Move Timeout: 30000
# Date: Sun Apr 26 16:45:17 EDT 2020
# Player 1: Player-0, 'RandomPlayer', running on nosferatu
# Player 2: Player-1, 'SaboteurAI', running on nosferatu
START Player-0 RandomPlayer
START Player-1 SaboteurAI
BoardInit:Map,Tile:9,Tile:1,Bonus,Tile:7,Tile:3,Tile:8,Malus,Tile:13,Tile:7,Tile:0,Tile:9,Tile:9,Tile:9,Map,Map,Tile:7,Destroy,Tile:10,Tile:2,Tile:8,Destroy,Tile:8,Tile:6,Tile:14,Tile:7,Tile:9,Tile:10,Bonus,Tile:0,Tile:5,Tile:15,Tile:6,Tile:8,Tile:5,Tile:8,Map,Malus,Bonus,Tile:5,Tile:12-Tile:0,Tile:6,Tile:6,Tile:4,Tile:5,Tile:11,Tile:6-Map,Tile:0,Destroy,Tile:7,Tile:10,Map,Bonus-Tile:hidden1,Tile:nugget,Tile:hidden2
Drop 3 0 1
Tile:10 5 6 0
Map 12 3 1
Tile:7_flip 4 5 0
Drop 4 0 1
Map 12 5 0
Drop 5 0 1
Tile:3 4 4 0
Tile:0 6 5 1
Drop 3 0 0
Drop 6 0 1
Drop 3 0 0
Tile:6 7 5 1
Tile:9 5 4 0
Tile:6 8 5 1
Drop 3 0 0
Drop 6 0 1
Tile:7 8 4 0
Tile:6 9 5 1
Tile:0 3 4 0
Tile:8 10 5 1
Destroy 9 5 0
Tile:0 9 5 1
Tile:9 7 4 0
Tile:8 11 5 1
GAMEOVER WINNER 1
# Game ended: Sun Apr 26 16:45:18 EDT 2020
