# Server version 0.08 running on nosferatu:8123
# Game ID: 111
# Board class: Saboteur.SaboteurBoard
# Timeout: 20000
# First Move Timeout: 30000
# Date: Sun Apr 26 17:20:45 EDT 2020
# Player 1: Player-0, 'SaboteurAI', running on nosferatu
# Player 2: Player-1, 'RandomPlayer', running on nosferatu
START Player-0 SaboteurAI
START Player-1 RandomPlayer
BoardInit:Tile:10,Tile:8,Tile:5,Bonus,Tile:9,Tile:6,Tile:6,Tile:8,Tile:0,Tile:3,Tile:15,Map,Map,Tile:13,Bonus,Tile:0,Tile:5,Malus,Bonus,Tile:7,Tile:11,Tile:9,Tile:7,Tile:2,Bonus,Map,Tile:7,Tile:4,Tile:8,Tile:8,Tile:1,Tile:6,Tile:6,Destroy,Tile:0,Destroy,Map,Tile:8,Tile:9,Tile:0,Tile:10-Tile:14,Destroy,Malus,Tile:7,Tile:10,Tile:6,Map-Tile:5,Tile:9,Tile:9,Tile:12,Map,Tile:5,Tile:7-Tile:hidden2,Tile:hidden1,Tile:nugget
Tile:7_flip 5 6 1
Map 12 3 0
Malus 0 0 1
Drop 3 0 0
Tile:6_flip 4 5 1
Bonus 0 0 0
Tile:9_flip 4 6 1
Tile:8 6 5 0
Tile:5 3 5 1
Tile:6 7 5 0
Map 12 5 1
Drop 6 0 0
Tile:10 5 4 1
Drop 6 0 0
Tile:6 3 6 1
Drop 6 0 0
Drop 0 0 1
Tile:8 8 5 0
Destroy 3 5 1
Malus 0 0 0
Drop 1 0 1
Tile:0 9 5 0
Drop 5 0 1
Tile:5_flip 10 5 0
Drop 5 0 1
Drop 6 0 0
Bonus 0 0 1
Drop 6 0 0
Tile:7 7 4 1
Drop 6 0 0
Tile:10 4 7 1
Tile:9 10 4 0
Tile:5_flip 6 6 1
Tile:8 11 4 0
Tile:8 4 8 1
Tile:9 11 5 0
Tile:6_flip 5 3 1
Tile:5_flip 12 6 0
Tile:0 3 8 1
Tile:8 4 3 0
Tile:9 11 3 1
Tile:6_flip 12 2 0
Tile:1 3 3 1
Destroy 4 6 0
Tile:15 8 4 1
Destroy 11 3 0
Tile:7 13 2 1
Tile:7 4 2 0
Drop 2 0 1
Tile:9 2 6 0
Tile:10 2 7 1
Tile:7_flip 8 6 0
Map 12 7 1
Tile:0 3 2 0
Drop 0 0 1
GAMEOVER DRAW
# Game ended: Sun Apr 26 17:20:50 EDT 2020
