# Server version 0.08 running on nosferatu:8123
# Game ID: 14
# Board class: Saboteur.SaboteurBoard
# Timeout: 20000
# First Move Timeout: 30000
# Date: Sun Apr 26 16:30:48 EDT 2020
# Player 1: Player-0, 'Filippo', running on nosferatu
# Player 2: Player-1, 'RandomPlayer', running on nosferatu
START Player-0 Filippo
START Player-1 RandomPlayer
BoardInit:Malus,Map,Tile:8,Tile:5,Malus,Tile:1,Map,Tile:0,Destroy,Tile:7,Tile:8,Tile:9,Tile:10,Map,Tile:2,Tile:0,Destroy,Tile:6,Tile:10,Tile:7,Tile:5,Destroy,Tile:8,Tile:8,Tile:11,Bonus,Tile:6,Tile:7,Tile:14,Tile:9,Bonus,Tile:6,Tile:8,Tile:0,Map,Bonus,Map,Tile:6,Tile:7,Tile:0,Tile:15-Tile:3,Tile:4,Tile:9,Tile:6,Tile:12,Tile:7,Tile:9-Tile:10,Bonus,Tile:5,Map,Tile:9,Tile:13,Tile:5-Tile:hidden1,Tile:hidden2,Tile:nugget
Tile:9_flip 5 4 1
Map 12 3 0
Tile:7 5 3 1
Drop 4 0 0
Tile:12 6 5 1
Drop 5 0 0
Tile:3_flip 4 4 1
Drop 6 0 0
Tile:9 4 3 1
Tile:10 5 6 0
Drop 3 0 1
Tile:9 5 7 0
Destroy 5 6 1
Tile:5_flip 6 7 0
Tile:10 5 8 1
Drop 6 0 0
Tile:6_flip 6 6 1
Tile:5_flip 7 6 0
Drop 3 0 1
Tile:5 7 5 0
Tile:8 5 6 1
Tile:0 8 5 0
Destroy 7 5 1
Destroy 4 4 0
Tile:8 5 9 1
Tile:7 9 5 0
Tile:5 7 5 1
Tile:9 9 6 0
Tile:6_flip 4 2 1
Tile:0 10 6 0
Drop 2 0 1
Tile:6 11 6 0
Tile:2 6 9 1
Tile:7_flip 9 7 0
Tile:11_flip 12 6 1
Tile:8 11 5 0
Tile:8 6 10 1
Tile:6 7 10 0
Malus 0 0 1
Bonus 0 0 0
Tile:14_flip 12 4 1
Tile:7 11 4 0
Drop 0 0 1
Tile:0 13 4 0
Tile:7_flip 10 4 1
Tile:0 10 7 0
Map 12 3 1
Tile:6 3 2 0
Drop 0 0 1
Tile:9 5 10 0
Map 12 3 1
Drop 0 0 0
Tile:15 10 3 1
Drop 0 0 0
Drop 0 0 1
GAMEOVER DRAW
# Game ended: Sun Apr 26 16:30:52 EDT 2020
