# Server version 0.08 running on nosferatu:8123
# Game ID: 23
# Board class: Saboteur.SaboteurBoard
# Timeout: 20000
# First Move Timeout: 30000
# Date: Sun Apr 26 16:31:35 EDT 2020
# Player 1: Player-0, 'Filippo', running on nosferatu
# Player 2: Player-1, 'RandomPlayer', running on nosferatu
START Player-0 Filippo
START Player-1 RandomPlayer
BoardInit:Tile:8,Map,Tile:9,Bonus,Tile:4,Tile:6,Malus,Tile:8,Tile:2,Tile:0,Tile:5,Bonus,Destroy,Map,Tile:14,Tile:9,Tile:7,Map,Tile:8,Tile:10,Bonus,Tile:5,Tile:0,Tile:0,Malus,Tile:0,Destroy,Tile:13,Tile:8,Tile:7,Tile:8,Tile:6,Map,Tile:9,Tile:5,Map,Tile:9,Bonus,Tile:6,Tile:11,Tile:10-Tile:9,Tile:5,Tile:7,Tile:6,Tile:10,Tile:15,Tile:7-Tile:3,Tile:6,Tile:1,Destroy,Map,Tile:7,Tile:12-Tile:hidden1,Tile:hidden2,Tile:nugget
Tile:7 5 4 1
Map 12 3 0
Tile:6 4 4 1
Drop 0 0 0
Tile:9_flip 6 5 1
Drop 1 0 0
Tile:9_flip 5 6 1
Drop 3 0 0
Tile:4_flip 6 6 1
Drop 3 0 0
Malus 0 0 1
Bonus 0 0 0
Tile:5 4 5 1
Destroy 6 6 0
Tile:15 5 7 1
Drop 6 0 0
Tile:10 6 6 1
Tile:7_flip 6 7 0
Tile:7_flip 3 4 1
Drop 6 0 0
Destroy 3 4 1
Tile:6 7 7 0
Tile:14_flip 7 6 1
Tile:6 8 7 0
Drop 2 0 1
Tile:8 9 7 0
Tile:8 4 3 1
Tile:0 10 7 0
Tile:0 11 7 1
GAMEOVER WINNER 1
# Game ended: Sun Apr 26 16:31:36 EDT 2020
