# Server version 0.08 running on nosferatu:8123
# Game ID: 62
# Board class: Saboteur.SaboteurBoard
# Timeout: 20000
# First Move Timeout: 30000
# Date: Sun Apr 26 16:37:44 EDT 2020
# Player 1: Player-0, 'Filippo', running on nosferatu
# Player 2: Player-1, 'RandomPlayer', running on nosferatu
START Player-0 Filippo
START Player-1 RandomPlayer
BoardInit:Map,Bonus,Malus,Tile:10,Map,Tile:8,Tile:13,Malus,Tile:7,Tile:3,Tile:8,Tile:8,Tile:7,Tile:9,Tile:9,Tile:4,Tile:10,Tile:6,Tile:6,Tile:9,Tile:2,Tile:9,Tile:6,Tile:10,Tile:6,Tile:15,Tile:5,Bonus,Tile:8,Tile:0,Tile:14,Tile:5,Tile:0,Tile:6,Tile:7,Destroy,Tile:12,Tile:5,Destroy,Tile:9,Tile:7-Map,Tile:0,Map,Bonus,Tile:8,Tile:0,Tile:7-Map,Tile:5,Map,Destroy,Tile:1,Tile:11,Bonus-Tile:hidden2,Tile:hidden1,Tile:nugget
Drop 2 0 1
Map 12 3 0
Tile:8 5 4 1
Drop 1 0 0
Tile:7 5 3 1
Drop 2 0 0
Malus 0 0 1
Bonus 0 0 0
Drop 0 0 1
Malus 0 0 0
Map 12 3 1
Drop 2 0 0
Drop 6 0 1
Drop 5 0 0
Map 12 5 1
Destroy 5 4 0
Drop 1 0 1
Drop 6 0 0
Drop 3 0 1
Tile:8 5 6 0
Drop 2 0 1
Tile:8 6 5 0
Drop 0 0 1
Tile:6 7 5 0
Drop 2 0 1
Tile:5_flip 8 5 0
Drop 0 0 1
Drop 6 0 0
Drop 5 0 1
Tile:9 8 4 0
Drop 0 0 1
Tile:9_flip 9 4 0
Drop 6 0 1
Tile:9 9 5 0
Drop 3 0 1
Tile:0 10 5 0
Drop 3 0 1
Tile:6 11 5 0
Drop 6 0 1
Tile:5_flip 6 6 0
Drop 4 0 1
Tile:9 12 4 0
Drop 5 0 1
Tile:10 7 4 0
Drop 4 0 1
Destroy 8 5 0
Drop 2 0 1
Tile:5_flip 8 5 0
Drop 0 0 1
Tile:10 12 6 0
GAMEOVER WINNER 0
# Game ended: Sun Apr 26 16:37:46 EDT 2020
