# Server version 0.08 running on nosferatu:8123
# Game ID: 36
# Board class: Saboteur.SaboteurBoard
# Timeout: 20000
# First Move Timeout: 30000
# Date: Sun Apr 26 16:32:59 EDT 2020
# Player 1: Player-0, 'Filippo', running on nosferatu
# Player 2: Player-1, 'RandomPlayer', running on nosferatu
START Player-0 Filippo
START Player-1 RandomPlayer
BoardInit:Tile:2,Tile:3,Destroy,Tile:0,Tile:11,Bonus,Tile:0,Malus,Tile:12,Tile:8,Tile:6,Tile:6,Bonus,Destroy,Tile:10,Tile:7,Tile:7,Tile:4,Malus,Tile:0,Tile:15,Tile:8,Map,Tile:5,Tile:7,Tile:9,Tile:9,Tile:13,Tile:9,Map,Bonus,Tile:6,Tile:7,Tile:5,Tile:9,Tile:8,Tile:1,Map,Tile:14,Tile:5,Tile:8-Bonus,Tile:9,Tile:7,Destroy,Tile:6,Tile:0,Tile:6-Tile:10,Tile:5,Map,Tile:10,Map,Map,Tile:8-Tile:nugget,Tile:hidden1,Tile:hidden2
Tile:6 4 5 1
Map 12 3 0
Tile:7 6 5 1
Drop 3 0 0
Tile:9 5 4 1
Drop 3 0 0
Tile:6 6 4 1
Drop 4 0 0
Tile:11 5 6 1
Malus 0 0 0
Destroy 4 5 1
Tile:5 6 3 0
Drop 5 0 1
Tile:8 7 3 0
Bonus 0 0 1
Destroy 5 6 0
Drop 0 0 1
Tile:0 8 3 0
Tile:7 5 3 1
Drop 6 0 0
Tile:2 9 3 1
Tile:8 7 4 0
Tile:15 6 6 1
Tile:6 9 4 0
Destroy 6 6 1
Tile:7 10 4 0
Tile:6_flip 7 2 1
Tile:10 10 5 0
Tile:0 8 2 1
Drop 6 0 0
Tile:7_flip 6 2 1
Drop 6 0 0
Tile:10 6 1 1
Tile:0 8 4 0
Tile:9 5 6 1
Tile:6 9 2 0
Tile:9_flip 6 6 1
Tile:8 10 2 0
Tile:9_flip 6 7 1
Drop 6 0 0
Tile:7_flip 7 5 1
Tile:9_flip 11 2 0
Tile:14_flip 6 0 1
Tile:8 11 3 0
GAMEOVER WINNER 0
# Game ended: Sun Apr 26 16:33:04 EDT 2020
