# Server version 0.08 running on nosferatu:8123
# Game ID: 99
# Board class: Saboteur.SaboteurBoard
# Timeout: 20000
# First Move Timeout: 30000
# Date: Sun Apr 26 16:45:37 EDT 2020
# Player 1: Player-0, 'RandomPlayer', running on nosferatu
# Player 2: Player-1, 'SaboteurAI', running on nosferatu
START Player-0 RandomPlayer
START Player-1 SaboteurAI
BoardInit:Tile:8,Tile:6,Map,Tile:11,Bonus,Malus,Tile:5,Tile:9,Tile:9,Tile:0,Tile:7,Tile:8,Bonus,Tile:9,Malus,Tile:1,Tile:5,Tile:14,Tile:5,Tile:10,Tile:6,Map,Tile:6,Tile:0,Map,Bonus,Tile:6,Tile:8,Tile:7,Tile:15,Tile:8,Tile:6,Tile:12,Tile:0,Tile:9,Map,Destroy,Tile:4,Tile:10,Tile:10,Tile:3-Tile:8,Map,Tile:0,Tile:5,Tile:2,Destroy,Tile:7-Map,Bonus,Tile:9,Tile:7,Tile:13,Destroy,Tile:7-Tile:nugget,Tile:hidden1,Tile:hidden2
Map 12 3 1
Drop 3 0 0
Drop 3 0 1
Map 12 3 0
Drop 6 0 1
Tile:9 4 5 0
Tile:8 5 4 1
Tile:6 4 6 0
Destroy 4 5 1
Tile:9_flip 5 6 0
Tile:0 6 4 1
Tile:11_flip 5 3 0
Tile:5_flip 7 4 1
Tile:7_flip 3 6 0
Tile:8 7 3 1
Tile:13 8 3 0
Malus 0 0 1
Destroy 7 4 0
Tile:7 6 5 1
Drop 2 0 0
Tile:5 4 3 1
Drop 4 0 0
Tile:9 4 4 1
Drop 5 0 0
Tile:7_flip 6 6 1
Drop 0 0 0
Drop 6 0 1
Bonus 0 0 0
Tile:5_flip 7 6 1
Malus 0 0 0
Bonus 0 0 1
Tile:14_flip 7 2 0
Tile:5 7 5 1
Tile:9 5 2 0
Drop 6 0 1
Drop 5 0 0
Tile:6 8 5 1
Tile:15 5 7 0
Destroy 5 3 1
Tile:8 5 3 0
Tile:6 9 5 1
Drop 6 0 0
Drop 6 0 1
Tile:0 10 5 0
Tile:9_flip 3 5 1
Tile:4 5 1 0
Tile:7 3 4 1
Tile:0 9 3 0
Tile:6_flip 8 2 1
Drop 0 0 0
Tile:8 10 3 1
Map 12 7 0
Drop 1 0 1
Tile:8 5 8 0
Drop 0 0 1
GAMEOVER DRAW
# Game ended: Sun Apr 26 16:45:44 EDT 2020
