# Server version 0.08 running on nosferatu:8123
# Game ID: 140
# Board class: Saboteur.SaboteurBoard
# Timeout: 20000
# First Move Timeout: 30000
# Date: Sun Apr 26 22:03:12 EDT 2020
# Player 1: Player-0, 'RandomPlayer', running on nosferatu
# Player 2: Player-1, 'SaboteurAI', running on nosferatu
START Player-0 RandomPlayer
START Player-1 SaboteurAI
BoardInit:Tile:7,Tile:15,Tile:5,Tile:9,Tile:6,Tile:2,Tile:8,Tile:6,Tile:9,Tile:0,Tile:10,Tile:7,Malus,Tile:7,Tile:3,Tile:5,Bonus,Bonus,Bonus,Tile:8,Tile:1,Tile:4,Tile:0,Tile:9,Tile:0,Tile:6,Destroy,Tile:11,Tile:10,Tile:7,Tile:12,Tile:8,Map,Tile:9,Map,Map,Tile:13,Tile:6,Tile:0,Map,Tile:5-Tile:14,Tile:7,Tile:9,Destroy,Malus,Tile:5,Tile:10-Map,Bonus,Map,Tile:6,Destroy,Tile:8,Tile:8-Tile:hidden1,Tile:hidden2,Tile:nugget
Malus 0 0 1
Drop 3 0 0
Drop 0 0 1
Drop 1 0 0
Tile:5 5 4 1
Drop 4 0 0
Destroy 5 4 1
Drop 1 0 0
Tile:10 5 4 1
Map 12 7 0
Tile:6 6 5 1
Drop 4 0 0
Tile:8 7 5 1
Drop 4 0 0
Malus 0 0 1
Destroy 7 5 0
Drop 6 0 1
Drop 5 0 0
Tile:7 7 5 1
Drop 3 0 0
Tile:9 7 6 1
Drop 2 0 0
Drop 6 0 1
Drop 3 0 0
Tile:7 8 6 1
Drop 5 0 0
Tile:9 8 7 1
Drop 0 0 0
Tile:0 9 7 1
Drop 6 0 0
Tile:0 10 7 1
Drop 1 0 0
Drop 6 0 1
Drop 4 0 0
Map 12 3 1
Drop 0 0 0
Drop 6 0 1
Map 12 7 0
Drop 6 0 1
Drop 0 0 0
Tile:0 11 7 1
GAMEOVER WINNER 1
# Game ended: Sun Apr 26 22:03:13 EDT 2020
