# Server version 0.08 running on nosferatu:8123
# Game ID: 50
# Board class: Saboteur.SaboteurBoard
# Timeout: 20000
# First Move Timeout: 30000
# Date: Sun Apr 26 16:34:39 EDT 2020
# Player 1: Player-0, 'RandomPlayer', running on nosferatu
# Player 2: Player-1, 'Filippo', running on nosferatu
START Player-0 RandomPlayer
START Player-1 Filippo
BoardInit:Tile:8,Bonus,Destroy,Map,Tile:7,Tile:13,Tile:5,Tile:7,Tile:12,Malus,Tile:6,Tile:5,Tile:14,Tile:8,Tile:10,Tile:8,Tile:6,Tile:8,Tile:6,Tile:8,Tile:10,Tile:7,Bonus,Tile:10,Bonus,Tile:9,Tile:5,Tile:7,Tile:9,Tile:0,Map,Map,Tile:9,Tile:2,Map,Destroy,Tile:6,Tile:0,Tile:1,Tile:11,Tile:9-Tile:0,Tile:0,Tile:7,Destroy,Bonus,Tile:5,Tile:3-Map,Tile:6,Tile:9,Tile:4,Map,Malus,Tile:15-Tile:nugget,Tile:hidden2,Tile:hidden1
Drop 6 0 1
Tile:9 5 6 0
Tile:0 6 5 1
Tile:6_flip 6 6 0
Destroy 5 6 1
Map 12 3 0
Tile:0 7 5 1
Tile:13 4 5 0
Destroy 4 5 1
Tile:15 6 7 0
Drop 6 0 1
Tile:7 5 4 0
Tile:8 8 5 1
Map 12 7 0
Drop 6 0 1
Tile:5_flip 9 5 0
Tile:5 9 4 1
Tile:4_flip 6 8 0
Tile:7 10 4 1
Tile:8 5 6 0
Tile:7_flip 10 5 1
Tile:8 4 5 0
Tile:6 11 5 1
Tile:7_flip 3 5 0
Tile:6_flip 13 5 1
Drop 2 0 0
Tile:10 12 4 1
GAMEOVER WINNER 1
# Game ended: Sun Apr 26 16:34:40 EDT 2020
