# Server version 0.08 running on nosferatu:8123
# Game ID: 165
# Board class: Saboteur.SaboteurBoard
# Timeout: 20000
# First Move Timeout: 30000
# Date: Sun Apr 26 23:27:39 EDT 2020
# Player 1: Player-0, 'RandomPlayer', running on nosferatu
# Player 2: Player-1, 'SaboteurAI', running on nosferatu
START Player-0 RandomPlayer
START Player-1 SaboteurAI
BoardInit:Tile:15,Tile:6,Tile:8,Tile:7,Map,Tile:9,Tile:5,Tile:11,Destroy,Tile:10,Tile:9,Tile:5,Tile:5,Tile:3,Tile:7,Tile:10,Tile:9,Tile:7,Bonus,Map,Tile:7,Tile:1,Tile:6,Tile:8,Tile:0,Bonus,Malus,Tile:13,Tile:8,Destroy,Malus,Tile:6,Tile:9,Tile:8,Tile:0,Bonus,Map,Map,Tile:0,Tile:12,Tile:7-Tile:2,Tile:14,Map,Destroy,Tile:8,Map,Tile:10-Tile:4,Tile:6,Tile:0,Bonus,Tile:6,Tile:9,Tile:5-Tile:nugget,Tile:hidden1,Tile:hidden2
Map 12 3 1
Tile:9_flip 5 4 0
Drop 0 0 1
Tile:6 4 5 0
Drop 0 0 1
Tile:7_flip 5 6 0
Drop 2 0 1
Tile:6 3 5 0
Drop 3 0 1
Tile:6_flip 6 6 0
Drop 4 0 1
Tile:10 6 7 0
Destroy 4 5 1
Tile:5_flip 6 8 0
Destroy 5 6 1
Tile:5 5 8 0
Tile:8 5 3 1
Tile:11_flip 5 9 0
Tile:8 6 3 1
Tile:4 5 2 0
Tile:5_flip 7 3 1
Drop 3 0 0
Tile:9 7 2 1
Tile:0 4 4 0
Tile:7 8 2 1
Tile:8 5 6 0
Tile:9 8 3 1
Tile:9_flip 5 10 0
Malus 0 0 1
Drop 2 0 0
Tile:6 9 3 1
Bonus 0 0 0
Malus 0 0 1
Map 12 3 0
Tile:0 10 3 1
Destroy 7 3 0
Tile:5_flip 7 3 1
Drop 3 0 0
Tile:8 11 3 1
GAMEOVER WINNER 1
# Game ended: Sun Apr 26 23:27:46 EDT 2020
