# Server version 0.08 running on nosferatu:8123
# Game ID: 30
# Board class: Saboteur.SaboteurBoard
# Timeout: 20000
# First Move Timeout: 30000
# Date: Sun Apr 26 16:32:09 EDT 2020
# Player 1: Player-0, 'RandomPlayer', running on nosferatu
# Player 2: Player-1, 'Filippo', running on nosferatu
START Player-0 RandomPlayer
START Player-1 Filippo
BoardInit:Tile:6,Bonus,Tile:6,Tile:12,Destroy,Tile:10,Tile:15,Tile:6,Tile:9,Tile:8,Map,Tile:1,Tile:2,Tile:5,Tile:8,Tile:14,Tile:0,Tile:0,Bonus,Tile:8,Map,Destroy,Tile:7,Bonus,Tile:3,Map,Bonus,Tile:5,Map,Tile:11,Tile:10,Tile:7,Tile:7,Tile:5,Tile:6,Tile:8,Tile:4,Tile:7,Tile:8,Tile:9,Malus-Destroy,Tile:0,Tile:9,Tile:5,Map,Tile:0,Tile:10-Tile:7,Malus,Map,Tile:9,Tile:9,Tile:6,Tile:13-Tile:nugget,Tile:hidden2,Tile:hidden1
Map 12 3 1
Tile:9 5 6 0
Destroy 5 6 1
Tile:6_flip 5 4 0
Tile:0 6 4 1
Drop 4 0 0
Tile:9_flip 7 4 1
Drop 2 0 0
Drop 6 0 1
Tile:10 5 6 0
Tile:5 7 3 1
Tile:12_flip 4 4 0
Drop 6 0 1
Tile:6_flip 6 5 0
Drop 6 0 1
Drop 1 0 0
Destroy 4 4 1
Tile:7 8 3 0
Tile:9 8 4 1
Tile:14 8 5 0
Tile:0 9 4 1
Tile:9 4 4 0
Drop 6 0 1
Tile:8 10 4 0
Tile:6 11 4 1
Drop 2 0 0
Drop 2 0 1
Tile:8 7 5 0
Tile:3_flip 4 5 1
Tile:5 11 3 0
GAMEOVER WINNER 0
# Game ended: Sun Apr 26 16:32:10 EDT 2020
