# Server version 0.08 running on nosferatu:8123
# Game ID: 114
# Board class: Saboteur.SaboteurBoard
# Timeout: 20000
# First Move Timeout: 30000
# Date: Sun Apr 26 17:20:58 EDT 2020
# Player 1: Player-0, 'RandomPlayer', running on nosferatu
# Player 2: Player-1, 'SaboteurAI', running on nosferatu
START Player-0 RandomPlayer
START Player-1 SaboteurAI
BoardInit:Tile:5,Tile:2,Tile:3,Tile:15,Tile:6,Tile:0,Tile:8,Tile:14,Bonus,Bonus,Tile:7,Tile:5,Map,Tile:6,Bonus,Bonus,Tile:7,Tile:10,Map,Tile:8,Tile:6,Tile:5,Map,Tile:10,Tile:7,Tile:0,Tile:9,Tile:9,Tile:7,Map,Tile:6,Malus,Tile:9,Tile:6,Destroy,Tile:13,Malus,Tile:8,Tile:5,Tile:12,Tile:0-Tile:9,Tile:11,Tile:1,Destroy,Tile:10,Tile:7,Tile:4-Map,Tile:8,Map,Destroy,Tile:8,Tile:9,Tile:0-Tile:nugget,Tile:hidden1,Tile:hidden2
Drop 1 0 1
Map 12 5 0
Drop 1 0 1
Tile:8 4 5 0
Drop 4 0 1
Drop 1 0 0
Drop 5 0 1
Tile:0 3 5 0
Destroy 4 5 1
Tile:0 6 5 0
Tile:6 7 5 1
Tile:9_flip 7 4 0
Tile:8 8 5 1
Tile:8 5 4 0
Map 12 3 1
Drop 3 0 0
Tile:9 7 3 1
Tile:2_flip 4 5 0
Tile:10 8 4 1
Drop 1 0 0
Drop 6 0 1
Tile:10 5 6 0
Tile:6_flip 8 3 1
Drop 1 0 0
Drop 6 0 1
Tile:5 4 4 0
Tile:7 9 3 1
Tile:5_flip 8 6 0
Tile:7_flip 9 4 1
Tile:6 5 7 0
Tile:5_flip 10 4 1
Drop 3 0 0
Tile:9 10 3 1
Map 12 5 0
Tile:6 11 3 1
GAMEOVER WINNER 1
# Game ended: Sun Apr 26 17:21:00 EDT 2020
