# Server version 0.08 running on nosferatu:8123
# Game ID: 54
# Board class: Saboteur.SaboteurBoard
# Timeout: 20000
# First Move Timeout: 30000
# Date: Sun Apr 26 16:35:01 EDT 2020
# Player 1: Player-0, 'RandomPlayer', running on nosferatu
# Player 2: Player-1, 'Filippo', running on nosferatu
START Player-0 RandomPlayer
START Player-1 Filippo
BoardInit:Map,Map,Tile:7,Tile:7,Map,Bonus,Tile:9,Tile:9,Tile:6,Tile:8,Tile:0,Tile:14,Tile:0,Tile:12,Tile:1,Malus,Tile:5,Tile:10,Map,Tile:6,Malus,Tile:3,Tile:7,Tile:0,Tile:9,Tile:4,Tile:8,Destroy,Map,Tile:5,Tile:8,Tile:6,Destroy,Tile:0,Tile:10,Tile:8,Bonus,Tile:8,Tile:13,Destroy,Tile:7-Tile:2,Tile:11,Tile:6,Tile:15,Tile:9,Tile:10,Tile:9-Map,Tile:5,Tile:5,Tile:6,Bonus,Tile:7,Bonus-Tile:hidden1,Tile:hidden2,Tile:nugget
Drop 0 0 1
Drop 3 0 0
Map 12 3 1
Tile:5_flip 5 6 0
Drop 0 0 1
Tile:7 6 5 0
Drop 1 0 1
Drop 5 0 0
Drop 5 0 1
Tile:9 6 6 0
Tile:6 6 7 1
Tile:5_flip 7 7 0
Tile:9_flip 7 6 1
Tile:8 5 4 0
Tile:9 7 5 1
Map 12 7 0
Drop 6 0 1
Tile:14_flip 4 4 0
Tile:6 8 5 1
Tile:12_flip 5 7 0
Drop 6 0 1
Map 12 7 0
Malus 0 0 1
Bonus 0 0 0
Tile:0 9 5 1
Tile:3_flip 4 5 0
Tile:0 10 5 1
Drop 0 0 0
Tile:8 11 5 1
Destroy 7 7 0
Tile:5_flip 11 6 1
Tile:6_flip 11 4 0
Map 12 3 1
Tile:0 4 6 0
Tile:9 12 6 1
GAMEOVER WINNER 1
# Game ended: Sun Apr 26 16:35:03 EDT 2020
