# Server version 0.08 running on nosferatu:8123
# Game ID: 79
# Board class: Saboteur.SaboteurBoard
# Timeout: 20000
# First Move Timeout: 30000
# Date: Sun Apr 26 16:39:58 EDT 2020
# Player 1: Player-0, 'Filippo', running on nosferatu
# Player 2: Player-1, 'RandomPlayer', running on nosferatu
START Player-0 Filippo
START Player-1 RandomPlayer
BoardInit:Tile:10,Tile:8,Tile:5,Map,Tile:8,Tile:5,Map,Destroy,Tile:10,Tile:13,Tile:6,Tile:4,Tile:14,Tile:7,Tile:15,Tile:7,Tile:9,Bonus,Tile:6,Tile:5,Tile:6,Tile:7,Tile:8,Tile:11,Bonus,Tile:5,Tile:2,Tile:7,Tile:0,Tile:9,Tile:0,Malus,Map,Tile:8,Tile:8,Tile:0,Map,Bonus,Tile:9,Tile:1,Malus-Tile:9,Tile:9,Tile:0,Map,Bonus,Tile:7,Tile:12-Tile:6,Tile:3,Destroy,Map,Tile:10,Destroy,Tile:6-Tile:nugget,Tile:hidden2,Tile:hidden1
Tile:9_flip 5 6 1
Map 12 3 0
Tile:9 5 4 1
Drop 1 0 0
Tile:5 4 6 1
Drop 6 0 0
Drop 2 0 1
Destroy 5 6 0
Tile:0 6 4 1
Tile:6 7 4 0
Map 12 3 1
Drop 6 0 0
Tile:6 4 7 1
Drop 6 0 0
Tile:8 8 4 1
Tile:6 9 4 0
Map 12 7 1
Tile:8 9 3 0
Drop 0 0 1
Tile:5_flip 10 3 0
Tile:9 8 5 1
Tile:5 10 2 0
Tile:14_flip 5 3 1
Destroy 5 3 0
Drop 4 0 1
Drop 6 0 0
Tile:12_flip 3 7 1
Tile:7 11 2 0
Tile:10 9 2 1
Tile:7_flip 11 3 0
GAMEOVER WINNER 0
# Game ended: Sun Apr 26 16:40:01 EDT 2020
