# Server version 0.08 running on nosferatu:8123
# Game ID: 115
# Board class: Saboteur.SaboteurBoard
# Timeout: 20000
# First Move Timeout: 30000
# Date: Sun Apr 26 17:21:01 EDT 2020
# Player 1: Player-0, 'SaboteurAI', running on nosferatu
# Player 2: Player-1, 'RandomPlayer', running on nosferatu
START Player-0 SaboteurAI
START Player-1 RandomPlayer
BoardInit:Tile:1,Tile:0,Tile:7,Map,Tile:0,Tile:0,Map,Tile:4,Malus,Tile:12,Tile:13,Tile:6,Tile:8,Tile:9,Tile:8,Tile:7,Bonus,Map,Tile:9,Tile:11,Tile:7,Tile:15,Tile:6,Tile:9,Tile:10,Tile:6,Destroy,Tile:10,Bonus,Map,Tile:7,Map,Destroy,Tile:5,Tile:14,Tile:5,Tile:5,Tile:7,Tile:6,Tile:0,Destroy-Tile:8,Bonus,Tile:2,Tile:8,Tile:10,Tile:9,Malus-Tile:8,Tile:5,Tile:6,Bonus,Map,Tile:9,Tile:3-Tile:nugget,Tile:hidden2,Tile:hidden1
Tile:8 5 4 1
Map 12 3 0
Tile:9 5 3 1
Drop 5 0 0
Drop 1 0 1
Drop 6 0 0
Drop 2 0 1
Tile:8 6 3 0
Tile:8 6 4 1
Drop 6 0 0
Drop 4 0 1
Drop 6 0 0
Tile:1 4 4 1
Tile:6 7 3 0
Tile:7 7 2 1
Tile:0 8 3 0
Tile:13 6 5 1
Tile:0 9 3 0
Tile:8 7 5 1
Drop 6 0 0
Tile:9 6 6 1
Drop 6 0 0
Tile:8 3 4 1
Drop 6 0 0
Tile:7 7 4 1
Tile:6 10 3 0
Tile:6 8 5 1
Tile:6 11 3 0
GAMEOVER WINNER 0
# Game ended: Sun Apr 26 17:21:07 EDT 2020
