# Server version 0.08 running on nosferatu:8123
# Game ID: 124
# Board class: Saboteur.SaboteurBoard
# Timeout: 20000
# First Move Timeout: 30000
# Date: Sun Apr 26 17:22:24 EDT 2020
# Player 1: Player-0, 'SaboteurAI', running on nosferatu
# Player 2: Player-1, 'RandomPlayer', running on nosferatu
START Player-0 SaboteurAI
START Player-1 RandomPlayer
BoardInit:Map,Malus,Map,Bonus,Tile:5,Tile:5,Tile:6,Tile:6,Tile:1,Tile:0,Tile:9,Tile:10,Tile:3,Tile:10,Tile:9,Tile:15,Tile:11,Tile:9,Tile:6,Malus,Tile:7,Tile:14,Tile:8,Tile:5,Tile:0,Tile:8,Tile:0,Tile:9,Tile:4,Tile:7,Destroy,Map,Bonus,Tile:0,Map,Tile:8,Bonus,Tile:8,Tile:8,Tile:6,Map-Destroy,Tile:6,Tile:7,Bonus,Tile:7,Tile:7,Tile:12-Destroy,Tile:9,Tile:2,Tile:13,Tile:5,Tile:10,Map-Tile:hidden1,Tile:nugget,Tile:hidden2
Tile:7 6 5 1
Map 12 3 0
Tile:6_flip 4 5 1
Malus 0 0 0
Drop 1 0 1
Drop 2 0 0
Destroy 6 5 1
Drop 2 0 0
Drop 1 0 1
Destroy 4 5 0
Drop 3 0 1
Tile:6_flip 6 5 0
Drop 4 0 1
Tile:0 7 5 0
Map 12 7 1
Tile:9_flip 8 5 0
Drop 5 0 1
Drop 6 0 0
Drop 3 0 1
Tile:5 8 4 0
Drop 2 0 1
Malus 0 0 0
Drop 0 0 1
Drop 6 0 0
Drop 2 0 1
Tile:9_flip 9 4 0
Drop 0 0 1
Tile:10 9 5 0
Drop 5 0 1
Tile:10 9 6 0
Drop 0 0 1
Tile:8 9 7 0
Destroy 9 5 1
Drop 6 0 0
Drop 0 0 1
Tile:5_flip 10 7 0
Map 12 7 1
Tile:9 9 5 0
Bonus 0 0 1
Tile:0 10 5 0
Drop 4 0 1
Tile:8 11 5 0
GAMEOVER WINNER 0
# Game ended: Sun Apr 26 17:22:26 EDT 2020
