# Server version 0.08 running on nosferatu:8123
# Game ID: 27
# Board class: Saboteur.SaboteurBoard
# Timeout: 20000
# First Move Timeout: 30000
# Date: Sun Apr 26 16:31:47 EDT 2020
# Player 1: Player-0, 'Filippo', running on nosferatu
# Player 2: Player-1, 'RandomPlayer', running on nosferatu
START Player-0 Filippo
START Player-1 RandomPlayer
BoardInit:Tile:9,Destroy,Tile:8,Tile:7,Tile:0,Bonus,Malus,Tile:8,Tile:0,Tile:2,Tile:7,Tile:6,Tile:8,Tile:9,Tile:9,Destroy,Tile:10,Tile:4,Map,Tile:6,Tile:10,Tile:5,Tile:0,Map,Tile:8,Malus,Tile:7,Map,Tile:14,Tile:5,Tile:0,Map,Bonus,Tile:6,Tile:7,Map,Tile:6,Tile:6,Destroy,Tile:12,Tile:15-Bonus,Tile:5,Tile:8,Tile:10,Tile:5,Bonus,Tile:1-Tile:7,Tile:13,Tile:3,Tile:11,Map,Tile:9,Tile:9-Tile:nugget,Tile:hidden2,Tile:hidden1
Tile:5 4 5 1
Map 12 3 0
Tile:5_flip 4 6 1
Drop 1 0 0
Tile:9 5 6 1
Drop 1 0 0
Drop 3 0 1
Drop 1 0 0
Tile:1 3 6 1
Destroy 4 5 0
Drop 1 0 1
Drop 6 0 0
Drop 0 0 1
Tile:9 5 4 0
Tile:8 6 6 1
Tile:9 5 3 0
Tile:9_flip 7 6 1
Destroy 5 6 0
Tile:8 6 7 1
Drop 6 0 0
Tile:7 6 4 1
Tile:6 6 3 0
Tile:0 7 3 1
Tile:8 8 3 0
Tile:10 6 8 1
Drop 6 0 0
Tile:10 7 5 1
Malus 0 0 0
Drop 6 0 1
Drop 6 0 0
Drop 3 0 1
Tile:6 9 3 0
Map 12 7 1
Drop 6 0 0
Drop 4 0 1
Tile:6 10 3 0
Drop 3 0 1
Drop 6 0 0
Malus 0 0 1
Bonus 0 0 0
Drop 6 0 1
Tile:6 11 3 0
GAMEOVER WINNER 0
# Game ended: Sun Apr 26 16:31:53 EDT 2020
