# Server version 0.08 running on nosferatu:8123
# Game ID: 98
# Board class: Saboteur.SaboteurBoard
# Timeout: 20000
# First Move Timeout: 30000
# Date: Sun Apr 26 16:45:35 EDT 2020
# Player 1: Player-0, 'SaboteurAI', running on nosferatu
# Player 2: Player-1, 'RandomPlayer', running on nosferatu
START Player-0 SaboteurAI
START Player-1 RandomPlayer
BoardInit:Tile:7,Tile:8,Tile:15,Tile:0,Tile:8,Tile:2,Tile:6,Tile:8,Tile:6,Tile:6,Map,Tile:7,Bonus,Map,Tile:5,Destroy,Tile:5,Tile:13,Tile:10,Tile:3,Tile:9,Tile:5,Bonus,Tile:8,Malus,Tile:10,Tile:6,Tile:7,Tile:10,Map,Tile:7,Map,Tile:0,Tile:6,Tile:1,Bonus,Tile:9,Tile:9,Destroy,Tile:11,Bonus-Tile:12,Destroy,Map,Tile:9,Tile:9,Tile:0,Tile:7-Map,Malus,Tile:8,Tile:4,Tile:14,Tile:0,Tile:5-Tile:hidden2,Tile:nugget,Tile:hidden1
Tile:9_flip 6 5 1
Map 12 3 0
Tile:9_flip 5 4 1
Malus 0 0 0
Drop 6 0 1
Drop 1 0 0
Destroy 6 5 1
Drop 1 0 0
Map 12 5 1
Drop 5 0 0
Drop 4 0 1
Tile:8 6 5 0
Drop 4 0 1
Tile:0 7 5 0
Map 12 7 1
Drop 6 0 0
Drop 1 0 1
Tile:8 8 5 0
Drop 3 0 1
Drop 6 0 0
Drop 2 0 1
Drop 6 0 0
Drop 3 0 1
Tile:0 9 5 0
Drop 0 0 1
Tile:8 10 5 0
Drop 3 0 1
Tile:6 11 5 0
GAMEOVER WINNER 0
# Game ended: Sun Apr 26 16:45:36 EDT 2020
