# Server version 0.08 running on nosferatu:8123
# Game ID: 70
# Board class: Saboteur.SaboteurBoard
# Timeout: 20000
# First Move Timeout: 30000
# Date: Sun Apr 26 16:38:12 EDT 2020
# Player 1: Player-0, 'Filippo', running on nosferatu
# Player 2: Player-1, 'RandomPlayer', running on nosferatu
START Player-0 Filippo
START Player-1 RandomPlayer
BoardInit:Destroy,Tile:1,Tile:12,Map,Tile:4,Tile:10,Tile:7,Tile:7,Bonus,Tile:3,Tile:9,Tile:0,Tile:0,Tile:6,Map,Tile:6,Tile:6,Tile:2,Tile:9,Bonus,Map,Tile:6,Tile:7,Tile:9,Tile:5,Destroy,Tile:5,Malus,Tile:7,Tile:10,Bonus,Tile:8,Tile:8,Tile:14,Map,Tile:9,Tile:15,Tile:5,Tile:10,Map,Tile:8-Tile:13,Tile:7,Malus,Destroy,Map,Tile:0,Tile:8-Tile:9,Tile:0,Tile:5,Tile:6,Tile:11,Bonus,Tile:8-Tile:nugget,Tile:hidden2,Tile:hidden1
Drop 2 0 1
Drop 4 0 0
Drop 1 0 1
Drop 6 0 0
Tile:12 6 5 1
Map 12 3 0
Drop 5 0 1
Tile:9 5 4 0
Map 12 7 1
Tile:0 6 4 0
Drop 3 0 1
Drop 6 0 0
Drop 0 0 1
Tile:5_flip 7 4 0
Drop 2 0 1
Tile:6_flip 7 3 0
Tile:7_flip 4 5 1
Tile:8 8 3 0
Drop 1 0 1
Drop 6 0 0
Map 12 7 1
Tile:0 9 3 0
Tile:9 8 2 1
Tile:6 10 3 0
Tile:7 11 3 1
Tile:7_flip 11 4 0
Tile:5_flip 12 4 1
GAMEOVER WINNER 1
# Game ended: Sun Apr 26 16:38:13 EDT 2020
