# Server version 0.08 running on nosferatu:8123
# Game ID: 3
# Board class: Saboteur.SaboteurBoard
# Timeout: 20000
# First Move Timeout: 30000
# Date: Sun Apr 26 16:30:14 EDT 2020
# Player 1: Player-0, 'RandomPlayer', running on nosferatu
# Player 2: Player-1, 'Filippo', running on nosferatu
START Player-0 RandomPlayer
START Player-1 Filippo
BoardInit:Tile:7,Tile:5,Tile:10,Bonus,Tile:10,Map,Tile:5,Tile:6,Tile:3,Tile:9,Map,Tile:6,Tile:5,Tile:7,Bonus,Tile:11,Tile:9,Tile:13,Destroy,Tile:8,Destroy,Tile:14,Map,Destroy,Tile:12,Malus,Tile:7,Map,Tile:7,Tile:6,Tile:9,Tile:7,Tile:0,Tile:4,Tile:6,Tile:1,Tile:2,Tile:9,Tile:15,Bonus,Tile:8-Tile:0,Tile:8,Tile:9,Tile:8,Tile:8,Map,Tile:0-Bonus,Map,Tile:0,Malus,Tile:10,Tile:5,Tile:6-Tile:hidden2,Tile:hidden1,Tile:nugget
Map 12 3 1
Drop 2 0 0
Tile:8 4 5 1
Tile:6 3 5 0
Tile:0 6 5 1
Tile:10 4 4 0
Tile:8 7 5 1
Tile:5_flip 4 6 0
Tile:8 8 5 1
Tile:5 8 4 0
Drop 6 0 1
Tile:9 2 5 0
Drop 6 0 1
Map 12 5 0
Tile:0 9 5 1
Tile:6_flip 3 6 0
Tile:9_flip 10 5 1
Tile:11 2 6 0
Tile:7_flip 10 6 1
Tile:6_flip 11 6 0
Destroy 4 4 1
Malus 0 0 0
Bonus 0 0 1
Drop 5 0 0
Tile:5 2 4 1
Drop 3 0 0
Destroy 3 6 1
Tile:14 12 6 0
Tile:9 11 7 1
GAMEOVER WINNER 1
# Game ended: Sun Apr 26 16:30:18 EDT 2020
