# Server version 0.08 running on nosferatu:8123
# Game ID: 32
# Board class: Saboteur.SaboteurBoard
# Timeout: 20000
# First Move Timeout: 30000
# Date: Sun Apr 26 16:32:48 EDT 2020
# Player 1: Player-0, 'Filippo', running on nosferatu
# Player 2: Player-1, 'RandomPlayer', running on nosferatu
START Player-0 Filippo
START Player-1 RandomPlayer
BoardInit:Tile:5,Tile:9,Tile:0,Tile:0,Tile:0,Destroy,Destroy,Tile:10,Tile:6,Map,Tile:1,Tile:4,Bonus,Tile:8,Tile:9,Tile:10,Malus,Tile:7,Tile:6,Tile:5,Tile:11,Tile:7,Tile:13,Tile:7,Tile:8,Tile:10,Map,Map,Tile:9,Tile:0,Tile:5,Tile:6,Malus,Tile:6,Tile:8,Map,Tile:12,Tile:7,Tile:3,Tile:14,Bonus-Tile:7,Tile:9,Tile:2,Bonus,Map,Tile:9,Destroy-Map,Tile:8,Tile:6,Tile:15,Tile:5,Bonus,Tile:8-Tile:hidden1,Tile:nugget,Tile:hidden2
Tile:9 5 4 1
Map 12 3 0
Tile:9 4 5 1
Drop 2 0 0
Tile:7 6 4 1
Tile:8 6 5 0
Tile:5_flip 6 6 1
Tile:6 7 5 0
Destroy 6 4 1
Tile:8 8 5 0
Tile:6 5 6 1
Drop 6 0 0
Destroy 5 6 1
Drop 6 0 0
Tile:1 9 5 1
Destroy 9 5 0
Tile:9_flip 9 5 1
Tile:5 9 4 0
Drop 5 0 1
Tile:9_flip 10 4 0
Tile:6 5 6 1
Tile:7_flip 10 5 0
Tile:11 5 3 1
Tile:0 11 5 0
GAMEOVER WINNER 0
# Game ended: Sun Apr 26 16:32:49 EDT 2020
