# Server version 0.08 running on nosferatu:8123
# Game ID: 48
# Board class: Saboteur.SaboteurBoard
# Timeout: 20000
# First Move Timeout: 30000
# Date: Sun Apr 26 16:34:34 EDT 2020
# Player 1: Player-0, 'RandomPlayer', running on nosferatu
# Player 2: Player-1, 'Filippo', running on nosferatu
START Player-0 RandomPlayer
START Player-1 Filippo
BoardInit:Map,Tile:6,Tile:7,Tile:7,Tile:6,Map,Bonus,Tile:4,Tile:8,Destroy,Map,Tile:6,Tile:0,Tile:9,Tile:10,Tile:5,Tile:8,Tile:2,Tile:6,Tile:7,Bonus,Tile:9,Tile:8,Tile:9,Tile:8,Tile:6,Destroy,Tile:0,Malus,Tile:5,Tile:3,Destroy,Tile:10,Tile:15,Tile:5,Tile:10,Tile:14,Tile:8,Map,Tile:9,Tile:5-Tile:7,Tile:0,Tile:13,Tile:11,Tile:1,Tile:9,Tile:0-Bonus,Map,Tile:12,Malus,Bonus,Tile:7,Map-Tile:hidden1,Tile:hidden2,Tile:nugget
Drop 2 0 1
Map 12 3 0
Map 12 3 1
Tile:7 6 5 0
Drop 2 0 1
Tile:7_flip 5 6 0
Drop 2 0 1
Malus 0 0 0
Bonus 0 0 1
Map 12 7 0
Tile:9_flip 6 6 1
Tile:6_flip 4 5 0
Drop 6 0 1
Tile:4_flip 4 6 0
Tile:7_flip 6 7 1
Drop 2 0 0
Tile:0 7 7 1
Tile:12 8 7 0
Tile:6_flip 5 4 1
Drop 3 0 0
Tile:0 6 4 1
Tile:2 7 4 0
Tile:7_flip 4 4 1
Tile:7_flip 7 5 0
Tile:8 4 3 1
Drop 2 0 0
Tile:0 5 3 1
Map 12 3 0
Destroy 7 4 1
Tile:6_flip 8 5 0
Malus 0 0 1
Drop 1 0 0
Drop 6 0 1
Destroy 4 5 0
Tile:8 7 4 1
Drop 0 0 0
Tile:6 9 5 1
Drop 3 0 0
Drop 6 0 1
Drop 6 0 0
Drop 6 0 1
Drop 2 0 0
Tile:8 10 5 1
Drop 1 0 0
Tile:8 11 5 1
Drop 3 0 0
Tile:5_flip 12 6 1
Drop 0 0 0
Tile:5 7 3 1
Drop 2 0 0
Tile:10 10 6 1
Drop 0 0 0
Tile:10 10 7 1
Drop 0 0 0
Drop 0 0 1
GAMEOVER DRAW
# Game ended: Sun Apr 26 16:34:36 EDT 2020
