# Server version 0.08 running on nosferatu:8123
# Game ID: 151
# Board class: Saboteur.SaboteurBoard
# Timeout: 20000
# First Move Timeout: 30000
# Date: Sun Apr 26 23:26:45 EDT 2020
# Player 1: Player-0, 'RandomPlayer', running on nosferatu
# Player 2: Player-1, 'SaboteurAI', running on nosferatu
START Player-0 RandomPlayer
START Player-1 SaboteurAI
BoardInit:Tile:12,Bonus,Bonus,Tile:4,Tile:8,Tile:7,Map,Tile:14,Tile:7,Tile:11,Map,Tile:5,Bonus,Tile:7,Destroy,Tile:0,Tile:0,Tile:7,Map,Tile:15,Tile:3,Tile:9,Map,Tile:6,Map,Tile:0,Tile:8,Tile:10,Tile:2,Tile:8,Map,Tile:6,Tile:5,Tile:10,Tile:1,Tile:9,Destroy,Tile:6,Tile:0,Malus,Malus-Destroy,Tile:9,Tile:9,Tile:8,Bonus,Tile:10,Tile:9-Tile:13,Tile:5,Tile:6,Tile:7,Tile:8,Tile:6,Tile:5-Tile:nugget,Tile:hidden2,Tile:hidden1
Tile:9 4 5 1
Tile:5_flip 5 6 0
Drop 6 0 1
Tile:6_flip 6 5 0
Tile:8 7 5 1
Tile:6 7 6 0
Tile:8 8 5 1
Tile:13 8 6 0
Map 12 3 1
Tile:7_flip 6 6 0
Destroy 8 6 1
Tile:7 9 5 0
Drop 6 0 1
Tile:14 8 6 0
Tile:9 8 4 1
Tile:4 7 4 0
Destroy 6 5 1
Tile:8 4 6 0
Tile:10 5 4 1
Tile:11 9 6 0
Drop 6 0 1
Tile:7_flip 9 7 0
Drop 6 0 1
Drop 1 0 0
Drop 6 0 1
Tile:6_flip 6 5 0
Drop 6 0 1
Tile:5 8 3 0
Tile:0 9 3 1
Tile:0 10 6 0
Drop 6 0 1
Tile:9_flip 4 4 0
Drop 6 0 1
Tile:5 4 3 0
Tile:8 10 3 1
Tile:8 11 6 0
Drop 6 0 1
Tile:0 12 6 0
Destroy 6 5 1
Tile:10 10 2 0
Tile:9_flip 5 3 1
Tile:7 11 3 0
Malus 0 0 1
Malus 0 0 0
Bonus 0 0 1
Drop 3 0 0
Tile:5 5 2 1
Drop 0 0 0
Tile:7 6 2 1
Drop 2 0 0
Drop 1 0 1
Drop 0 0 0
Tile:0 10 7 1
Drop 0 0 0
Drop 0 0 1
GAMEOVER DRAW
# Game ended: Sun Apr 26 23:26:48 EDT 2020
