# Server version 0.08 running on nosferatu:8123
# Game ID: 61
# Board class: Saboteur.SaboteurBoard
# Timeout: 20000
# First Move Timeout: 30000
# Date: Sun Apr 26 16:37:42 EDT 2020
# Player 1: Player-0, 'RandomPlayer', running on nosferatu
# Player 2: Player-1, 'Filippo', running on nosferatu
START Player-0 RandomPlayer
START Player-1 Filippo
BoardInit:Tile:10,Tile:0,Tile:11,Tile:9,Tile:8,Malus,Tile:9,Tile:7,Tile:0,Tile:7,Map,Bonus,Tile:0,Bonus,Map,Tile:14,Tile:8,Map,Tile:12,Tile:6,Tile:13,Tile:10,Malus,Tile:7,Tile:8,Tile:9,Tile:6,Tile:15,Tile:5,Tile:7,Tile:3,Tile:0,Tile:1,Tile:6,Tile:6,Tile:10,Bonus,Map,Tile:5,Tile:5,Map-Tile:7,Tile:8,Destroy,Tile:9,Tile:2,Destroy,Tile:5-Destroy,Tile:6,Tile:9,Bonus,Tile:8,Map,Tile:4-Tile:hidden1,Tile:nugget,Tile:hidden2
Drop 4 0 1
Drop 3 0 0
Tile:8 4 5 1
Tile:4 5 4 0
Drop 6 0 1
Drop 2 0 0
Destroy 5 4 1
Drop 4 0 0
Destroy 4 5 1
Tile:9 5 6 0
Tile:8 6 5 1
Tile:6_flip 6 4 0
Map 12 3 1
Tile:7_flip 4 5 0
Tile:0 7 5 1
Tile:8 6 6 0
Drop 6 0 1
Destroy 4 5 0
Tile:0 8 5 1
Tile:14 5 7 0
Drop 6 0 1
Tile:6_flip 4 7 0
Drop 6 0 1
Tile:7_flip 4 8 0
Malus 0 0 1
Drop 3 0 0
Tile:8 9 5 1
Map 12 5 0
Tile:8 10 5 1
Drop 2 0 0
Tile:6 11 5 1
GAMEOVER WINNER 1
# Game ended: Sun Apr 26 16:37:43 EDT 2020
