# Server version 0.08 running on nosferatu:8123
# Game ID: 141
# Board class: Saboteur.SaboteurBoard
# Timeout: 20000
# First Move Timeout: 30000
# Date: Sun Apr 26 22:03:14 EDT 2020
# Player 1: Player-0, 'SaboteurAI', running on nosferatu
# Player 2: Player-1, 'RandomPlayer', running on nosferatu
START Player-0 SaboteurAI
START Player-1 RandomPlayer
BoardInit:Tile:7,Bonus,Bonus,Tile:5,Map,Tile:3,Tile:9,Destroy,Tile:9,Tile:9,Tile:1,Tile:5,Tile:6,Destroy,Tile:7,Tile:0,Destroy,Tile:7,Tile:0,Map,Tile:8,Tile:8,Tile:6,Tile:10,Bonus,Bonus,Map,Tile:9,Tile:6,Malus,Tile:0,Tile:7,Map,Tile:7,Tile:2,Tile:8,Map,Tile:9,Tile:8,Tile:14,Tile:12-Tile:5,Malus,Tile:6,Map,Tile:5,Tile:4,Tile:10-Tile:6,Tile:11,Tile:8,Tile:10,Tile:0,Tile:13,Tile:15-Tile:hidden1,Tile:hidden2,Tile:nugget
Tile:5 4 5 1
Drop 1 0 0
Malus 0 0 1
Bonus 0 0 0
Tile:5 5 4 1
Drop 4 0 0
Tile:7_flip 5 6 1
Drop 4 0 0
Map 12 7 1
Drop 5 0 0
Drop 1 0 1
Tile:6 6 5 0
Tile:9_flip 4 6 1
Destroy 4 5 0
Tile:9_flip 7 5 1
Destroy 5 4 0
Tile:6_flip 6 4 1
Tile:8 7 4 0
Tile:6_flip 6 6 1
Tile:0 8 4 0
Tile:7_flip 6 7 1
Map 12 3 0
Destroy 6 4 1
Tile:9_flip 9 4 0
Tile:8 5 4 1
Tile:7_flip 9 5 0
Tile:10 4 7 1
Tile:0 10 5 0
Drop 6 0 1
Tile:8 11 5 0
Drop 3 0 1
Tile:9_flip 12 4 0
Tile:1 4 4 1
Tile:10 4 8 0
Tile:0 13 5 1
Tile:5_flip 7 6 0
Tile:2_flip 11 3 1
Tile:7_flip 10 3 0
Tile:6 3 4 1
Tile:9 7 3 0
Tile:8 7 2 1
Tile:14_flip 11 4 0
Drop 0 0 1
Tile:5_flip 8 2 0
Tile:6_flip 3 6 1
Tile:8 7 1 0
Tile:12 8 3 1
Tile:7_flip 11 6 0
Map 12 7 1
Tile:10 10 2 0
Drop 0 0 1
Malus 0 0 0
Drop 0 0 1
Drop 0 0 0
Map 12 7 1
GAMEOVER DRAW
# Game ended: Sun Apr 26 22:03:16 EDT 2020
