# Server version 0.08 running on nosferatu:8123
# Game ID: 96
# Board class: Saboteur.SaboteurBoard
# Timeout: 20000
# First Move Timeout: 30000
# Date: Sun Apr 26 16:45:26 EDT 2020
# Player 1: Player-0, 'SaboteurAI', running on nosferatu
# Player 2: Player-1, 'RandomPlayer', running on nosferatu
START Player-0 SaboteurAI
START Player-1 RandomPlayer
BoardInit:Tile:9,Tile:9,Bonus,Tile:2,Tile:8,Map,Destroy,Map,Tile:0,Tile:10,Map,Tile:9,Tile:5,Tile:4,Tile:7,Malus,Tile:7,Tile:15,Map,Tile:11,Tile:0,Tile:8,Tile:9,Bonus,Tile:10,Tile:12,Tile:8,Malus,Tile:3,Bonus,Tile:10,Tile:7,Tile:1,Tile:7,Tile:0,Tile:6,Tile:5,Tile:5,Tile:6,Map,Tile:14-Tile:8,Bonus,Map,Tile:13,Tile:0,Tile:6,Tile:6-Tile:7,Tile:6,Destroy,Destroy,Tile:8,Tile:5,Tile:9-Tile:nugget,Tile:hidden2,Tile:hidden1
Tile:6 5 6 1
Tile:6 6 5 0
Drop 1 0 1
Destroy 5 6 0
Tile:9_flip 7 5 1
Drop 6 0 0
Tile:8 4 5 1
Map 12 3 0
Tile:6_flip 7 4 1
Drop 6 0 0
Destroy 6 5 1
Tile:7 8 4 0
Tile:13 6 5 1
Destroy 6 5 0
Map 12 7 1
Drop 6 0 0
Tile:0 3 5 1
Malus 0 0 0
Map 12 7 1
Drop 6 0 0
Drop 6 0 1
Drop 6 0 0
Drop 3 0 1
Tile:8 6 5 0
Drop 5 0 1
Tile:9 8 5 0
Drop 0 0 1
Drop 6 0 0
Drop 5 0 1
Malus 0 0 0
Drop 0 0 1
Tile:5_flip 9 5 0
Drop 6 0 1
Tile:9 9 4 0
Drop 3 0 1
Tile:9 9 3 0
Drop 3 0 1
Tile:8 10 3 0
Drop 6 0 1
Tile:6 11 3 0
GAMEOVER WINNER 0
# Game ended: Sun Apr 26 16:45:31 EDT 2020
