# Server version 0.08 running on nosferatu:8123
# Game ID: 154
# Board class: Saboteur.SaboteurBoard
# Timeout: 20000
# First Move Timeout: 30000
# Date: Sun Apr 26 23:26:54 EDT 2020
# Player 1: Player-0, 'SaboteurAI', running on nosferatu
# Player 2: Player-1, 'RandomPlayer', running on nosferatu
START Player-0 SaboteurAI
START Player-1 RandomPlayer
BoardInit:Bonus,Map,Tile:7,Tile:9,Map,Tile:9,Map,Tile:7,Tile:9,Tile:5,Tile:6,Malus,Tile:0,Tile:6,Tile:2,Tile:3,Tile:8,Destroy,Tile:14,Bonus,Tile:0,Tile:11,Tile:6,Tile:6,Tile:9,Tile:8,Tile:0,Tile:13,Tile:0,Tile:5,Map,Tile:9,Tile:7,Tile:15,Tile:7,Tile:4,Tile:6,Bonus,Tile:10,Tile:12,Tile:1-Tile:7,Tile:10,Destroy,Tile:8,Tile:10,Tile:5,Map-Bonus,Tile:5,Tile:8,Destroy,Malus,Map,Tile:8-Tile:hidden2,Tile:nugget,Tile:hidden1
Tile:7_flip 5 6 1
Malus 0 0 0
Drop 1 0 1
Map 12 3 0
Map 12 7 1
Drop 5 0 0
Drop 2 0 1
Tile:8 6 5 0
Map 12 3 1
Destroy 5 6 0
Drop 1 0 1
Tile:8 7 5 0
Drop 6 0 1
Malus 0 0 0
Map 12 5 1
Tile:6 8 5 0
Drop 1 0 1
Drop 6 0 0
Drop 3 0 1
Tile:5_flip 9 5 0
Drop 2 0 1
Tile:9 9 4 0
Drop 3 0 1
Drop 6 0 0
Drop 5 0 1
Tile:9_flip 10 4 0
Drop 0 0 1
Tile:7_flip 10 5 0
Drop 6 0 1
Tile:6 11 5 0
GAMEOVER WINNER 0
# Game ended: Sun Apr 26 23:26:56 EDT 2020
