# Server version 0.08 running on nosferatu:8123
# Game ID: 69
# Board class: Saboteur.SaboteurBoard
# Timeout: 20000
# First Move Timeout: 30000
# Date: Sun Apr 26 16:38:09 EDT 2020
# Player 1: Player-0, 'RandomPlayer', running on nosferatu
# Player 2: Player-1, 'Filippo', running on nosferatu
START Player-0 RandomPlayer
START Player-1 Filippo
BoardInit:Bonus,Tile:1,Tile:7,Tile:3,Tile:6,Destroy,Tile:9,Tile:9,Tile:8,Tile:10,Tile:10,Tile:9,Bonus,Tile:5,Bonus,Tile:7,Tile:0,Tile:8,Tile:11,Tile:12,Tile:5,Tile:4,Tile:0,Tile:8,Tile:15,Tile:10,Tile:6,Map,Tile:7,Map,Tile:9,Tile:5,Map,Malus,Tile:7,Tile:7,Tile:14,Map,Tile:2,Malus,Tile:5-Destroy,Bonus,Destroy,Tile:8,Tile:8,Tile:13,Map-Tile:0,Map,Tile:9,Tile:6,Tile:6,Tile:6,Tile:0-Tile:hidden2,Tile:hidden1,Tile:nugget
Map 12 3 1
Tile:6_flip 5 4 0
Drop 5 0 1
Map 12 3 0
Destroy 5 4 1
Tile:3 6 5 0
Destroy 6 5 1
Tile:0 4 5 0
Tile:8 6 5 1
Tile:6_flip 3 5 0
Tile:8 7 5 1
Tile:9_flip 5 4 0
Tile:6 8 5 1
Tile:10 5 6 0
Tile:8 9 5 1
Tile:9_flip 5 7 0
Tile:7 10 5 1
Tile:7_flip 4 7 0
Tile:9 10 6 1
Tile:0 11 6 0
Tile:0 12 6 1
Tile:1 4 4 0
Tile:11 7 4 1
Destroy 12 6 0
Drop 2 0 1
Tile:9_flip 9 6 0
Tile:0 12 6 1
Tile:8 3 6 0
Drop 0 0 1
Tile:10 3 7 0
Tile:15 5 3 1
Tile:6_flip 13 6 0
Tile:5_flip 9 7 1
Tile:4 6 4 0
Tile:7_flip 6 6 1
Tile:8 5 2 0
Tile:7 4 6 1
Tile:7_flip 2 6 0
Tile:6_flip 7 3 1
Map 12 5 0
Tile:9_flip 6 2 1
Tile:5_flip 13 7 0
GAMEOVER WINNER 0
# Game ended: Sun Apr 26 16:38:11 EDT 2020
