# Server version 0.08 running on nosferatu:8123
# Game ID: 15
# Board class: Saboteur.SaboteurBoard
# Timeout: 20000
# First Move Timeout: 30000
# Date: Sun Apr 26 16:30:53 EDT 2020
# Player 1: Player-0, 'RandomPlayer', running on nosferatu
# Player 2: Player-1, 'Filippo', running on nosferatu
START Player-0 RandomPlayer
START Player-1 Filippo
BoardInit:Tile:10,Tile:8,Tile:5,Destroy,Tile:8,Tile:13,Tile:12,Map,Tile:5,Tile:9,Bonus,Tile:8,Tile:5,Tile:6,Malus,Bonus,Tile:2,Malus,Tile:0,Tile:9,Tile:10,Tile:9,Tile:7,Tile:1,Tile:0,Destroy,Tile:7,Tile:10,Tile:14,Tile:8,Tile:0,Tile:6,Tile:8,Tile:9,Bonus,Tile:6,Tile:0,Map,Tile:3,Map,Tile:5-Tile:11,Tile:6,Destroy,Tile:15,Tile:6,Map,Map-Tile:9,Tile:7,Tile:4,Tile:7,Bonus,Tile:7,Map-Tile:hidden1,Tile:hidden2,Tile:nugget
Map 12 3 1
Tile:4 5 4 0
Drop 0 0 1
Tile:7_flip 5 6 0
Drop 2 0 1
Map 12 7 0
Drop 3 0 1
Destroy 5 6 0
Drop 6 0 1
Tile:7 6 5 0
Destroy 5 4 1
Tile:9 4 5 0
Tile:6 6 6 1
Map 12 3 0
Tile:6 7 6 1
Tile:6 4 6 0
Malus 0 0 1
Drop 6 0 0
Drop 6 0 1
Drop 2 0 0
Tile:5 7 5 1
Drop 4 0 0
Tile:8 8 5 1
Drop 5 0 0
Tile:0 9 5 1
Drop 0 0 0
Tile:0 10 5 1
Destroy 7 5 0
Tile:5 7 5 1
Drop 6 0 0
Drop 6 0 1
Drop 1 0 0
Tile:0 11 5 1
Drop 4 0 0
Tile:7 13 5 1
Drop 0 0 0
Tile:5_flip 13 6 1
Drop 4 0 0
Drop 1 0 1
Map 12 3 0
Tile:8 3 6 1
Drop 6 0 0
Tile:3_flip 12 6 1
Malus 0 0 0
Drop 3 0 1
Drop 3 0 0
Drop 2 0 1
Drop 0 0 0
Drop 3 0 1
Drop 2 0 0
Drop 2 0 1
Drop 0 0 0
Drop 1 0 1
Drop 0 0 0
Drop 0 0 1
GAMEOVER DRAW
# Game ended: Sun Apr 26 16:30:54 EDT 2020
