# Server version 0.08 running on nosferatu:8123
# Game ID: 142
# Board class: Saboteur.SaboteurBoard
# Timeout: 20000
# First Move Timeout: 30000
# Date: Sun Apr 26 22:03:17 EDT 2020
# Player 1: Player-0, 'RandomPlayer', running on nosferatu
# Player 2: Player-1, 'SaboteurAI', running on nosferatu
START Player-0 RandomPlayer
START Player-1 SaboteurAI
BoardInit:Destroy,Tile:5,Tile:8,Tile:3,Map,Tile:6,Tile:11,Destroy,Tile:10,Bonus,Map,Tile:10,Map,Map,Tile:14,Tile:6,Tile:7,Tile:5,Map,Bonus,Tile:5,Tile:2,Tile:5,Tile:9,Tile:8,Tile:6,Tile:0,Tile:7,Tile:0,Tile:0,Tile:1,Tile:8,Malus,Tile:0,Tile:6,Tile:7,Tile:8,Tile:9,Tile:4,Tile:8,Malus-Tile:9,Tile:6,Tile:7,Tile:15,Bonus,Map,Destroy-Tile:10,Tile:7,Tile:13,Bonus,Tile:9,Tile:12,Tile:9-Tile:nugget,Tile:hidden1,Tile:hidden2
Map 12 3 1
Tile:9 4 5 0
Drop 3 0 1
Tile:9 5 6 0
Tile:9 5 4 1
Tile:7 6 6 0
Drop 6 0 1
Tile:5_flip 4 6 0
Drop 6 0 1
Tile:6_flip 6 4 0
Destroy 4 5 1
Destroy 6 6 0
Drop 6 0 1
Drop 0 0 0
Drop 6 0 1
Tile:3 6 6 0
Drop 6 0 1
Tile:6_flip 7 4 0
Destroy 5 6 1
Tile:5 3 6 0
Drop 6 0 1
Tile:10 6 7 0
Tile:6 8 4 1
Drop 5 0 0
Tile:8 8 3 1
Tile:9 4 5 0
Tile:8 9 3 1
Tile:6 6 5 0
Tile:0 10 3 1
Drop 2 0 0
Tile:0 11 3 1
GAMEOVER WINNER 1
# Game ended: Sun Apr 26 22:03:19 EDT 2020
