# Server version 0.08 running on nosferatu:8123
# Game ID: 112
# Board class: Saboteur.SaboteurBoard
# Timeout: 20000
# First Move Timeout: 30000
# Date: Sun Apr 26 17:20:51 EDT 2020
# Player 1: Player-0, 'RandomPlayer', running on nosferatu
# Player 2: Player-1, 'SaboteurAI', running on nosferatu
START Player-0 RandomPlayer
START Player-1 SaboteurAI
BoardInit:Bonus,Tile:9,Tile:6,Tile:12,Tile:7,Tile:5,Tile:9,Tile:5,Bonus,Tile:6,Bonus,Tile:10,Malus,Map,Tile:9,Destroy,Tile:0,Tile:6,Destroy,Map,Tile:6,Tile:3,Tile:8,Tile:8,Tile:5,Tile:1,Tile:11,Tile:7,Tile:4,Tile:9,Tile:5,Map,Map,Tile:2,Tile:0,Tile:9,Destroy,Tile:8,Tile:7,Tile:0,Tile:14-Map,Tile:6,Map,Tile:13,Tile:15,Bonus,Tile:10-Tile:7,Malus,Tile:8,Tile:0,Tile:7,Tile:8,Tile:10-Tile:nugget,Tile:hidden1,Tile:hidden2
Map 12 3 1
Drop 3 0 0
Drop 1 0 1
Tile:7 6 5 0
Drop 1 0 1
Drop 4 0 0
Drop 1 0 1
Tile:9_flip 5 6 0
Tile:6_flip 5 4 1
Tile:5 4 4 0
Tile:6 6 4 1
Tile:8 4 6 0
Tile:9 6 3 1
Tile:7_flip 3 6 0
Malus 0 0 1
Map 12 5 0
Tile:7 7 3 1
Destroy 7 3 0
Tile:0 7 3 1
Drop 3 0 0
Destroy 5 6 1
Drop 6 0 0
Tile:6 8 3 1
Drop 3 0 0
Tile:8 9 3 1
Drop 5 0 0
Tile:9_flip 10 3 1
Drop 0 0 0
Drop 6 0 1
Drop 5 0 0
Drop 6 0 1
Drop 0 0 0
Tile:5 10 2 1
Map 12 3 0
Drop 6 0 1
Drop 3 0 0
Tile:0 11 2 1
Drop 3 0 0
Destroy 4 4 1
Drop 6 0 0
Tile:7 12 2 1
GAMEOVER WINNER 1
# Game ended: Sun Apr 26 17:20:53 EDT 2020
