# Server version 0.08 running on nosferatu:8123
# Game ID: 16
# Board class: Saboteur.SaboteurBoard
# Timeout: 20000
# First Move Timeout: 30000
# Date: Sun Apr 26 16:31:08 EDT 2020
# Player 1: Player-0, 'RandomPlayer', running on nosferatu
# Player 2: Player-1, 'Filippo', running on nosferatu
START Player-0 RandomPlayer
START Player-1 Filippo
BoardInit:Tile:6,Tile:9,Tile:6,Tile:7,Malus,Tile:3,Tile:12,Map,Tile:8,Tile:0,Tile:0,Tile:0,Tile:7,Bonus,Map,Tile:4,Tile:5,Malus,Tile:9,Tile:8,Tile:6,Tile:9,Tile:6,Map,Tile:8,Tile:15,Map,Tile:7,Tile:10,Tile:5,Tile:13,Tile:8,Tile:14,Map,Tile:8,Tile:7,Tile:6,Bonus,Destroy,Map,Destroy-Destroy,Bonus,Tile:9,Tile:2,Tile:10,Tile:11,Tile:5-Tile:9,Bonus,Tile:10,Tile:0,Tile:5,Tile:1,Tile:7-Tile:hidden2,Tile:hidden1,Tile:nugget
Drop 3 0 1
Tile:10 5 6 0
Drop 4 0 1
Tile:7_flip 5 7 0
Destroy 5 6 1
Tile:9 5 6 0
Malus 0 0 1
Drop 3 0 0
Drop 6 0 1
Map 12 5 0
Tile:6 6 5 1
Bonus 0 0 0
Tile:6 7 5 1
Tile:9_flip 6 4 0
Tile:8 8 5 1
Tile:7 6 7 0
Map 12 3 1
Tile:0 9 5 0
Tile:0 10 5 1
Tile:3 11 5 0
Tile:9 8 4 1
Tile:5_flip 9 4 0
Tile:10 8 6 1
Tile:9 4 5 0
Tile:7_flip 8 7 1
Tile:0 6 6 0
Tile:6 9 7 1
Tile:0 10 7 0
Tile:6 11 7 1
GAMEOVER WINNER 1
# Game ended: Sun Apr 26 16:31:10 EDT 2020
